[ns_server:info,2025-05-15T18:46:40.323Z,babysitter_of_ns_1@cb.local:<0.114.0>:ns_babysitter:init_logging:113]Brought up babysitter logging
[ns_server:info,2025-05-15T18:46:40.326Z,babysitter_of_ns_1@cb.local:<0.114.0>:ns_babysitter:log_pending:78]Static config terms:
[{error_logger_mf_dir,"/opt/couchbase/var/lib/couchbase/logs"},
 {path_config_bindir,"/opt/couchbase/bin"},
 {path_config_etcdir,"/opt/couchbase/etc/couchbase"},
 {path_config_libdir,"/opt/couchbase/lib"},
 {path_config_datadir,"/opt/couchbase/var/lib/couchbase"},
 {path_config_tmpdir,"/opt/couchbase/var/lib/couchbase/tmp"},
 {path_config_secdir,"/opt/couchbase/etc/security"},
 {nodefile,"/opt/couchbase/var/lib/couchbase/couchbase-server.node"},
 {loglevel_default,debug},
 {loglevel_couchdb,info},
 {loglevel_ns_server,debug},
 {loglevel_error_logger,debug},
 {loglevel_user,debug},
 {loglevel_menelaus,debug},
 {loglevel_ns_doctor,debug},
 {loglevel_stats,debug},
 {loglevel_rebalance,debug},
 {loglevel_cluster,debug},
 {loglevel_views,debug},
 {loglevel_mapreduce_errors,debug},
 {loglevel_xdcr,debug},
 {loglevel_access,info},
 {loglevel_cbas,debug},
 {disk_sink_opts,
     [{rotation,
          [{compress,true},
           {size,41943040},
           {num_files,10},
           {buffer_size_max,52428800}]}]},
 {disk_sink_opts_disk_json_rpc,
     [{rotation,
          [{compress,true},
           {size,41943040},
           {num_files,2},
           {buffer_size_max,52428800}]}]},
 {disk_sink_opts_disk_tls_key_log,
     [{rotation,
          [{compress,true},
           {size,10485760},
           {num_files,1},
           {buffer_size_max,13107200}]}]},
 {net_kernel_verbosity,10}]
[ns_server:info,2025-05-15T18:46:40.330Z,babysitter_of_ns_1@cb.local:sigar<0.123.0>:sigar:spawn_sigar:134]Spawning sigar process 'portsigar for babysitter_of_ns_1@cb.local'("/opt/couchbase/bin/sigar_port") with babysitter pid: 41 and log file "/opt/couchbase/var/lib/couchbase/logs/sigar_port.log"
[ns_server:info,2025-05-15T18:46:40.358Z,babysitter_of_ns_1@cb.local:<0.114.0>:ns_babysitter:determine_cpu_num:261]CGroup CPU count is 10 (1000%)
[ns_server:info,2025-05-15T18:46:40.358Z,babysitter_of_ns_1@cb.local:<0.114.0>:ns_babysitter:maybe_adjust_online_schedulers:277]Adjusting the number of schdulers online: 10 -> 10 (total number of schedulers: 10)
[ns_server:debug,2025-05-15T18:46:40.360Z,babysitter_of_ns_1@cb.local:<0.114.0>:dist_manager:configure_net_kernel:302]Set net_kernel vebosity to 10 -> 0
[ns_server:info,2025-05-15T18:46:40.363Z,babysitter_of_ns_1@cb.local:<0.114.0>:ns_babysitter:start:61]babysitter cookie: {sanitized,<<"seXmRriw0DaiYCK9SgZuyvjFxv6N4VVN/3xORKInc80=">>}

[ns_server:info,2025-05-15T18:46:40.367Z,babysitter_of_ns_1@cb.local:ns_babysitter_log<0.126.0>:ns_babysitter_log:init:57]babysitter_log path: /opt/couchbase/var/lib/couchbase/logs/babysitter_log_v2.bin
[ns_server:warn,2025-05-15T18:46:40.368Z,babysitter_of_ns_1@cb.local:ns_babysitter_log<0.126.0>:ns_babysitter_log:read_log:150]Couldn't load babysitter_log from /opt/couchbase/var/lib/couchbase/logs/babysitter_log_v2.bin (perhaps it's first startup): {error,
                                                                                                                             enoent}
[error_logger:info,2025-05-15T18:46:40.369Z,babysitter_of_ns_1@cb.local:ns_babysitter_sup<0.125.0>:ale_error_logger_handler:do_log:101]
=========================PROGRESS REPORT=========================
    supervisor: {local,ns_babysitter_sup}
    started: [{pid,<0.126.0>},
              {id,ns_babysitter_log},
              {mfargs,{ns_babysitter_log,start_link,[]}},
              {restart_type,permanent},
              {significant,false},
              {shutdown,1000},
              {child_type,worker}]

[ns_server:debug,2025-05-15T18:46:40.371Z,babysitter_of_ns_1@cb.local:cb_gosecrets_runner<0.127.0>:cb_gosecrets_runner:save_config:196]Writing /opt/couchbase/var/lib/couchbase/config/gosecrets.cfg:
{[{encryptionService,
      {[{keyStorageType,file},
        {keyStorageSettings,
            {[{path,
                  <<"/opt/couchbase/var/lib/couchbase/config/encrypted_data_keys">>},
              {encryptWithPassword,true},
              {passwordSource,env},
              {passwordSettings,
                  {[{envName,<<"CB_MASTER_PASSWORD">>}]}}]}}]}}]}
[ns_server:debug,2025-05-15T18:46:40.374Z,babysitter_of_ns_1@cb.local:<0.128.0>:cb_gosecrets_runner:start_gosecrets:338]Starting "/opt/couchbase/bin/gosecrets" with args: ["--config","/opt/couchbase/var/lib/couchbase/config/gosecrets.cfg"]
[ns_server:debug,2025-05-15T18:46:40.375Z,babysitter_of_ns_1@cb.local:cb_gosecrets_runner<0.127.0>:cb_gosecrets_runner:start_gosecrets:346]Gosecrets loop started with pid = <0.128.0>
[ns_server:debug,2025-05-15T18:46:40.379Z,babysitter_of_ns_1@cb.local:<0.128.0>:cb_gosecrets_runner:handle_gosecrets_log:388]gosecrets: parsing config: 
{"encryptionService":{"keyStorageType":"file","keyStorageSettings":{"path":"/opt/couchbase/var/lib/couchbase/config/encrypted_data_keys","encryptWithPassword":true,"passwordSource":"env","passwordSettings":{"envName":"CB_MASTER_PASSWORD"}}}}
[ns_server:debug,2025-05-15T18:46:40.381Z,babysitter_of_ns_1@cb.local:<0.128.0>:cb_gosecrets_runner:handle_gosecrets_log:388]gosecrets: file /opt/couchbase/var/lib/couchbase/config/encrypted_data_keys does not exist
[ns_server:debug,2025-05-15T18:46:40.381Z,babysitter_of_ns_1@cb.local:<0.128.0>:cb_gosecrets_runner:handle_gosecrets_log:388]gosecrets: Generating secret
[ns_server:debug,2025-05-15T18:46:40.381Z,babysitter_of_ns_1@cb.local:<0.128.0>:cb_gosecrets_runner:handle_gosecrets_log:388]gosecrets: using tmp file /opt/couchbase/var/lib/couchbase/config/encrypted_data_keys-3334240431.tmp when writing to /opt/couchbase/var/lib/couchbase/config/encrypted_data_keys
[ns_server:info,2025-05-15T18:46:40.383Z,babysitter_of_ns_1@cb.local:cb_gosecrets_runner<0.127.0>:cb_gosecrets_runner:call_init:243]Init complete. Password (if used) accepted.
[error_logger:info,2025-05-15T18:46:40.383Z,babysitter_of_ns_1@cb.local:ns_babysitter_sup<0.125.0>:ale_error_logger_handler:do_log:101]
=========================PROGRESS REPORT=========================
    supervisor: {local,ns_babysitter_sup}
    started: [{pid,<0.127.0>},
              {id,cb_gosecrets_runner},
              {mfargs,{cb_gosecrets_runner,start_link,[]}},
              {restart_type,permanent},
              {significant,false},
              {shutdown,1000},
              {child_type,worker}]

[ns_server:debug,2025-05-15T18:46:40.422Z,babysitter_of_ns_1@cb.local:<0.131.0>:supervisor_cushion:init:39]Starting supervisor cushion for ns_server with delay of 5000
[ns_server:debug,2025-05-15T18:46:40.425Z,babysitter_of_ns_1@cb.local:<0.130.0>:restartable:start_child:92]Started child process <0.131.0>
  MFA: {supervisor_cushion,start_link,
                           [ns_server,5000,infinity,ns_port_server,start_link,
                            [#Fun<ns_child_ports_sup.2.17249174>]]}
[error_logger:info,2025-05-15T18:46:40.425Z,babysitter_of_ns_1@cb.local:child_ns_server_sup<0.129.0>:ale_error_logger_handler:do_log:101]
=========================PROGRESS REPORT=========================
    supervisor: {local,child_ns_server_sup}
    started: [{pid,<0.130.0>},
              {id,{ns_server,"/opt/couchbase/lib/erlang/bin/erl",
                      ["+A","16","-smp","enable","+sbt","u","+P","327680",
                       "+K","true","+swt","low","+sbwt","none","+MMmcs","30",
                       "+e102400","-setcookie","nocookie","-kernel","logger",
                       "[{handler, default, undefined}]","-kernel",
                       "prevent_overlapping_partitions","false","-user",
                       "user_io","-run","child_erlang","child_start",
                       "ns_bootstrap","--","-smp","enable","-kernel","logger",
                       "[{handler, default, undefined}]","inetrc",
                       "\"/opt/couchbase/etc/couchbase/hosts.cfg\"",
                       "dist_config_file",
                       "\"/opt/couchbase/var/lib/couchbase/config/dist_cfg\"",
                       [...]|...],
                      [{env,
                           [{"NS_SERVER_BABYSITTER_PID","41"},
                            {"CHILD_ERLANG_ENV_ARGS",
                             "[{ns_babysitter,[{pidfile,[]}]},\n {ns_server,\n     [{path_config_tmpdir,\"/opt/couchbase/var/lib/couchbase/tmp\"},\n      {path_config_datadir,\"/opt/couchbase/var/lib/couchbase\"},\n      {nodefile,\"/opt/couchbase/var/lib/couchbase/couchbase-server.node\"},\n      {loglevel_cbas,debug},\n      {loglevel_ns_doctor,debug},\n      {net_kernel_verbosity,10},\n      {max_t,10},\n      {disk_sink_opts,\n          [{rotation,\n               [{compress,true},\n                {size,41943040},\n                {num_files,10},\n                {buffer_size_max,52428800}]}]},\n      {loglevel_access,info},\n      {loglevel_default,debug},\n      {loglevel_stats,debug},\n      {max_r,20},\n      {path_config_secdir,\"/opt/couchbase/etc/security\"},\n      {disk_sink_opts_disk_json_rpc,\n          [{rotation,\n               [{compress,true},\n                {size,41943040},\n                {num_files,2},\n                {buffer_size_max,52428800}]}]},\n      {loglevel_xdcr,debug},\n      {loglevel_couchdb,info},\n      {loglevel_menelaus,debug},\n      {path_config_libdir,\"/opt/couchbase/lib\"},\n      {loglevel_error_logger,debug},\n      {disk_sink_opts_disk_tls_key_log,\n          [{rotation,\n               [{compress,true},\n                {size,10485760},\n                {num_files,1},\n                {buffer_size_max,13107200}]}]},\n      {loglevel_cluster,debug},\n      {loglevel_rebalance,debug},\n      {path_config_bindir,\"/opt/couchbase/bin\"},\n      {error_logger_mf_dir,\"/opt/couchbase/var/lib/couchbase/logs\"},\n      {loglevel_ns_server,debug},\n      {loglevel_views,debug},\n      {config_path,\"/opt/couchbase/etc/couchbase/static_config\"},\n      {loglevel_user,debug},\n      {path_config_etcdir,\"/opt/couchbase/etc/couchbase\"},\n      {loglevel_mapreduce_errors,debug}]}]"},
                            {"ERL_CRASH_DUMP",
                             "erl_crash.dump.1747334798.41.ns_server"}]},
                       exit_status,use_stdio,stream,eof,
                       {write_data,#Fun<child_erlang.0.97961243>}]}},
              {mfargs,
                  {restartable,start_link,
                      [{supervisor_cushion,start_link,
                           [ns_server,5000,infinity,ns_port_server,start_link,
                            [#Fun<ns_child_ports_sup.2.17249174>]]},
                       86400000]}},
              {restart_type,permanent},
              {significant,false},
              {shutdown,infinity},
              {child_type,worker}]

[error_logger:info,2025-05-15T18:46:40.425Z,babysitter_of_ns_1@cb.local:ns_babysitter_sup<0.125.0>:ale_error_logger_handler:do_log:101]
=========================PROGRESS REPORT=========================
    supervisor: {local,ns_babysitter_sup}
    started: [{pid,<0.129.0>},
              {id,child_ns_server_sup},
              {mfargs,{child_ns_server_sup,start_link,[]}},
              {restart_type,permanent},
              {significant,false},
              {shutdown,infinity},
              {child_type,supervisor}]

[error_logger:info,2025-05-15T18:46:40.425Z,babysitter_of_ns_1@cb.local:ns_babysitter_sup<0.125.0>:ale_error_logger_handler:do_log:101]
=========================PROGRESS REPORT=========================
    supervisor: {local,ns_babysitter_sup}
    started: [{pid,<0.133.0>},
              {id,ns_child_ports_sup},
              {mfargs,{ns_child_ports_sup,start_link,[]}},
              {restart_type,permanent},
              {significant,false},
              {shutdown,infinity},
              {child_type,supervisor}]

[error_logger:info,2025-05-15T18:46:40.427Z,babysitter_of_ns_1@cb.local:ns_babysitter_sup<0.125.0>:ale_error_logger_handler:do_log:101]
=========================PROGRESS REPORT=========================
    supervisor: {local,ns_babysitter_sup}
    started: [{pid,<0.134.0>},
              {id,ns_ports_manager},
              {mfargs,{ns_ports_manager,start_link,[]}},
              {restart_type,permanent},
              {significant,false},
              {shutdown,1000},
              {child_type,worker}]

[error_logger:info,2025-05-15T18:46:40.427Z,babysitter_of_ns_1@cb.local:application_controller<0.44.0>:ale_error_logger_handler:do_log:101]
=========================PROGRESS REPORT=========================
    application: ns_babysitter
    started_at: 'babysitter_of_ns_1@cb.local'

[ns_server:info,2025-05-15T18:46:40.427Z,babysitter_of_ns_1@cb.local:<0.9.0>:ns_babysitter_bootstrap:start:24]41: babysitter has started
[ns_server:debug,2025-05-15T18:46:45.313Z,babysitter_of_ns_1@cb.local:cb_dist<0.68.0>:cb_dist:info_msg:1098]cb_dist: Accepted new connection from <0.72.0> DistCtrl #Port<0.9>: {con,
                                                                     #Ref<0.1536363941.3114008578.3768>,
                                                                     inet_tcp_dist,
                                                                     undefined,
                                                                     undefined}
[ns_server:debug,2025-05-15T18:46:45.314Z,babysitter_of_ns_1@cb.local:net_kernel<0.70.0>:cb_dist:info_msg:1098]cb_dist: Accepting connection from <0.72.0> using module inet_tcp_dist
[ns_server:debug,2025-05-15T18:46:45.339Z,babysitter_of_ns_1@cb.local:cb_dist<0.68.0>:cb_dist:info_msg:1098]cb_dist: Updated connection: {con,#Ref<0.1536363941.3114008578.3768>,
                                  inet_tcp_dist,<0.135.0>,
                                  #Ref<0.1536363941.3114008578.3772>}
[ns_server:info,2025-05-15T18:46:49.292Z,babysitter_of_ns_1@cb.local:<0.132.0>:ns_port_server:log:226]ns_server<0.132.0>: working as port

[ns_server:debug,2025-05-15T18:46:49.541Z,babysitter_of_ns_1@cb.local:ns_ports_manager<0.134.0>:ns_ports_manager:handle_call:85]New list of children is received: [memcached,saslauthd_port,goxdcr]
[ns_server:info,2025-05-15T18:46:49.541Z,babysitter_of_ns_1@cb.local:ns_ports_manager<0.134.0>:ns_child_ports_sup:launch_port:66]supervising port: {memcached,"/opt/couchbase/bin/memcached",
                             ["-C",
                              "/opt/couchbase/var/lib/couchbase/config/memcached.json"],
                             [{env,[{"EVENT_NOSELECT","1"},
                                    {"CBSASL_PWFILE",
                                     "/opt/couchbase/var/lib/couchbase/isasl.pw"}]},
                              use_stdio,stderr_to_stdout,exit_status,
                              port_server_dont_start,stream]}
[ns_server:debug,2025-05-15T18:46:49.541Z,babysitter_of_ns_1@cb.local:<0.138.0>:supervisor_cushion:init:39]Starting supervisor cushion for memcached with delay of 5000
[ns_server:debug,2025-05-15T18:46:49.541Z,babysitter_of_ns_1@cb.local:<0.137.0>:restartable:start_child:92]Started child process <0.138.0>
  MFA: {supervisor_cushion,start_link,
                           [memcached,5000,infinity,ns_port_server,start_link,
                            [#Fun<ns_child_ports_sup.2.17249174>]]}
[error_logger:info,2025-05-15T18:46:49.542Z,babysitter_of_ns_1@cb.local:ns_child_ports_sup<0.133.0>:ale_error_logger_handler:do_log:101]
=========================PROGRESS REPORT=========================
    supervisor: {local,ns_child_ports_sup}
    started: [{pid,<0.137.0>},
              {id,{memcached,"/opt/couchbase/bin/memcached",
                      ["-C",
                       "/opt/couchbase/var/lib/couchbase/config/memcached.json"],
                      [{env,
                           [{"EVENT_NOSELECT","1"},
                            {"CBSASL_PWFILE",
                             "/opt/couchbase/var/lib/couchbase/isasl.pw"}]},
                       use_stdio,stderr_to_stdout,exit_status,
                       port_server_dont_start,stream]}},
              {mfargs,
                  {restartable,start_link,
                      [{supervisor_cushion,start_link,
                           [memcached,5000,infinity,ns_port_server,start_link,
                            [#Fun<ns_child_ports_sup.2.17249174>]]},
                       86400000]}},
              {restart_type,permanent},
              {significant,false},
              {shutdown,infinity},
              {child_type,worker}]

[ns_server:info,2025-05-15T18:46:49.542Z,babysitter_of_ns_1@cb.local:ns_ports_manager<0.134.0>:ns_child_ports_sup:launch_port:66]supervising port: {saslauthd_port,"/opt/couchbase/bin/saslauthd-port",[],
                      [use_stdio,exit_status,stderr_to_stdout,
                       {env,
                           [{"GOTRACEBACK","single"},
                            {"GOMAXPROCS","10"},
                            {"CBAUTH_REVRPC_URL",
                             {dynamic,
                                 {ns_ports_setup,
                                     remote_build_cbauth_revrpc_url,
                                     [saslauthd]}}}]}]}
[ns_server:debug,2025-05-15T18:46:49.542Z,babysitter_of_ns_1@cb.local:<0.141.0>:supervisor_cushion:init:39]Starting supervisor cushion for saslauthd_port with delay of 5000
[ns_server:debug,2025-05-15T18:46:49.554Z,babysitter_of_ns_1@cb.local:<0.140.0>:restartable:start_child:92]Started child process <0.141.0>
  MFA: {supervisor_cushion,start_link,
                           [saslauthd_port,5000,infinity,ns_port_server,
                            start_link,
                            [#Fun<ns_child_ports_sup.2.17249174>]]}
[error_logger:info,2025-05-15T18:46:49.555Z,babysitter_of_ns_1@cb.local:ns_child_ports_sup<0.133.0>:ale_error_logger_handler:do_log:101]
=========================PROGRESS REPORT=========================
    supervisor: {local,ns_child_ports_sup}
    started: [{pid,<0.140.0>},
              {id,{saslauthd_port,"/opt/couchbase/bin/saslauthd-port",[],
                      [use_stdio,exit_status,stderr_to_stdout,
                       {env,
                           [{"GOTRACEBACK","single"},
                            {"GOMAXPROCS","10"},
                            {"CBAUTH_REVRPC_URL",
                             {dynamic,
                                 {ns_ports_setup,
                                     remote_build_cbauth_revrpc_url,
                                     [saslauthd]}}}]}]}},
              {mfargs,
                  {restartable,start_link,
                      [{supervisor_cushion,start_link,
                           [saslauthd_port,5000,infinity,ns_port_server,
                            start_link,
                            [#Fun<ns_child_ports_sup.2.17249174>]]},
                       86400000]}},
              {restart_type,permanent},
              {significant,false},
              {shutdown,infinity},
              {child_type,worker}]

[ns_server:info,2025-05-15T18:46:49.555Z,babysitter_of_ns_1@cb.local:ns_ports_manager<0.134.0>:ns_child_ports_sup:launch_port:66]supervising port: {goxdcr,"/opt/couchbase/bin/goxdcr",
                      ["-sourceKVAdminPort=8091","-xdcrRestPort=9998",
                       "-isEnterprise=true","-ipv4=required","-ipv6=optional",
                       "-caFile=/opt/couchbase/var/lib/couchbase/config/certs/ca.pem",
                       "-clientCertFile=/opt/couchbase/var/lib/couchbase/config/certs/client_chain.pem",
                       "-clientKeyFile=/opt/couchbase/var/lib/couchbase/config/certs/client_pkey.pem"],
                      [via_goport,exit_status,stderr_to_stdout,
                       {env,
                           [{"GOTRACEBACK","single"},
                            {"GOMAXPROCS","10"},
                            {"CBAUTH_REVRPC_URL",
                             {dynamic,
                                 {ns_ports_setup,
                                     remote_build_cbauth_revrpc_url,
                                     [goxdcr]}}}]},
                       {log,"goxdcr.log"}]}
[ns_server:debug,2025-05-15T18:46:49.555Z,babysitter_of_ns_1@cb.local:<0.144.0>:supervisor_cushion:init:39]Starting supervisor cushion for goxdcr with delay of 5000
[error_logger:info,2025-05-15T18:46:49.558Z,babysitter_of_ns_1@cb.local:ale_dynamic_sup<0.95.0>:ale_error_logger_handler:do_log:101]
=========================PROGRESS REPORT=========================
    supervisor: {local,ale_dynamic_sup}
    started: [{pid,<0.146.0>},
              {id,'sink-goxdcr'},
              {mfargs,
                  {ale_dynamic_sup,delay_death,
                      [{ale_disk_sink,start_link,
                           ['sink-goxdcr',
                            "/opt/couchbase/var/lib/couchbase/logs/goxdcr.log",
                            [{rotation,
                                 [{compress,true},
                                  {size,41943040},
                                  {num_files,10},
                                  {buffer_size_max,52428800}]}]]},
                       1000]}},
              {restart_type,permanent},
              {significant,false},
              {shutdown,5000},
              {child_type,worker}]

[ns_server:debug,2025-05-15T18:46:49.705Z,babysitter_of_ns_1@cb.local:<0.143.0>:restartable:start_child:92]Started child process <0.144.0>
  MFA: {supervisor_cushion,start_link,
                           [goxdcr,5000,infinity,ns_port_server,start_link,
                            [#Fun<ns_child_ports_sup.2.17249174>]]}
[error_logger:info,2025-05-15T18:46:49.706Z,babysitter_of_ns_1@cb.local:ns_child_ports_sup<0.133.0>:ale_error_logger_handler:do_log:101]
=========================PROGRESS REPORT=========================
    supervisor: {local,ns_child_ports_sup}
    started: [{pid,<0.143.0>},
              {id,{goxdcr,"/opt/couchbase/bin/goxdcr",
                      ["-sourceKVAdminPort=8091","-xdcrRestPort=9998",
                       "-isEnterprise=true","-ipv4=required","-ipv6=optional",
                       "-caFile=/opt/couchbase/var/lib/couchbase/config/certs/ca.pem",
                       "-clientCertFile=/opt/couchbase/var/lib/couchbase/config/certs/client_chain.pem",
                       "-clientKeyFile=/opt/couchbase/var/lib/couchbase/config/certs/client_pkey.pem"],
                      [via_goport,exit_status,stderr_to_stdout,
                       {env,
                           [{"GOTRACEBACK","single"},
                            {"GOMAXPROCS","10"},
                            {"CBAUTH_REVRPC_URL",
                             {dynamic,
                                 {ns_ports_setup,
                                     remote_build_cbauth_revrpc_url,
                                     [goxdcr]}}}]},
                       {log,"goxdcr.log"}]}},
              {mfargs,
                  {restartable,start_link,
                      [{supervisor_cushion,start_link,
                           [goxdcr,5000,infinity,ns_port_server,start_link,
                            [#Fun<ns_child_ports_sup.2.17249174>]]},
                       86400000]}},
              {restart_type,permanent},
              {significant,false},
              {shutdown,infinity},
              {child_type,worker}]

[ns_server:info,2025-05-15T18:46:50.075Z,babysitter_of_ns_1@cb.local:<0.132.0>:ns_port_server:log:226]ns_server<0.132.0>: 118: Booted. Waiting for shutdown request
ns_server<0.132.0>: 118: Booted. Waiting for shutdown request

[ns_server:debug,2025-05-15T18:47:21.840Z,babysitter_of_ns_1@cb.local:ns_ports_manager<0.134.0>:ns_ports_manager:handle_call:85]New list of children is received: [memcached,saslauthd_port,goxdcr,index,n1ql,
                                   projector]
[ns_server:info,2025-05-15T18:47:21.840Z,babysitter_of_ns_1@cb.local:ns_ports_manager<0.134.0>:ns_child_ports_sup:launch_port:66]supervising port: {index,"/opt/couchbase/bin/indexer",
                      ["-adminPort=9100","-scanPort=9101","-httpPort=9102",
                       "-streamInitPort=9103","-streamCatchupPort=9104",
                       "-streamMaintPort=9105","--httpsPort=19102",
                       "--certFile=/opt/couchbase/var/lib/couchbase/config/certs/chain.pem",
                       "--keyFile=/opt/couchbase/var/lib/couchbase/config/certs/pkey.pem",
                       "--caFile=/opt/couchbase/var/lib/couchbase/config/certs/ca.pem",
                       "--clientCertFile=/opt/couchbase/var/lib/couchbase/config/certs/client_chain.pem",
                       "--clientKeyFile=/opt/couchbase/var/lib/couchbase/config/certs/client_pkey.pem",
                       "-ipv4=required","-ipv6=optional",
                       "-cluster=127.0.0.1:8091",
                       "-storageDir=/opt/couchbase/var/lib/couchbase/data/@2i",
                       "-diagDir=/opt/couchbase/var/lib/couchbase/crash",
                       "-logDir=/opt/couchbase/var/lib/couchbase/logs",
                       "-nodeUUID=28569ac00b9c1d7c50e39741027d428c",
                       "-isEnterprise=true","--deploymentModel=default"],
                      [via_goport,exit_status,stderr_to_stdout,
                       {env,
                           [{"GOTRACEBACK","single"},
                            {"GOMAXPROCS","10"},
                            {"CBAUTH_REVRPC_URL",
                             {dynamic,
                                 {ns_ports_setup,
                                     remote_build_cbauth_revrpc_url,
                                     [index]}}}]},
                       {log,"indexer.log"}]}
[ns_server:debug,2025-05-15T18:47:21.841Z,babysitter_of_ns_1@cb.local:<0.198.0>:supervisor_cushion:init:39]Starting supervisor cushion for index with delay of 5000
[error_logger:info,2025-05-15T18:47:21.844Z,babysitter_of_ns_1@cb.local:ale_dynamic_sup<0.95.0>:ale_error_logger_handler:do_log:101]
=========================PROGRESS REPORT=========================
    supervisor: {local,ale_dynamic_sup}
    started: [{pid,<0.200.0>},
              {id,'sink-index'},
              {mfargs,
                  {ale_dynamic_sup,delay_death,
                      [{ale_disk_sink,start_link,
                           ['sink-index',
                            "/opt/couchbase/var/lib/couchbase/logs/indexer.log",
                            [{rotation,
                                 [{compress,true},
                                  {size,41943040},
                                  {num_files,10},
                                  {buffer_size_max,52428800}]}]]},
                       1000]}},
              {restart_type,permanent},
              {significant,false},
              {shutdown,5000},
              {child_type,worker}]

[ns_server:debug,2025-05-15T18:47:21.971Z,babysitter_of_ns_1@cb.local:<0.197.0>:restartable:start_child:92]Started child process <0.198.0>
  MFA: {supervisor_cushion,start_link,
                           [index,5000,infinity,ns_port_server,start_link,
                            [#Fun<ns_child_ports_sup.2.17249174>]]}
[error_logger:info,2025-05-15T18:47:21.971Z,babysitter_of_ns_1@cb.local:ns_child_ports_sup<0.133.0>:ale_error_logger_handler:do_log:101]
=========================PROGRESS REPORT=========================
    supervisor: {local,ns_child_ports_sup}
    started: [{pid,<0.197.0>},
              {id,{index,"/opt/couchbase/bin/indexer",
                      ["-adminPort=9100","-scanPort=9101","-httpPort=9102",
                       "-streamInitPort=9103","-streamCatchupPort=9104",
                       "-streamMaintPort=9105","--httpsPort=19102",
                       "--certFile=/opt/couchbase/var/lib/couchbase/config/certs/chain.pem",
                       "--keyFile=/opt/couchbase/var/lib/couchbase/config/certs/pkey.pem",
                       "--caFile=/opt/couchbase/var/lib/couchbase/config/certs/ca.pem",
                       "--clientCertFile=/opt/couchbase/var/lib/couchbase/config/certs/client_chain.pem",
                       "--clientKeyFile=/opt/couchbase/var/lib/couchbase/config/certs/client_pkey.pem",
                       "-ipv4=required","-ipv6=optional",
                       "-cluster=127.0.0.1:8091",
                       "-storageDir=/opt/couchbase/var/lib/couchbase/data/@2i",
                       "-diagDir=/opt/couchbase/var/lib/couchbase/crash",
                       "-logDir=/opt/couchbase/var/lib/couchbase/logs",
                       "-nodeUUID=28569ac00b9c1d7c50e39741027d428c",
                       "-isEnterprise=true","--deploymentModel=default"],
                      [via_goport,exit_status,stderr_to_stdout,
                       {env,
                           [{"GOTRACEBACK","single"},
                            {"GOMAXPROCS","10"},
                            {"CBAUTH_REVRPC_URL",
                             {dynamic,
                                 {ns_ports_setup,
                                     remote_build_cbauth_revrpc_url,
                                     [index]}}}]},
                       {log,"indexer.log"}]}},
              {mfargs,
                  {restartable,start_link,
                      [{supervisor_cushion,start_link,
                           [index,5000,infinity,ns_port_server,start_link,
                            [#Fun<ns_child_ports_sup.2.17249174>]]},
                       86400000]}},
              {restart_type,permanent},
              {significant,false},
              {shutdown,infinity},
              {child_type,worker}]

[ns_server:info,2025-05-15T18:47:21.971Z,babysitter_of_ns_1@cb.local:ns_ports_manager<0.134.0>:ns_child_ports_sup:launch_port:66]supervising port: {n1ql,"/opt/couchbase/bin/cbq-engine",
                      ["--datastore=http://127.0.0.1:8091","--http=:8093",
                       "--configstore=http://127.0.0.1:8091",
                       "--enterprise=true",
                       "-uuid=28569ac00b9c1d7c50e39741027d428c",
                       "--deploymentModel=default","--ipv4=required",
                       "--ipv6=optional","--https=:18093",
                       "--certfile=/opt/couchbase/var/lib/couchbase/config/certs/chain.pem",
                       "--keyfile=/opt/couchbase/var/lib/couchbase/config/certs/pkey.pem",
                       "--cafile=/opt/couchbase/var/lib/couchbase/config/certs/ca.pem",
                       "--clientCertFile=/opt/couchbase/var/lib/couchbase/config/certs/client_chain.pem",
                       "--clientKeyFile=/opt/couchbase/var/lib/couchbase/config/certs/client_pkey.pem"],
                      [via_goport,exit_status,stderr_to_stdout,
                       {env,
                           [{"GOTRACEBACK","single"},
                            {"GOMAXPROCS","10"},
                            {"CBAUTH_REVRPC_URL",
                             {dynamic,
                                 {ns_ports_setup,
                                     remote_build_cbauth_revrpc_url,
                                     ['cbq-engine']}}}]},
                       {log,"query.log"}]}
[ns_server:debug,2025-05-15T18:47:21.972Z,babysitter_of_ns_1@cb.local:<0.207.0>:supervisor_cushion:init:39]Starting supervisor cushion for n1ql with delay of 5000
[error_logger:info,2025-05-15T18:47:21.974Z,babysitter_of_ns_1@cb.local:ale_dynamic_sup<0.95.0>:ale_error_logger_handler:do_log:101]
=========================PROGRESS REPORT=========================
    supervisor: {local,ale_dynamic_sup}
    started: [{pid,<0.209.0>},
              {id,'sink-n1ql'},
              {mfargs,
                  {ale_dynamic_sup,delay_death,
                      [{ale_disk_sink,start_link,
                           ['sink-n1ql',
                            "/opt/couchbase/var/lib/couchbase/logs/query.log",
                            [{rotation,
                                 [{compress,true},
                                  {size,41943040},
                                  {num_files,10},
                                  {buffer_size_max,52428800}]}]]},
                       1000]}},
              {restart_type,permanent},
              {significant,false},
              {shutdown,5000},
              {child_type,worker}]

[error_logger:info,2025-05-15T18:47:22.021Z,babysitter_of_ns_1@cb.local:net_kernel<0.70.0>:ale_error_logger_handler:do_log:101]
=========================NOTICE REPORT=========================
{net_kernel,{'EXIT',#Port<0.9>,normal}}
[error_logger:info,2025-05-15T18:47:22.021Z,babysitter_of_ns_1@cb.local:net_kernel<0.70.0>:ale_error_logger_handler:do_log:101]
=========================NOTICE REPORT=========================
{net_kernel,{'EXIT',<0.135.0>,connection_closed}}
[error_logger:info,2025-05-15T18:47:22.021Z,babysitter_of_ns_1@cb.local:net_kernel<0.70.0>:ale_error_logger_handler:do_log:101]
=========================NOTICE REPORT=========================
{net_kernel,{auto_connect,'ns_1@cb.local',
                          {16173214,#Ref<0.1536363941.3114139650.3775>}}}
[ns_server:debug,2025-05-15T18:47:22.022Z,babysitter_of_ns_1@cb.local:cb_dist<0.68.0>:cb_dist:info_msg:1098]cb_dist: Connection down: {con,#Ref<0.1536363941.3114008578.3768>,
                               inet_tcp_dist,<0.135.0>,
                               #Ref<0.1536363941.3114008578.3772>}
[ns_server:debug,2025-05-15T18:47:22.042Z,babysitter_of_ns_1@cb.local:cb_dist<0.68.0>:cb_dist:info_msg:1098]cb_dist: Accepted new connection from <0.72.0> DistCtrl #Port<0.14>: {con,
                                                                      #Ref<0.1536363941.3114008578.3780>,
                                                                      inet_tcp_dist,
                                                                      undefined,
                                                                      undefined}
[ns_server:debug,2025-05-15T18:47:22.042Z,babysitter_of_ns_1@cb.local:net_kernel<0.70.0>:cb_dist:info_msg:1098]cb_dist: Accepting connection from <0.72.0> using module inet_tcp_dist
[ns_server:debug,2025-05-15T18:47:22.042Z,babysitter_of_ns_1@cb.local:cb_dist<0.68.0>:cb_dist:info_msg:1098]cb_dist: Updated connection: {con,#Ref<0.1536363941.3114008578.3780>,
                                  inet_tcp_dist,<0.219.0>,
                                  #Ref<0.1536363941.3114008578.3781>}
[ns_server:debug,2025-05-15T18:47:22.100Z,babysitter_of_ns_1@cb.local:<0.206.0>:restartable:start_child:92]Started child process <0.207.0>
  MFA: {supervisor_cushion,start_link,
                           [n1ql,5000,infinity,ns_port_server,start_link,
                            [#Fun<ns_child_ports_sup.2.17249174>]]}
[error_logger:info,2025-05-15T18:47:22.100Z,babysitter_of_ns_1@cb.local:ns_child_ports_sup<0.133.0>:ale_error_logger_handler:do_log:101]
=========================PROGRESS REPORT=========================
    supervisor: {local,ns_child_ports_sup}
    started: [{pid,<0.206.0>},
              {id,{n1ql,"/opt/couchbase/bin/cbq-engine",
                      ["--datastore=http://127.0.0.1:8091","--http=:8093",
                       "--configstore=http://127.0.0.1:8091",
                       "--enterprise=true",
                       "-uuid=28569ac00b9c1d7c50e39741027d428c",
                       "--deploymentModel=default","--ipv4=required",
                       "--ipv6=optional","--https=:18093",
                       "--certfile=/opt/couchbase/var/lib/couchbase/config/certs/chain.pem",
                       "--keyfile=/opt/couchbase/var/lib/couchbase/config/certs/pkey.pem",
                       "--cafile=/opt/couchbase/var/lib/couchbase/config/certs/ca.pem",
                       "--clientCertFile=/opt/couchbase/var/lib/couchbase/config/certs/client_chain.pem",
                       "--clientKeyFile=/opt/couchbase/var/lib/couchbase/config/certs/client_pkey.pem"],
                      [via_goport,exit_status,stderr_to_stdout,
                       {env,
                           [{"GOTRACEBACK","single"},
                            {"GOMAXPROCS","10"},
                            {"CBAUTH_REVRPC_URL",
                             {dynamic,
                                 {ns_ports_setup,
                                     remote_build_cbauth_revrpc_url,
                                     ['cbq-engine']}}}]},
                       {log,"query.log"}]}},
              {mfargs,
                  {restartable,start_link,
                      [{supervisor_cushion,start_link,
                           [n1ql,5000,infinity,ns_port_server,start_link,
                            [#Fun<ns_child_ports_sup.2.17249174>]]},
                       86400000]}},
              {restart_type,permanent},
              {significant,false},
              {shutdown,infinity},
              {child_type,worker}]

[ns_server:info,2025-05-15T18:47:22.100Z,babysitter_of_ns_1@cb.local:ns_ports_manager<0.134.0>:ns_child_ports_sup:launch_port:66]supervising port: {projector,"/opt/couchbase/bin/projector",
                      ["--deploymentModel=default","--httpsPort=9999",
                       "--certFile=/opt/couchbase/var/lib/couchbase/config/certs/chain.pem",
                       "--keyFile=/opt/couchbase/var/lib/couchbase/config/certs/pkey.pem",
                       "--caFile=/opt/couchbase/var/lib/couchbase/config/certs/ca.pem",
                       "--clientCertFile=/opt/couchbase/var/lib/couchbase/config/certs/client_chain.pem",
                       "--clientKeyFile=/opt/couchbase/var/lib/couchbase/config/certs/client_pkey.pem",
                       "-ipv4=required","-ipv6=optional",
                       "-kvaddrs=127.0.0.1:11210","-adminport=:9999",
                       "-diagDir=/opt/couchbase/var/lib/couchbase/crash",
                       "127.0.0.1:8091"],
                      [via_goport,exit_status,stderr_to_stdout,
                       {env,
                           [{"GODEBUG","madvdontneed=1"},
                            {"GOTRACEBACK","single"},
                            {"GOMAXPROCS","10"},
                            {"CBAUTH_REVRPC_URL",
                             {dynamic,
                                 {ns_ports_setup,
                                     remote_build_cbauth_revrpc_url,
                                     [projector]}}}]},
                       {log,"projector.log"}]}
[ns_server:debug,2025-05-15T18:47:22.101Z,babysitter_of_ns_1@cb.local:<0.223.0>:supervisor_cushion:init:39]Starting supervisor cushion for projector with delay of 5000
[error_logger:info,2025-05-15T18:47:22.105Z,babysitter_of_ns_1@cb.local:ale_dynamic_sup<0.95.0>:ale_error_logger_handler:do_log:101]
=========================PROGRESS REPORT=========================
    supervisor: {local,ale_dynamic_sup}
    started: [{pid,<0.225.0>},
              {id,'sink-projector'},
              {mfargs,
                  {ale_dynamic_sup,delay_death,
                      [{ale_disk_sink,start_link,
                           ['sink-projector',
                            "/opt/couchbase/var/lib/couchbase/logs/projector.log",
                            [{rotation,
                                 [{compress,true},
                                  {size,41943040},
                                  {num_files,10},
                                  {buffer_size_max,52428800}]}]]},
                       1000]}},
              {restart_type,permanent},
              {significant,false},
              {shutdown,5000},
              {child_type,worker}]

[ns_server:debug,2025-05-15T18:47:22.271Z,babysitter_of_ns_1@cb.local:<0.222.0>:restartable:start_child:92]Started child process <0.223.0>
  MFA: {supervisor_cushion,start_link,
                           [projector,5000,infinity,ns_port_server,start_link,
                            [#Fun<ns_child_ports_sup.2.17249174>]]}
[error_logger:info,2025-05-15T18:47:22.271Z,babysitter_of_ns_1@cb.local:ns_child_ports_sup<0.133.0>:ale_error_logger_handler:do_log:101]
=========================PROGRESS REPORT=========================
    supervisor: {local,ns_child_ports_sup}
    started: [{pid,<0.222.0>},
              {id,{projector,"/opt/couchbase/bin/projector",
                      ["--deploymentModel=default","--httpsPort=9999",
                       "--certFile=/opt/couchbase/var/lib/couchbase/config/certs/chain.pem",
                       "--keyFile=/opt/couchbase/var/lib/couchbase/config/certs/pkey.pem",
                       "--caFile=/opt/couchbase/var/lib/couchbase/config/certs/ca.pem",
                       "--clientCertFile=/opt/couchbase/var/lib/couchbase/config/certs/client_chain.pem",
                       "--clientKeyFile=/opt/couchbase/var/lib/couchbase/config/certs/client_pkey.pem",
                       "-ipv4=required","-ipv6=optional",
                       "-kvaddrs=127.0.0.1:11210","-adminport=:9999",
                       "-diagDir=/opt/couchbase/var/lib/couchbase/crash",
                       "127.0.0.1:8091"],
                      [via_goport,exit_status,stderr_to_stdout,
                       {env,
                           [{"GODEBUG","madvdontneed=1"},
                            {"GOTRACEBACK","single"},
                            {"GOMAXPROCS","10"},
                            {"CBAUTH_REVRPC_URL",
                             {dynamic,
                                 {ns_ports_setup,
                                     remote_build_cbauth_revrpc_url,
                                     [projector]}}}]},
                       {log,"projector.log"}]}},
              {mfargs,
                  {restartable,start_link,
                      [{supervisor_cushion,start_link,
                           [projector,5000,infinity,ns_port_server,start_link,
                            [#Fun<ns_child_ports_sup.2.17249174>]]},
                       86400000]}},
              {restart_type,permanent},
              {significant,false},
              {shutdown,infinity},
              {child_type,worker}]

[error_logger:info,2025-05-15T18:47:22.272Z,babysitter_of_ns_1@cb.local:net_kernel<0.70.0>:ale_error_logger_handler:do_log:101]
=========================NOTICE REPORT=========================
{net_kernel,{auto_connect,'ns_1@cb.local',
                          {16173215,#Ref<0.1536363941.3114139650.3775>}}}
[ns_server:debug,2025-05-15T18:47:23.040Z,babysitter_of_ns_1@cb.local:ns_ports_manager<0.134.0>:ns_ports_manager:handle_call:85]New list of children is received: [memcached,saslauthd_port,goxdcr,index,n1ql,
                                   projector]
