[couchdb:info,2025-05-15T18:46:48.987Z,couchdb_ns_1@cb.local:couch_audit<0.285.0>:couch_log:info:30]Couch audit settings changed <ud>[{audit_enabled,false},
                                  {disabled_users,[]},
                                  {enabled_events,[]}]</ud>
[couchdb:info,2025-05-15T18:47:48.821Z,couchdb_ns_1@cb.local:couch_query_logger<0.227.0>:couch_log:info:30]Query-Volume
---
[couchdb:info,2025-05-15T18:47:50.415Z,couchdb_ns_1@cb.local:<0.1069.0>:couch_log:info:30]Deleting couch file "/opt/couchbase/var/lib/couchbase/data/doom-scrolling/master.couch.1.compact" with renaming it to "/opt/couchbase/var/lib/couchbase/data/.delete/bb9e53242c1a8c8e3ba5f80a873cbf8c"
[couchdb:info,2025-05-15T18:47:50.417Z,couchdb_ns_1@cb.local:<0.1069.0>:couch_log:info:30]Deleting couch file "/opt/couchbase/var/lib/couchbase/data/doom-scrolling/master.couch.1.compact" with renaming it to "/opt/couchbase/var/lib/couchbase/data/.delete/007367f51f38f2a52f40d6e5662c114d"
[couchdb:info,2025-05-15T18:47:50.450Z,couchdb_ns_1@cb.local:couch_view<0.252.0>:couch_log:info:30]Deleting couch file "/opt/couchbase/var/lib/couchbase/data/.doom-scrolling/master_temp" with renaming it to "/opt/couchbase/var/lib/couchbase/data/.delete/ade465908a40d3b7e5aa23cea9a14007"
[couchdb:info,2025-05-15T18:47:50.451Z,couchdb_ns_1@cb.local:couch_view<0.252.0>:couch_log:info:30]Deleting couch file "/opt/couchbase/var/lib/couchbase/data/.doom-scrolling/master_temp" with renaming it to "/opt/couchbase/var/lib/couchbase/data/.delete/1ce8292556d1b7eb6d2d4c7cfc7fb016"
[couchdb:info,2025-05-15T18:48:48.824Z,couchdb_ns_1@cb.local:couch_query_logger<0.227.0>:couch_log:info:30]Query-Volume
---
[couchdb:info,2025-05-15T18:49:48.826Z,couchdb_ns_1@cb.local:couch_query_logger<0.227.0>:couch_log:info:30]Query-Volume
---
[couchdb:info,2025-05-15T18:50:48.831Z,couchdb_ns_1@cb.local:couch_query_logger<0.227.0>:couch_log:info:30]Query-Volume
---
[couchdb:info,2025-05-15T18:51:48.834Z,couchdb_ns_1@cb.local:couch_query_logger<0.227.0>:couch_log:info:30]Query-Volume
---
[couchdb:info,2025-05-15T18:52:48.840Z,couchdb_ns_1@cb.local:couch_query_logger<0.227.0>:couch_log:info:30]Query-Volume
---
[couchdb:info,2025-05-15T18:53:48.843Z,couchdb_ns_1@cb.local:couch_query_logger<0.227.0>:couch_log:info:30]Query-Volume
---
[couchdb:info,2025-05-15T18:54:48.849Z,couchdb_ns_1@cb.local:couch_query_logger<0.227.0>:couch_log:info:30]Query-Volume
---
[couchdb:info,2025-05-15T18:55:48.851Z,couchdb_ns_1@cb.local:couch_query_logger<0.227.0>:couch_log:info:30]Query-Volume
---
[couchdb:info,2025-05-15T18:56:48.854Z,couchdb_ns_1@cb.local:couch_query_logger<0.227.0>:couch_log:info:30]Query-Volume
---
