[ns_server:error,2025-05-15T18:47:24.671Z,ns_1@172.19.0.4:service_status_keeper_worker<0.733.0>:rest_utils:get_json:62]Request to (indexer) getIndexStatus with headers [] failed: {error,
                                                             {econnrefused,
                                                              [{lhttpc_client,
                                                                send_request,
                                                                1,
                                                                [{file,
                                                                  "/home/couchbase/jenkins/workspace/couchbase-server-unix/couchdb/src/lhttpc/lhttpc_client.erl"},
                                                                 {line,220}]},
                                                               {lhttpc_client,
                                                                execute,9,
                                                                [{file,
                                                                  "/home/couchbase/jenkins/workspace/couchbase-server-unix/couchdb/src/lhttpc/lhttpc_client.erl"},
                                                                 {line,169}]},
                                                               {lhttpc_client,
                                                                request,9,
                                                                [{file,
                                                                  "/home/couchbase/jenkins/workspace/couchbase-server-unix/couchdb/src/lhttpc/lhttpc_client.erl"},
                                                                 {line,
                                                                  93}]}]}}
[ns_server:error,2025-05-15T18:47:24.671Z,ns_1@172.19.0.4:service_status_keeper-index<0.736.0>:service_status_keeper:handle_cast:103]Service service_index returned incorrect status
[ns_server:error,2025-05-15T18:47:28.080Z,ns_1@172.19.0.4:service_manager-index<0.2361.0>:service_manager:run_op_worker:222]Got exit message from parent: {'EXIT',<0.2339.0>,shutdown}
[ns_server:error,2025-05-15T18:47:28.080Z,ns_1@172.19.0.4:service_agent-index<0.2109.0>:service_agent:handle_info:325]Service Manager <0.2361.0> died unexpectedly: shutdown
