2025-05-15T18:47:26.064+00:00 indexer {"avg_disk_bps":0,"avg_drain_rate":0,"avg_mutation_rate":0,"avg_resident_percent":0,"cpu_utilization":0,"index_not_found_errcount":0,"indexer_state":"Active","memory_free":0,"memory_quota":536870912,"memory_rss":0,"memory_total":0,"memory_total_storage":7503872,"memory_used":90524032,"memory_used_queue":0,"memory_used_storage":122880,"needs_restart":false,"num_cgo_call":325,"num_connections":0,"num_cpu_core":10,"num_goroutine":153,"num_indexes":0,"num_storage_instances":0,"shard_compat_version":1,"storage_mode":"plasma","timestamp":"1747334846063965429","timings/stats_response":"2 206917 31739209945","total_data_size":0,"total_disk_size":0,"total_requests":0,"total_rows_returned":0,"total_rows_scanned":0,"uptime":"4.045589002s"}
2025-05-15T18:47:26.064+00:00 projlat {}
2025-05-15T18:48:26.065+00:00 indexer {"cpu_utilization":1.0999266715552296,"memory_free":1254240256,"memory_rss":100540416,"memory_total":8217968640,"memory_total_storage":8327168,"memory_used":91445632,"memory_used_storage":221184,"num_cgo_call":3301,"num_connections":1,"num_goroutine":170,"timestamp":"1747334906065696554","timings/stats_response":"42 2773164 492120583338","uptime":"1m4.046751321s"}
2025-05-15T18:48:26.066+00:00 projlat {}
2025-05-15T18:49:27.065+00:00 indexer {"cpu_utilization":1.4666177794073532,"memory_free":1190027264,"memory_rss":105066496,"memory_used":112324144,"num_cgo_call":6130,"num_goroutine":165,"timestamp":"1747334967065121096","timings/stats_response":"78 5399036 966131570440","uptime":"2m5.046259474s"}
2025-05-15T18:49:27.065+00:00 projlat {}
2025-05-15T18:50:27.073+00:00 indexer {"cpu_utilization":1.0665600106656001,"memory_free":1252474880,"memory_rss":105328640,"num_cgo_call":8917,"timestamp":"1747335027073707762","timings/stats_response":"114 7104285 1161367499695","uptime":"3m5.055032959s"}
2025-05-15T18:50:27.074+00:00 projlat {}
2025-05-15T18:51:28.068+00:00 indexer {"cpu_utilization":1.133295556814773,"memory_free":1289756672,"memory_used":99846256,"num_cgo_call":11751,"timestamp":"1747335088066064263","timings/stats_response":"150 8857621 1338213863339","uptime":"4m6.046932362s"}
2025-05-15T18:51:28.073+00:00 projlat {}
2025-05-15T18:52:29.066+00:00 indexer {"cpu_utilization":1.166627779074031,"memory_free":1294204928,"memory_rss":89489408,"memory_used":100491592,"num_cgo_call":14615,"num_goroutine":163,"timestamp":"1747335149066402847","timings/stats_response":"187 10807833 1631397242109","uptime":"5m7.04692239s"}
2025-05-15T18:52:29.066+00:00 projlat {}
2025-05-15T18:53:30.067+00:00 indexer {"cpu_utilization":1.033367778925964,"memory_free":1265537024,"memory_total_storage":8523776,"memory_used":98412872,"num_cgo_call":17495,"num_goroutine":162,"timestamp":"1747335210066690166","timings/stats_response":"223 13317456 2063030168656","uptime":"6m8.046934126s"}
2025-05-15T18:53:30.068+00:00 projlat {}
2025-05-15T18:54:31.066+00:00 indexer {"cpu_utilization":1.133295556814773,"memory_free":1260175360,"memory_used":103440712,"num_cgo_call":20332,"num_goroutine":163,"timestamp":"1747335271065852083","timings/stats_response":"260 15094538 2357138740078","uptime":"7m9.04585782s"}
2025-05-15T18:54:31.066+00:00 projlat {}
2025-05-15T18:55:31.076+00:00 indexer {"cpu_utilization":1.0331955739234768,"memory_free":1378115584,"memory_used":97306952,"num_cgo_call":23123,"timestamp":"1747335331076699083","timings/stats_response":"296 16699872 2472948870164","uptime":"8m9.046781472s"}
2025-05-15T18:55:31.078+00:00 projlat {}
2025-05-15T18:56:32.077+00:00 indexer {"cpu_utilization":1.0332300103323,"memory_free":1423990784,"memory_rss":87801856,"memory_used":98077000,"num_cgo_call":25962,"timestamp":"1747335392077687834","timings/stats_response":"333 18662536 2674379778918","uptime":"9m10.046136458s"}
2025-05-15T18:56:32.079+00:00 projlat {}
