ts=2025-05-15T18:46:49.464Z caller=main.go:578 level=info msg="Starting Prometheus Server" mode=server version="(version=2.45.0, branch=HEAD, revision=8ef767e396bf8445f009f945b0162fd71827f445)"
ts=2025-05-15T18:46:49.464Z caller=main.go:583 level=info build_context="(go=go1.22.2, platform=linux/arm64, user=couchbase@56d7f54c602b, date=20240412-06:12:03, tags=netgo,builtinassets,stringlabels)"
ts=2025-05-15T18:46:49.464Z caller=main.go:584 level=info host_details="(Linux 6.10.14-linuxkit #1 SMP Fri Nov 29 17:22:03 UTC 2024 aarch64 db1.lan (none))"
ts=2025-05-15T18:46:49.464Z caller=main.go:585 level=info fd_limits="(soft=1048576, hard=1048576)"
ts=2025-05-15T18:46:49.465Z caller=main.go:586 level=info vm_limits="(soft=unlimited, hard=unlimited)"
ts=2025-05-15T18:46:49.472Z caller=web.go:562 level=info component=web msg="Start listening for connections" address=127.0.0.1:9123
ts=2025-05-15T18:46:49.474Z caller=main.go:1019 level=info msg="Starting TSDB ..."
ts=2025-05-15T18:46:49.474Z caller=tls_config.go:274 level=info component=web msg="Listening on" address=127.0.0.1:9123
ts=2025-05-15T18:46:49.477Z caller=tls_config.go:313 level=info component=web msg="TLS is disabled." http2=false address=127.0.0.1:9123
ts=2025-05-15T18:46:49.486Z caller=head.go:595 level=info component=tsdb msg="Replaying on-disk memory mappable chunks if any"
ts=2025-05-15T18:46:49.487Z caller=head.go:676 level=info component=tsdb msg="On-disk memory mappable chunks replay completed" duration=8.542µs
ts=2025-05-15T18:46:49.487Z caller=head.go:684 level=info component=tsdb msg="Replaying WAL, this may take a while"
ts=2025-05-15T18:46:49.493Z caller=head.go:755 level=info component=tsdb msg="WAL segment loaded" segment=0 maxSegment=0
ts=2025-05-15T18:46:49.493Z caller=head.go:792 level=info component=tsdb msg="WAL replay completed" checkpoint_replay_duration=1.186875ms wal_replay_duration=5.106625ms wbl_replay_duration=41ns total_replay_duration=6.315791ms
ts=2025-05-15T18:46:49.496Z caller=main.go:1040 level=info fs_type=6a656a63
ts=2025-05-15T18:46:49.496Z caller=main.go:1043 level=info msg="TSDB started"
ts=2025-05-15T18:46:49.496Z caller=main.go:1044 level=debug msg="TSDB options" MinBlockDuration=2h MaxBlockDuration=1d1h MaxBytes=1GiB NoLockfile=true RetentionDuration=1y WALSegmentSize=0B WALCompression=true
ts=2025-05-15T18:46:49.496Z caller=main.go:1224 level=info msg="Loading configuration file" filename=/opt/couchbase/var/lib/couchbase/config/prometheus.yml
ts=2025-05-15T18:46:49.499Z caller=manager.go:196 level=debug component="discovery manager scrape" msg="Starting provider" provider=static/0 subs=[general]
ts=2025-05-15T18:46:49.500Z caller=manager.go:196 level=debug component="discovery manager scrape" msg="Starting provider" provider=static/1 subs=[ns_server_high_cardinality]
ts=2025-05-15T18:46:49.500Z caller=manager.go:196 level=debug component="discovery manager scrape" msg="Starting provider" provider=static/2 subs=[kv_high_cardinality]
ts=2025-05-15T18:46:49.500Z caller=manager.go:214 level=debug component="discovery manager scrape" msg="Discoverer channel closed" provider=static/1
ts=2025-05-15T18:46:49.500Z caller=manager.go:214 level=debug component="discovery manager scrape" msg="Discoverer channel closed" provider=static/2
ts=2025-05-15T18:46:49.500Z caller=manager.go:214 level=debug component="discovery manager scrape" msg="Discoverer channel closed" provider=static/0
ts=2025-05-15T18:46:49.503Z caller=main.go:1261 level=info msg="Completed loading of configuration file" filename=/opt/couchbase/var/lib/couchbase/config/prometheus.yml totalDuration=6.295542ms db_storage=1.375µs remote_storage=1.166µs web_handler=584ns query_engine=958ns scrape=641.833µs scrape_sd=238.834µs notify=834ns notify_sd=1.75µs rules=2.962ms tracing=34.125µs
ts=2025-05-15T18:46:49.503Z caller=main.go:1004 level=info msg="Server is ready to receive web requests."
ts=2025-05-15T18:46:49.503Z caller=manager.go:995 level=info component="rule manager" msg="Starting rule manager..."
ts=2025-05-15T18:46:57.988Z caller=scrape.go:1372 level=debug component="scrape manager" scrape_pool=general target="http://127.0.0.1:9998/_prometheusMetrics?timeout=10000" msg="Scrape failed" err="server returned HTTP status 401 Unauthorized"
ts=2025-05-15T18:47:07.989Z caller=scrape.go:1372 level=debug component="scrape manager" scrape_pool=general target="http://127.0.0.1:9998/_prometheusMetrics?timeout=10000" msg="Scrape failed" err="server returned HTTP status 401 Unauthorized"
ts=2025-05-15T18:47:17.986Z caller=scrape.go:1372 level=debug component="scrape manager" scrape_pool=general target="http://127.0.0.1:9998/_prometheusMetrics?timeout=10000" msg="Scrape failed" err="server returned HTTP status 401 Unauthorized"
ts=2025-05-15T18:47:21.772Z caller=main.go:1224 level=info msg="Loading configuration file" filename=/opt/couchbase/var/lib/couchbase/config/prometheus.yml
ts=2025-05-15T18:47:21.779Z caller=manager.go:196 level=debug component="discovery manager scrape" msg="Starting provider" provider=static/0 subs=[general]
ts=2025-05-15T18:47:21.779Z caller=manager.go:196 level=debug component="discovery manager scrape" msg="Starting provider" provider=static/1 subs=[ns_server_high_cardinality]
ts=2025-05-15T18:47:21.779Z caller=manager.go:196 level=debug component="discovery manager scrape" msg="Starting provider" provider=static/2 subs=[index_high_cardinality]
ts=2025-05-15T18:47:21.779Z caller=manager.go:196 level=debug component="discovery manager scrape" msg="Starting provider" provider=static/3 subs=[kv_high_cardinality]
ts=2025-05-15T18:47:21.779Z caller=manager.go:214 level=debug component="discovery manager scrape" msg="Discoverer channel closed" provider=static/0
ts=2025-05-15T18:47:21.779Z caller=manager.go:214 level=debug component="discovery manager scrape" msg="Discoverer channel closed" provider=static/1
ts=2025-05-15T18:47:21.779Z caller=manager.go:214 level=debug component="discovery manager scrape" msg="Discoverer channel closed" provider=static/2
ts=2025-05-15T18:47:21.780Z caller=main.go:1261 level=info msg="Completed loading of configuration file" filename=/opt/couchbase/var/lib/couchbase/config/prometheus.yml totalDuration=8.619167ms db_storage=40.542µs remote_storage=1.375µs web_handler=139.917µs query_engine=916ns scrape=1.922417ms scrape_sd=117.708µs notify=7.625µs notify_sd=708ns rules=1.67675ms tracing=11.209µs
ts=2025-05-15T18:47:21.780Z caller=manager.go:214 level=debug component="discovery manager scrape" msg="Discoverer channel closed" provider=static/3
