
2025-05-15T18:47:22.258+00:00 [INFO] cbq-engine starting version=7.6.2-N1QL go-version=go1.22.2 pid=455
2025-05-15T18:47:22.258+00:00 [INFO] Current nofiles rlimit: 1048576 (max: 1048576)
2025-05-15T18:47:22.258+00:00 [INFO] Waiting for initial settings
2025-05-15T18:47:22.260+00:00 [INFO] New settings received: {"cleanupclientattempts":true,"cleanuplostattempts":true,"cleanupwindow":"60s","completed-limit":4000,"completed-max-plan-size":262144,"completed-threshold":1000,"loglevel":"info","max-parallelism":1,"memory-quota":0,"n1ql-feat-ctrl":76,"node-quota":0,"node-quota-val-percent":67,"num-cpus":0,"numatrs":1024,"pipeline-batch":16,"pipeline-cap":512,"prepared-limit":16384,"query.settings.curl_whitelist":{"all_access":false,"allowed_urls":[],"disallowed_urls":[]},"query.settings.tmp_space_dir":"/opt/couchbase/var/lib/couchbase/tmp","query.settings.tmp_space_size":5120,"scan-cap":512,"timeout":0,"txtimeout":"0ms","use-cbo":true,"use-replica":"unset"}
2025-05-15T18:47:22.260+00:00 [INFO] Initial settings received
2025-05-15T18:47:22.260+00:00 [INFO] Soft memory limit: 6.888 GiB (90% of total)
2025-05-15T18:47:22.260+00:00 [INFO] FFDC: Capture path: /opt/couchbase/var/lib/couchbase/logs
2025-05-15T18:47:22.261+00:00 [INFO] FFDC: Found 0 existing dump file(s); 0 bytes.
2025-05-15T18:47:22.261+00:00 [Info] GSIClient DeploymentModel is set to: default, input: default
2025-05-15T18:47:22.261+00:00 [INFO] Temporary file path set to: /tmp, quota: 0
2025-05-15T18:47:22.262+00:00 [INFO] Initialization of cbauth succeeded
2025-05-15T18:47:22.267+00:00 [Info] Receive security change notification. encryption=false
2025-05-15T18:47:22.267+00:00 [Warn] certifcate location is missing.  Cannot refresh certifcate
2025-05-15T18:47:22.267+00:00 [INFO] New store created with url http://127.0.0.1:8091
2025-05-15T18:47:22.267+00:00 [INFO] n1fty: Receive security change notification
2025-05-15T18:47:22.267+00:00 [WARN] n1fty: cannot refresh certificate, certificate location is missing
2025-05-15T18:47:22.271+00:00 [INFO] Bucket N1QL_SYSTEM_BUCKET not found: No bucket named N1QL_SYSTEM_BUCKET
2025-05-15T18:47:22.273+00:00 [INFO] New Value for curl allowed list <ud>map[all_access:false allowed_transformed_urls:[] allowed_urls:[] disallowed_transformed_urls:[] disallowed_urls:[]]</ud>
2025-05-15T18:47:22.280+00:00 [INFO] GSI indexer settings have been updated map[query_tmpspace_dir:/opt/couchbase/var/lib/couchbase/tmp query_tmpspace_limit:5120]
2025-05-15T18:47:22.280+00:00 [Info] GSIC - Setting config map[query_tmpspace_dir:/opt/couchbase/var/lib/couchbase/tmp query_tmpspace_limit:5120]
2025-05-15T18:47:22.280+00:00 [INFO] n1fty indexer settings have been updated map[query_tmpspace_dir:/opt/couchbase/var/lib/couchbase/tmp query_tmpspace_limit:5120]
2025-05-15T18:47:22.280+00:00 [INFO] num-cpus updated to 0.  Change will take place on restart.
2025-05-15T18:47:22.280+00:00 [INFO] Temporary file path set to: /tmp, quota: 5368709120 (5.0 GiB)
2025-05-15T18:47:22.281+00:00 [INFO] Temporary file path set to: /opt/couchbase/var/lib/couchbase/tmp, quota: 5368709120 (5.0 GiB)
2025-05-15T18:47:22.281+00:00 [INFO] Query Configuration changed for atrcollection. New value is
2025-05-15T18:47:22.281+00:00 [INFO] Query Configuration changed for auto-prepare. New value is false
2025-05-15T18:47:22.281+00:00 [INFO] Query Configuration changed for cleanupclientattempts. New value is true
2025-05-15T18:47:22.281+00:00 [INFO] Query Configuration changed for cleanuplostattempts. New value is true
2025-05-15T18:47:22.281+00:00 [INFO] Query Configuration changed for cleanupwindow. New value is 1m0s
2025-05-15T18:47:22.281+00:00 [INFO] Query Configuration changed for completed-limit. New value is 4000
2025-05-15T18:47:22.281+00:00 [INFO] Query Configuration changed for completed-max-plan-size. New value is 262144
2025-05-15T18:47:22.281+00:00 [INFO] Query Configuration changed for completed-threshold. New value is 1s
2025-05-15T18:47:22.281+00:00 [INFO] Query Configuration changed for controls. New value is false
2025-05-15T18:47:22.281+00:00 [INFO] Query Configuration changed for cpuprofile. New value is
2025-05-15T18:47:22.281+00:00 [INFO] Query Configuration changed for debug. New value is false
2025-05-15T18:47:22.281+00:00 [INFO] Query Configuration changed for duration-style. New value is legacy
2025-05-15T18:47:22.281+00:00 [INFO] Query Configuration changed for functions-limit. New value is 16384
2025-05-15T18:47:22.281+00:00 [INFO] Query Configuration changed for gc-percent. New value is 0
2025-05-15T18:47:22.281+00:00 [INFO] Query Configuration changed for keep-alive-length. New value is 0
2025-05-15T18:47:22.281+00:00 [INFO] Query Configuration changed for loglevel. New value is INFO
2025-05-15T18:47:22.281+00:00 [INFO] Query Configuration changed for max-index-api. New value is 4
2025-05-15T18:47:22.281+00:00 [INFO] Query Configuration changed for max-parallelism. New value is 1
2025-05-15T18:47:22.281+00:00 [INFO] Query Configuration changed for memory-quota. New value is 0
2025-05-15T18:47:22.281+00:00 [INFO] Query Configuration changed for memprofile. New value is
2025-05-15T18:47:22.281+00:00 [INFO] Query Configuration changed for mutexprofile. New value is false
2025-05-15T18:47:22.281+00:00 [INFO] Query Configuration changed for n1ql-feat-ctrl. New value is 76 (0x4c), Encoded Plans (0x4) disabled, Golang UDFs (0x8) disabled, (Reserved for future use) (0x40) disabled
2025-05-15T18:47:22.281+00:00 [INFO] Query Configuration changed for node-quota. New value is 0
2025-05-15T18:47:22.281+00:00 [INFO] Query Configuration changed for node-quota-val-percent. New value is 67
2025-05-15T18:47:22.281+00:00 [INFO] Query Configuration changed for num-cpus. New value is 10
2025-05-15T18:47:22.281+00:00 [INFO] Query Configuration changed for numatrs. New value is 1024
2025-05-15T18:47:22.281+00:00 [INFO] Query Configuration changed for pipeline-batch from 512 to 16
2025-05-15T18:47:22.281+00:00 [INFO] Query Configuration changed for pipeline-cap. New value is 512
2025-05-15T18:47:22.281+00:00 [INFO] Query Configuration changed for plus-servicers. New value is 160
2025-05-15T18:47:22.281+00:00 [INFO] Query Configuration changed for prepared-limit. New value is 16384
2025-05-15T18:47:22.281+00:00 [INFO] Query Configuration changed for pretty. New value is false
2025-05-15T18:47:22.281+00:00 [INFO] Query Configuration changed for profile. New value is off
2025-05-15T18:47:22.281+00:00 [INFO] Query Configuration changed for request-error-limit. New value is 0
2025-05-15T18:47:22.281+00:00 [INFO] Query Configuration changed for request-size-cap. New value is 0
2025-05-15T18:47:22.281+00:00 [INFO] Query Configuration changed for scan-cap. New value is 512
2025-05-15T18:47:22.281+00:00 [INFO] Query Configuration changed for servicers. New value is 40
2025-05-15T18:47:22.281+00:00 [INFO] Query Configuration changed for timeout. New value is 0s
2025-05-15T18:47:22.281+00:00 [INFO] Query Configuration changed for txtimeout. New value is 0s
2025-05-15T18:47:22.281+00:00 [INFO] Query Configuration changed for use-cbo. New value is true
2025-05-15T18:47:22.281+00:00 [INFO] Query Configuration changed for use-replica. New value is unset
2025-05-15T18:47:22.284+00:00 [INFO] Changing GC percent from 0 to 200
2025-05-15T18:47:22.287+00:00 [INFO] Query Engine Stats {"cores":10,"cpu.sys.percent":0,"cpu.user.percent":0,"ffdc.total":0,"gc.num":30237792,"gc.pause.percent":0,"gc.pause.time":"3.607752ms","healthy":true,"host.memory.free":2612551680,"host.memory.quota":0,"host.memory.total":8217968640,"host.memory.value_quota":0,"load":0,"loadfactor":33,"local.time":"2025-05-15T18:47:22.287Z","memory.system":27350280,"memory.total":16144528,"memory.usage":13087112,"node.allocated.values":1,"node.memory.usage":209715200,"process.memory.usage":1,"process.percore.cpupercent":0,"process.rss":97341440,"process.service.usage":0,"request.active.count":0,"request.completed.count":0,"request.per.sec.15min":0,"request.per.sec.1min":0,"request.per.sec.5min":0,"request.prepared.percent":0,"request.queued.count":0,"request_time.80percentile":"0s","request_time.95percentile":"0s","request_time.99percentile":"0s","request_time.mean":"0s","request_time.median":"0s","servicers.paused.count":0,"servicers.paused.total":0,"temp.hwm":0,"temp.usage":0,"total.threads":77,"uptime":"17.003458ms","version":"7.6.2-N1QL"}
2025-05-15T18:47:22.289+00:00 [INFO] New settings received: {"cleanupclientattempts":true,"cleanuplostattempts":true,"cleanupwindow":"60s","completed-limit":4000,"completed-max-plan-size":262144,"completed-threshold":1000,"loglevel":"info","max-parallelism":1,"memory-quota":0,"n1ql-feat-ctrl":76,"node-quota":0,"node-quota-val-percent":67,"num-cpus":0,"numatrs":1024,"pipeline-batch":16,"pipeline-cap":512,"prepared-limit":16384,"query.settings.curl_whitelist":{"all_access":false,"allowed_urls":[],"disallowed_urls":[]},"query.settings.tmp_space_dir":"/opt/couchbase/var/lib/couchbase/tmp","query.settings.tmp_space_size":5120,"scan-cap":512,"timeout":0,"txtimeout":"0ms","use-cbo":true,"use-replica":"unset"}
2025-05-15T18:47:22.289+00:00 [INFO] Settings notifier from metakv
2025-05-15T18:47:22.289+00:00 [INFO] GSI indexer settings have been updated map[query_tmpspace_dir:/opt/couchbase/var/lib/couchbase/tmp query_tmpspace_limit:5120]
2025-05-15T18:47:22.289+00:00 [INFO] n1fty indexer settings have been updated map[query_tmpspace_dir:/opt/couchbase/var/lib/couchbase/tmp query_tmpspace_limit:5120]
2025-05-15T18:47:22.289+00:00 [Info] GSIC - Setting config map[query_tmpspace_dir:/opt/couchbase/var/lib/couchbase/tmp query_tmpspace_limit:5120]
2025-05-15T18:47:22.289+00:00 [INFO] num-cpus updated to 0.  Change will take place on restart.
2025-05-15T18:47:22.298+00:00 [INFO] audit: created new audit service
2025-05-15T18:47:22.303+00:00 [INFO] cbq-engine started version=7.6.2-N1QL ds_version=7.6.2-3721-enterprise datastore=http://127.0.0.1:8091 max-concurrency=10 loglevel=INFO servicers=40 plus-servicers=160 scan-cap=512 pipeline-cap=512 pipeline-batch=16 request-cap=256 request-size-cap=67108864 max-index-api=4 max-parallelism=1 n1ql-feat-ctrl=76 use-cbo=true timeout=0s txtimeout=0s gc-percent=200 node-quota=0 node-quota-val-percent=67 use-replica=unset
2025-05-15T18:47:22.303+00:00 [INFO] Starting audit worker 2
2025-05-15T18:47:22.303+00:00 [INFO] Starting audit worker 1
2025-05-15T18:47:22.303+00:00 [INFO] Starting audit worker 3
2025-05-15T18:47:22.303+00:00 [INFO] Starting audit worker 4
2025-05-15T18:47:22.303+00:00 [INFO] Starting audit worker 8
2025-05-15T18:47:22.304+00:00 [INFO] Starting audit worker 6
2025-05-15T18:47:22.304+00:00 [INFO] Starting audit worker 5
2025-05-15T18:47:22.304+00:00 [INFO] Starting audit worker 7
2025-05-15T18:47:22.304+00:00 [INFO] Starting audit worker 10
2025-05-15T18:47:22.304+00:00 [INFO] Starting audit worker 9
2025-05-15T18:47:22.304+00:00 [INFO] Starting audit settings worker 1.
2025-05-15T18:47:22.308+00:00 [INFO] Unable to initialize functions cache monitor Could not access functions change counter because <nil>
2025-05-15T18:47:22.309+00:00 [INFO] jsevaluator: impl::Engine::Initialize: Completed v8wrapper.engine creation.
2025-05-15T18:47:22.324+00:00 [INFO] jsevaluator: impl::Engine::Initialize: Completed v8wrapper.engine initialization.
2025-05-15T18:47:22.324+00:00 [INFO] jsevaluator: impl::Engine::Initialize: Completed setting up engine storage ops' log config.
2025-05-15T18:47:22.324+00:00 [INFO] jsevaluator: impl::Engine::Initialize: Completed setting evaluator's system log config.
2025-05-15T18:47:22.324+00:00 [INFO] jsevaluator: impl::Engine::Initialize: Completed setting evaluator's JsRestrictionsEnabled flag to true.
2025-05-15T18:47:22.329+00:00 [INFO] jsevaluator: impl::Engine::Initialize: Completed creation of compilation worker.
2025-05-15T18:47:22.329+00:00 [INFO] jsevaluator: impl::Engine::Initialize: Completed creating new library unload notifier.
2025-05-15T18:47:22.329+00:00 [INFO] jsevaluator: impl::sharedStorageEngineOps::setupEssentials: Completed creating Meta KV store driver.
2025-05-15T18:47:22.329+00:00 [INFO] jsevaluator: impl::sharedStorageEngineOps::setupEssentials: Completed creating shared store.
2025-05-15T18:47:22.329+00:00 [INFO] jsevaluator: impl::sharedStorageEngineOps::setupEssentials: Completed creating admin service.
2025-05-15T18:47:22.329+00:00 [INFO] jsevaluator: impl::Engine::Initialize: Completed setting up essentials of engine storage ops.
2025-05-15T18:47:22.329+00:00 [INFO] jsevaluator: SharedStore::PeriodicScan: Starting periodic scan of libraries.
2025-05-15T18:47:22.329+00:00 [INFO] jsevaluator: MkvStoreDriver::ObserveChanges: Observing metakv. PathPrefix: "/functions/v1/cbq-engine/"
2025-05-15T18:47:22.329+00:00 [INFO] jsevaluator: MkvStoreDriver::ObserveChanges: Observing metakv. PathPrefix: "/functions_metadata/v1/cbq-engine/"
2025-05-15T18:47:22.329+00:00 [INFO] jsevaluator: impl::Engine::Initialize: Completed creating new dynamic engine configuration wrapper.
2025-05-15T18:47:22.329+00:00 [INFO] jsevaluator: impl::Engine::startServices: UDF Query feature enabled.
2025-05-15T18:47:22.329+00:00 [INFO] jsevaluator: impl::Engine::startServices: Default scope is not admin.
2025-05-15T18:47:22.329+00:00 [INFO] jsevaluator: Starting UDF Query Server on port 44903 Addr: 127.0.0.1:44903
2025-05-15T18:47:22.329+00:00 [INFO] jsevaluator: MkvStoreDriver::ObserveChanges: Observing metakv. PathPrefix: "/evaluator/cbq-engine/v1/config/"
2025-05-15T18:47:23.253+00:00 DEBU REGU.impl.init.0.func1() at aggrecorder.go:57 [id 43] will report aggregate recorder stats every 5m0s 
2025-05-15T18:47:23.305+00:00 [INFO] Starting audit update stream
2025-05-15T18:47:23.329+00:00 [INFO] jsevaluator: impl::Engine::Initialize: Services are healthy.
2025-05-15T18:47:23.329+00:00 [INFO] jsevaluator: impl::Engine::Initialize: Completed engine initialization.
2025-05-15T18:47:23.329+00:00 [INFO] jsevaluator: n1ql_impl::Engine::Configure: Completed client engine initialization.
2025-05-15T18:47:23.329+00:00 [INFO] jsevaluator: n1ql_impl::Engine::Configure: Completed engine storage ops setup.
2025-05-15T18:47:23.329+00:00 [INFO] jsevaluator: n1ql_impl::Engine::Configure: Completed engine configuration.
2025-05-15T18:47:23.329+00:00 [INFO] jsevaluator: n1ql_impl::Engine::Start: Engine is configured.
2025-05-15T18:47:23.329+00:00 [INFO] jsevaluator: n1ql_impl::Engine::Start: Starting engine.
2025-05-15T18:47:23.329+00:00 [INFO] jsevaluator: n1ql_impl::NewEvaluator: Creating and initializing new evaluator.
2025-05-15T18:47:23.329+00:00 [INFO] jsevaluator: n1ql_impl::NewEvaluator: Populating worker pool by 32.
2025-05-15T18:47:23.358+00:00 [INFO] jsevaluator: n1ql_impl::NewEvaluator: Completed populating worker pool by 32.
2025-05-15T18:47:23.358+00:00 [INFO] jsevaluator: n1ql_impl::NewEvaluator: Completed creating and initializing new evaluator.
2025-05-15T18:47:23.358+00:00 [INFO] jsevaluator: n1ql_impl::Engine::Start: Completed creating new worker pool instance.
2025-05-15T18:47:23.358+00:00 [INFO] jsevaluator: n1ql_impl::Engine::Start: Engine has been started.
2025-05-15T18:47:23.358+00:00 [INFO] Started jsevaluator for external jsevaluator with 32 runners
2025-05-15T18:47:23.358+00:00 [INFO] jsevaluator for internal javascript: impl::Engine::Initialize: Completed v8wrapper.engine creation.
2025-05-15T18:47:23.374+00:00 [INFO] jsevaluator for internal javascript: impl::Engine::Initialize: Completed v8wrapper.engine initialization.
2025-05-15T18:47:23.374+00:00 [INFO] jsevaluator for internal javascript: impl::Engine::Initialize: Completed setting up engine storage ops' log config.
2025-05-15T18:47:23.374+00:00 [INFO] jsevaluator for internal javascript: impl::Engine::Initialize: Completed setting evaluator's system log config.
2025-05-15T18:47:23.374+00:00 [INFO] jsevaluator for internal javascript: impl::Engine::Initialize: Completed setting evaluator's JsRestrictionsEnabled flag to true.
2025-05-15T18:47:23.376+00:00 [INFO] jsevaluator for internal javascript: impl::Engine::Initialize: Completed creation of compilation worker.
2025-05-15T18:47:23.376+00:00 [INFO] jsevaluator for internal javascript: impl::Engine::Initialize: Completed creating new library unload notifier.
2025-05-15T18:47:23.376+00:00 [INFO] jsevaluator for internal javascript: impl::Engine::Initialize: Completed setting up essentials of engine storage ops.
2025-05-15T18:47:23.376+00:00 [INFO] jsevaluator for internal javascript: impl::Engine::Initialize: Completed creating new dynamic engine configuration wrapper.
2025-05-15T18:47:23.376+00:00 [INFO] jsevaluator for internal javascript: impl::Engine::startServices: UDF Query feature enabled.
2025-05-15T18:47:23.376+00:00 [INFO] jsevaluator for internal javascript: Starting UDF Query Server on port 37157 Addr: 127.0.0.1:37157
2025-05-15T18:47:24.377+00:00 [INFO] jsevaluator for internal javascript: impl::Engine::Initialize: Services are healthy.
2025-05-15T18:47:24.377+00:00 [INFO] jsevaluator for internal javascript: impl::Engine::Initialize: Completed engine initialization.
2025-05-15T18:47:24.377+00:00 [INFO] jsevaluator for internal javascript: n1ql_impl::Engine::Configure: Completed client engine initialization.
2025-05-15T18:47:24.377+00:00 [INFO] jsevaluator for internal javascript: n1ql_impl::Engine::Configure: Completed engine storage ops setup.
2025-05-15T18:47:24.377+00:00 [INFO] jsevaluator for internal javascript: n1ql_impl::Engine::Configure: Completed engine configuration.
2025-05-15T18:47:24.377+00:00 [INFO] jsevaluator for internal javascript: n1ql_impl::Engine::Start: Engine is configured.
2025-05-15T18:47:24.377+00:00 [INFO] jsevaluator for internal javascript: n1ql_impl::Engine::Start: Starting engine.
2025-05-15T18:47:24.377+00:00 [INFO] jsevaluator for internal javascript: n1ql_impl::NewEvaluator: Creating and initializing new evaluator.
2025-05-15T18:47:24.377+00:00 [INFO] jsevaluator for internal javascript: n1ql_impl::NewEvaluator: Populating worker pool by 32.
2025-05-15T18:47:24.405+00:00 [INFO] jsevaluator for internal javascript: n1ql_impl::NewEvaluator: Completed populating worker pool by 32.
2025-05-15T18:47:24.405+00:00 [INFO] jsevaluator for internal javascript: n1ql_impl::NewEvaluator: Completed creating and initializing new evaluator.
2025-05-15T18:47:24.405+00:00 [INFO] jsevaluator for internal javascript: n1ql_impl::Engine::Start: Completed creating new worker pool instance.
2025-05-15T18:47:24.405+00:00 [INFO] jsevaluator for internal javascript: n1ql_impl::Engine::Start: Engine has been started.
2025-05-15T18:47:24.405+00:00 [INFO] Started jsevaluator for internal javascript with 32 runners
2025-05-15T18:47:24.405+00:00 [INFO] HttpEndpoint: Listen Address - [::]:8093
2025-05-15T18:47:24.405+00:00 [INFO] HttpEndpoint: Listen Address - 0.0.0.0:8093
2025-05-15T18:47:24.405+00:00 [INFO] Certificates have been refreshed by ns server
2025-05-15T18:47:24.406+00:00 [Info] Receive security change notification. encryption=false
2025-05-15T18:47:24.406+00:00 [INFO] HttpEndpoint: ListenTLS Address - [::]:18093
2025-05-15T18:47:24.406+00:00 [INFO] HttpEndpoint: ListenTLS Address - 0.0.0.0:18093
2025-05-15T18:47:24.406+00:00 [INFO] Updating node-to-node encryption level: {EncryptData:false DisableNonSSLPorts:false}
2025-05-15T18:47:24.407+00:00 [INFO] n1fty: Receive security change notification
2025-05-15T18:47:24.407+00:00 [Info] Certificate refreshed successfully with certFile /opt/couchbase/var/lib/couchbase/config/certs/chain.pem, keyFile /opt/couchbase/var/lib/couchbase/config/certs/pkey.pem, caFile /opt/couchbase/var/lib/couchbase/config/certs/ca.pem
2025-05-15T18:47:24.409+00:00 [INFO] n1fty: Certificate refreshed successfully with certFile /opt/couchbase/var/lib/couchbase/config/certs/chain.pem, keyFile /opt/couchbase/var/lib/couchbase/config/certs/pkey.pem, caFile /opt/couchbase/var/lib/couchbase/config/certs/ca.pem
2025-05-15T18:47:24.409+00:00 [INFO] n1fty: updateConnPools start, event:SecurityConfigChange
2025-05-15T18:47:24.409+00:00 [INFO] n1fty: onSecurityConfigChange, indexerAvail:false
2025-05-15T18:47:24.409+00:00 [INFO] n1fty: updateConnPools done, hosts:[]
2025-05-15T18:47:24.409+00:00 [INFO] n1fty: updateConnPools start, event:TopologyChange
2025-05-15T18:47:24.409+00:00 [INFO] n1fty: onTopologyChange, indexerAvail:false
2025-05-15T18:47:24.410+00:00 [INFO] n1fty: updateConnPools done, hosts:[]
2025-05-15T18:47:24.410+00:00 [ERROR] n1fty: failed to update connection pools on topologyChange, err: GetNodeDefs, err: hosts unavailable
2025-05-15T18:47:24.413+00:00 [INFO] Refreshed cluster information (rev:38)
2025-05-15T18:47:24.413+00:00 [INFO] Initial topology: no active nodes
2025-05-15T18:47:24.415+00:00 [INFO] UDF migration: Evaluating migration state
2025-05-15T18:47:24.416+00:00 [INFO] CBO stats migration: Evaluating migration state
2025-05-15T18:47:36.853+00:00 [INFO] Preparing for possible topology change: 8499a85fbc27d92b66fc0cf657a9e45a (topology-change-rebalance)
2025-05-15T18:47:36.853+00:00 [INFO] Topology 1/1: 28569ac00b9c1d7c50e39741027d428c
2025-05-15T18:47:36.855+00:00 [INFO] Topology change 8499a85fbc27d92b66fc0cf657a9e45a: (topology-change-rebalance) initiated.
2025-05-15T18:47:36.855+00:00 [INFO] Topology change 8499a85fbc27d92b66fc0cf657a9e45a: no action necessary.
2025-05-15T18:47:39.687+00:00 [INFO] Preparing for possible topology change: 1b481865da30bbe878d8f78e4808e91d (topology-change-rebalance)
2025-05-15T18:47:39.688+00:00 [INFO] Topology 1/3: 28569ac00b9c1d7c50e39741027d428c
2025-05-15T18:47:39.688+00:00 [INFO] Topology 2/3: 7a33d46fd1976e65466c5efc8b45ef2e
2025-05-15T18:47:39.688+00:00 [INFO] Topology 3/3: 80960cc3730024bccd4fc49444efdc14
2025-05-15T18:47:39.693+00:00 [INFO] Topology change 1b481865da30bbe878d8f78e4808e91d: (topology-change-rebalance) initiated.
2025-05-15T18:47:39.693+00:00 [INFO] Topology change 1b481865da30bbe878d8f78e4808e91d: no action necessary.
2025-05-15T18:47:52.291+00:00 [INFO] Query Engine Stats {"cores":10,"cpu.sys.percent":0.0013,"cpu.user.percent":0.0055,"ffdc.total":0,"gc.num":30237792,"gc.pause.percent":0,"gc.pause.time":"3.607752ms","healthy":true,"host.memory.free":1886707712,"host.memory.quota":0,"host.memory.total":8217968640,"host.memory.value_quota":0,"load":0,"loadfactor":33,"local.time":"2025-05-15T18:47:52.291Z","memory.system":31806728,"memory.total":19473136,"memory.usage":16415720,"node.allocated.values":1,"node.memory.usage":209715200,"process.memory.usage":1,"process.percore.cpupercent":0.06,"process.rss":103788544,"process.service.usage":0,"request.active.count":0,"request.completed.count":0,"request.per.sec.15min":0,"request.per.sec.1min":0,"request.per.sec.5min":0,"request.prepared.percent":0,"request.queued.count":0,"request_time.80percentile":"0s","request_time.95percentile":"0s","request_time.99percentile":"0s","request_time.mean":"0s","request_time.median":"0s","servicers.paused.count":0,"servicers.paused.total":0,"temp.hwm":0,"temp.usage":0,"total.threads":271,"uptime":"30.020435805s","version":"7.6.2-N1QL"}
2025-05-15T18:47:54.419+00:00 [INFO] CBO stats migration: Start migration of all buckets
2025-05-15T18:47:54.419+00:00 [INFO] UDF migration: Start migration of all buckets
2025-05-15T18:47:54.419+00:00 [INFO] CBO stats migration: N1QL_SYSTEM_BUCKET.N1QL_SYSTEM_SCOPE.N1QL_CBO_STATS not found
2025-05-15T18:47:54.449+00:00 [INFO] Refreshed bucket doom-scrolling (f70f561d)
2025-05-15T18:47:54.458+00:00 [INFO] Loaded manifest for bucket doom-scrolling id 1
2025-05-15T18:47:54.459+00:00 [INFO] Loaded bucket doom-scrolling (f70f561d)
2025-05-15T18:47:54.459+00:00 [INFO] [0x4000700c88:doomling:f70f561d:0001] Updater: Streaming http://127.0.0.1:8091/pools/default/bucketsStreaming/doom-scrolling
2025-05-15T18:47:54.461+00:00 [INFO] CBO stats migration: Evaluating bucket (doom-scrolling) migration state (0)
2025-05-15T18:47:54.461+00:00 [INFO] UDF migration: Evaluating bucket (doom-scrolling) migration state (0)
2025-05-15T18:47:54.461+00:00 [INFO] CBO stats migration: System collection available (bucket doom-scrolling)
2025-05-15T18:47:54.461+00:00 [INFO] CBO stats migration: Start CBO stats migration for bucket doom-scrolling
2025-05-15T18:47:54.461+00:00 [INFO] UDF migration: System collection available (bucket doom-scrolling)
2025-05-15T18:47:54.461+00:00 [INFO] UDF migration: Start UDF migration for bucket doom-scrolling
2025-05-15T18:47:54.461+00:00 [INFO] CBO stats migration: End CBO stats migration for bucket doom-scrolling - no CBO stats found
2025-05-15T18:47:54.463+00:00 [INFO] UDF migration: End UDF migration for bucket doom-scrolling complete true
2025-05-15T18:47:54.464+00:00 [INFO] UDF migration: Mark migration as complete
2025-05-15T18:47:54.478+00:00 [INFO] CBO_STATS migration: Metakv callback - migration state changed to migrated
2025-05-15T18:47:54.478+00:00 [INFO] CBO_STATS migration: Complete with no waiters
2025-05-15T18:47:54.478+00:00 [INFO] CBO stats migration: Check for completion, no CBO stats found
2025-05-15T18:47:54.479+00:00 [INFO] UDF migration: End migration of all buckets
2025-05-15T18:47:54.479+00:00 [INFO] UDF migration: Metakv callback - migration state changed to migrated
2025-05-15T18:47:54.479+00:00 [INFO] UDF migration: Complete with no waiters
2025-05-15T18:47:54.482+00:00 [INFO] CBO stats migration: Removal of old CBO stats entries complete
2025-05-15T18:47:54.482+00:00 [INFO] CBO stats migration: End migration of all buckets
2025-05-15T18:47:54.491+00:00 [Info] creating GsiClient for 127.0.0.1:8091
2025-05-15T18:47:54.491+00:00 [Info] Receive security change notification. encryption=false
2025-05-15T18:47:54.502+00:00 [Info] Certificate refreshed successfully with certFile /opt/couchbase/var/lib/couchbase/config/certs/chain.pem, keyFile /opt/couchbase/var/lib/couchbase/config/certs/pkey.pem, caFile /opt/couchbase/var/lib/couchbase/config/certs/ca.pem
2025-05-15T18:47:54.505+00:00 [Info] InitSystemEventLogger: Started SystemEventLogger
2025-05-15T18:47:54.525+00:00 [Info] New settings received on path: /indexing/settings/config, value: 
{"indexer.plasma.backIndex.enablePageBloomFilter":true,"indexer.settings.allow_large_keys":true,"indexer.settings.bufferPoolBlockSize":16384,"indexer.settings.build.batch_size":5,"indexer.settings.compaction.abort_exceed_interval":false,"indexer.settings.compaction.check_period":30,"indexer.settings.compaction.compaction_mode":"circular","indexer.settings.compaction.days_of_week":"Sunday,Monday,Tuesday,Wednesday,Thursday,Friday,Saturday","indexer.settings.compaction.interval":"00:00,00:00","indexer.settings.compaction.min_frag":30,"indexer.settings.compaction.min_size":524288000,"indexer.settings.compaction.plasma.manual":false,"indexer.settings.compaction.plasma.optional.decrement":5,"indexer.settings.compaction.plasma.optional.min_frag":20,"indexer.settings.compaction.plasma.optional.quota":25,"indexer.settings.corrupt_index_num_backups":1,"indexer.settings.cpuProfDir":"","indexer.settings.cpuProfile":false,"indexer.settings.defer_build":false,"indexer.settings.eTagPeriod":240,"indexer.settings.enable_corrupt_index_backup":false,"indexer.settings.enable_page_bloom_filter":true,"indexer.settings.enable_shard_affinity":false,"indexer.settings.fast_flush_mode":true,"indexer.settings.gc_percent":100,"indexer.settings.inmemory_snapshot.fdb.interval":200,"indexer.settings.inmemory_snapshot.interval":200,"indexer.settings.inmemory_snapshot.moi.interval":10,"indexer.settings.largeSnapshotThreshold":200,"indexer.settings.log_level":"info","indexer.settings.maxNumPartitions":64,"indexer.settings.maxVbQueueLength":0,"indexer.settings.max_array_seckey_size":10240,"indexer.settings.max_cpu_percent":0,"indexer.settings.max_seckey_size":4608,"indexer.settings.max_writer_lock_prob":20,"indexer.settings.memProfDir":"","indexer.settings.memProfile":false,"indexer.settings.memory_quota":536870912,"indexer.settings.minVbQueueLength":30,"indexer.settings.moi.debug":false,"indexer.settings.moi.persistence_threads":5,"indexer.settings.moi.recovery.max_rollbacks":2,"indexer.settings.moi.recovery_threads":10,"indexer.settings.num_replica":0,"indexer.settings.percentage_memory_quota":0,"indexer.settings.persisted_snapshot.fdb.interval":5000,"indexer.settings.persisted_snapshot.interval":5000,"indexer.settings.persisted_snapshot.moi.interval":600000,"indexer.settings.persisted_snapshot_init_build.fdb.interval":5000,"indexer.settings.persisted_snapshot_init_build.interval":5000,"indexer.settings.persisted_snapshot_init_build.moi.interval":600000,"indexer.settings.plasma.recovery.max_rollbacks":2,"indexer.settings.rebalance.blob_storage_bucket":"","indexer.settings.rebalance.blob_storage_prefix":"","indexer.settings.rebalance.blob_storage_region":"","indexer.settings.rebalance.blob_storage_scheme":"","indexer.settings.rebalance.redistribute_indexes":false,"indexer.settings.recovery.max_rollbacks":2,"indexer.settings.scan_getseqnos_retries":30,"indexer.settings.scan_timeout":120000,"indexer.settings.send_buffer_size":1024,"indexer.settings.serverless.indexLimit":201,"indexer.settings.sliceBufSize":2000,"indexer.settings.smallSnapshotThreshold":30,"indexer.settings.snapshotListeners":5,"indexer.settings.snapshotRequestWorkers":5,"indexer.settings.statsLogDumpInterval":60,"indexer.settings.storage_mode":"plasma","indexer.settings.storage_mode.disable_upgrade":false,"indexer.settings.thresholds.mem_high":70,"indexer.settings.thresholds.mem_low":50,"indexer.settings.thresholds.units_high":60,"indexer.settings.thresholds.units_low":40,"indexer.settings.units_quota":10000,"indexer.settings.wal_size":4096,"projector.settings.log_level":"info","queryport.client.settings.backfillLimit":5120,"queryport.client.settings.closeActiveConnections":true,"queryport.client.settings.minPoolSizeWM":1000,"queryport.client.settings.poolOverflow":30,"queryport.client.settings.poolSize":5000,"queryport.client.settings.relConnBatchSize":100}
2025-05-15T18:47:54.541+00:00 [Info] security context initialized
2025-05-15T18:47:54.541+00:00 [Info] security port mapping updated : map[11210:11207 8091:18091 8093:18093 9100:9100 9101:9101 9102:19102 9103:9103 9104:9104 9105:9105 9999:9999]
2025-05-15T18:47:54.545+00:00 [Info] Terminating WatchClusterVersionChanges: Cluster version is >= 9
2025-05-15T18:47:54.549+00:00 [Info] MetadataProvider.SetClusterStatus(): healthy nodes 3 failed node 0 unhealthy node 0 add node 0
2025-05-15T18:47:54.549+00:00 [Info] Refreshing indexer list due to cluster changes or auto-refresh.
2025-05-15T18:47:54.549+00:00 [Info] Refreshed Indexer List: [172.19.0.4:9100 db2.lan:9100 db3.lan:9100]
2025-05-15T18:47:54.549+00:00 [Info] MetadataProvider.WatchMetadata(): indexer 172.19.0.4:9100
2025-05-15T18:47:54.553+00:00 [Info] internalVersionMonitor:monitor starting. Term versions (9:7.0.4)
2025-05-15T18:47:54.553+00:00 [Info] internalVersionMonitor:ticker starting ...
2025-05-15T18:47:54.553+00:00 [Info] internalVersionMonitor:notifier starting ...
2025-05-15T18:47:54.553+00:00 [Info] watcher:ClientAuth successful for 172.19.0.4:9100
2025-05-15T18:47:54.553+00:00 [Info] internalVersionMonitor:monitor terminate. Cluster version reached 9
2025-05-15T18:47:54.554+00:00 [Info] internalVersionMonitor:ticker stopping ...
2025-05-15T18:47:54.559+00:00 [Info] WatchMetadata(): successfully reach indexer at 172.19.0.4:9100.
2025-05-15T18:47:54.559+00:00 [Info] MetadataProvider.WatchMetadata(): indexer db2.lan:9100
2025-05-15T18:47:54.564+00:00 [Info] watcher:ClientAuth successful for 172.19.0.2:9100
2025-05-15T18:47:54.572+00:00 [Info] WatchMetadata(): successfully reach indexer at db2.lan:9100.
2025-05-15T18:47:54.572+00:00 [Info] MetadataProvider.WatchMetadata(): indexer db3.lan:9100
2025-05-15T18:47:54.575+00:00 [Info] watcher:ClientAuth successful for 172.19.0.3:9100
2025-05-15T18:47:54.582+00:00 [Info] WatchMetadata(): successfully reach indexer at db3.lan:9100.
2025-05-15T18:47:54.583+00:00 [Info] MetadataProvider: Updating indexer version to 9
2025-05-15T18:47:54.583+00:00 [Info] initialized currmeta 3 force true 
2025-05-15T18:47:54.584+00:00 [Info] serviceChangeNotifier: Creating new notifier instance for http://%40cbq-engine@127.0.0.1:8091-default
2025-05-15T18:47:54.585+00:00 [Info] serviceChangeNotifier: received ServiceChangeNotification
2025-05-15T18:47:54.586+00:00 [Info] serviceChangeNotifier: Starting to monitor the bucket streaming endpoint for bucket: doom-scrolling
2025-05-15T18:47:54.586+00:00 [Info] serviceChangeNotifier: received PoolChangeNotification
2025-05-15T18:47:54.586+00:00 [Info] [Queryport-connpool:db3.lan:9101] started poolsize 5000 overflow 30 low WM 1000 relConn batch size 100 ...
2025-05-15T18:47:54.586+00:00 [Info] [Queryport-connpool:db3.lan:9101] Started active connections updates consumer ... 
2025-05-15T18:47:54.586+00:00 [Info] [GsiScanClient:"db3.lan:9101"] started ...
2025-05-15T18:47:54.587+00:00 [Info] [Queryport-connpool:db3.lan:9101] open new connection ...
2025-05-15T18:47:54.588+00:00 [Info] Refreshing indexer list due to cluster changes or auto-refresh.
2025-05-15T18:47:54.588+00:00 [Info] Refreshed Indexer List: [172.19.0.4:9100 db2.lan:9100 db3.lan:9100]
2025-05-15T18:47:54.589+00:00 [Info] metadataClient::safeupdate switched currmeta from 3 -> 3 force true tracker 2
2025-05-15T18:47:54.590+00:00 [Info] Refreshing indexer list due to cluster changes or auto-refresh.
2025-05-15T18:47:54.590+00:00 [Info] Refreshed Indexer List: [172.19.0.4:9100 db2.lan:9100 db3.lan:9100]
2025-05-15T18:47:54.591+00:00 [Info] metadataClient::safeupdate switched currmeta from 3 -> 3 force true tracker 3
2025-05-15T18:47:54.600+00:00 [Info] [Queryport-connpool:172.19.0.4:9101] started poolsize 5000 overflow 30 low WM 1000 relConn batch size 100 ...
2025-05-15T18:47:54.600+00:00 [Info] [Queryport-connpool:172.19.0.4:9101] Started active connections updates consumer ... 
2025-05-15T18:47:54.600+00:00 [Info] [GsiScanClient:"172.19.0.4:9101"] started ...
2025-05-15T18:47:54.602+00:00 [Info] [Queryport-connpool:172.19.0.4:9101] open new connection ...
2025-05-15T18:47:54.605+00:00 [Info] [Queryport-connpool:db2.lan:9101] started poolsize 5000 overflow 30 low WM 1000 relConn batch size 100 ...
2025-05-15T18:47:54.605+00:00 [Info] [Queryport-connpool:db2.lan:9101] Started active connections updates consumer ... 
2025-05-15T18:47:54.605+00:00 [Info] [GsiScanClient:"db2.lan:9101"] started ...
2025-05-15T18:47:54.607+00:00 [Info] [Queryport-connpool:db2.lan:9101] open new connection ...
2025-05-15T18:47:54.608+00:00 [Info] GSIC[default/doom-scrolling-_system-_query-1747334874479259178] started ...
2025-05-15T18:47:54.608+00:00 [Info] Receive security change notification. encryption=false
2025-05-15T18:47:54.610+00:00 [Info] Certificate refreshed successfully with certFile /opt/couchbase/var/lib/couchbase/config/certs/chain.pem, keyFile /opt/couchbase/var/lib/couchbase/config/certs/pkey.pem, caFile /opt/couchbase/var/lib/couchbase/config/certs/ca.pem
2025-05-15T18:47:54.610+00:00 [INFO] n1fty: NewFTSIndexer2, server: http://127.0.0.1:8091, namespace: default, bucket: doom-scrolling, scope: _system, keyspace: _query
2025-05-15T18:47:54.618+00:00 [Info] CreateIndex doom-scrolling _system _query #primary ...
2025-05-15T18:47:54.618+00:00 [Info] send prepare create request to watcher 172.19.0.4:9100, defnId: 17514355370907628042
2025-05-15T18:47:54.618+00:00 [Info] send prepare create request to watcher db2.lan:9100, defnId: 17514355370907628042
2025-05-15T18:47:54.618+00:00 [Info] send prepare create request to watcher db3.lan:9100, defnId: 17514355370907628042
2025-05-15T18:47:54.618+00:00 [Info] Indexer db2.lan:9100 accept prepare request. Index (doom-scrolling, _system, _query, #primary, 17514355370907628042)
2025-05-15T18:47:54.618+00:00 [Info] Indexer db3.lan:9100 accept prepare request. Index (doom-scrolling, _system, _query, #primary, 17514355370907628042)
2025-05-15T18:47:54.618+00:00 [Info] Indexer 172.19.0.4:9100 accept prepare request. Index (doom-scrolling, _system, _query, #primary, 17514355370907628042)
2025-05-15T18:47:54.649+00:00 [Info] Planner::processCreateToken: There is no create token to process for node: db2.lan:8091
2025-05-15T18:47:54.649+00:00 [Info] Planner::processCreateToken: There is no create token to process for node: 172.19.0.4:8091
2025-05-15T18:47:54.649+00:00 [Info] Planner::processCreateToken: There is no create token to process for node: db3.lan:8091
2025-05-15T18:47:54.651+00:00 [Info] Planner::processDeleteToken: There is no delete token to process for node: db3.lan:8091
2025-05-15T18:47:54.651+00:00 [Info] Planner::processDeleteToken: There is no delete token to process for node: 172.19.0.4:8091
2025-05-15T18:47:54.651+00:00 [Info] Planner::processDeleteToken: There is no delete token to process for node: db2.lan:8091
2025-05-15T18:47:54.652+00:00 [Info] Planner::processDropInstanceToken: There is no drop instance token to process for node: 172.19.0.4:8091
2025-05-15T18:47:54.652+00:00 [Info] Planner::processDropInstanceToken: There is no drop instance token to process for node: db2.lan:8091
2025-05-15T18:47:54.652+00:00 [Info] Planner::processDropInstanceToken: There is no drop instance token to process for node: db3.lan:8091
2025-05-15T18:47:54.656+00:00 [Info] Using greedy index placement for index 17514355370907628042
2025-05-15T18:47:54.656+00:00 [Info] ************ Indexer Layout *************
2025-05-15T18:47:54.656+00:00 [Info] Using GreedyPlanner
2025-05-15T18:47:54.656+00:00 [Info] Indexer Memory Mean 0 (0)
2025-05-15T18:47:54.656+00:00 [Info] Indexer Memory Deviation 0 (0) (0.00%)
2025-05-15T18:47:54.656+00:00 [Info] Indexer Memory Utilization 0.0000
2025-05-15T18:47:54.656+00:00 [Info] Indexer CPU Mean 0.0000
2025-05-15T18:47:54.656+00:00 [Info] Indexer CPU Deviation 0.00 (0.00%)
2025-05-15T18:47:54.656+00:00 [Info] Indexer CPU Utilization 0.0000
2025-05-15T18:47:54.656+00:00 [Info] Indexer IO Mean 0.0000
2025-05-15T18:47:54.656+00:00 [Info] Indexer IO Deviation 0.00 (0.00%)
2025-05-15T18:47:54.656+00:00 [Info] Indexer Drain Rate Mean 0.0000
2025-05-15T18:47:54.656+00:00 [Info] Indexer Drain Rate Deviation 0.00 (0.00%)
2025-05-15T18:47:54.656+00:00 [Info] Indexer Scan Rate Mean 0.0000
2025-05-15T18:47:54.656+00:00 [Info] Indexer Scan Rate Deviation 0.00 (0.00%)
2025-05-15T18:47:54.656+00:00 [Info] Indexer Data Size Mean 0 (0)
2025-05-15T18:47:54.656+00:00 [Info] Indexer Data Size Deviation 0 (0) (0.00%)
2025-05-15T18:47:54.656+00:00 [Info] Total Index Data (from non-deleted node) 0
2025-05-15T18:47:54.656+00:00 [Info] Index Data Moved (exclude new node) 0 (0.00%)
2025-05-15T18:47:54.656+00:00 [Info] No. Index (from non-deleted node) 0
2025-05-15T18:47:54.656+00:00 [Info] No. Index Moved (exclude new node) 0 (0.00%)
2025-05-15T18:47:54.656+00:00 [Info] ----------------------------------------
2025-05-15T18:47:54.656+00:00 [Info] Number of indexes: 2
2025-05-15T18:47:54.656+00:00 [Info] Number of indexers: 3
2025-05-15T18:47:54.656+00:00 [Info] Avg Index Size: 0 (0)
2025-05-15T18:47:54.656+00:00 [Info] Max Index Size: 0 (0)
2025-05-15T18:47:54.656+00:00 [Info] Max Indexer Overhead: 0 (0)
2025-05-15T18:47:54.656+00:00 [Info] Avg Index Cpu: 0.0000
2025-05-15T18:47:54.656+00:00 [Info] Max Index Cpu: 0.0000
2025-05-15T18:47:54.656+00:00 [Info] Num Estimation Run: 1
2025-05-15T18:47:54.656+00:00 [Info] ----------------------------------------
2025-05-15T18:47:54.656+00:00 [Info] Memory Quota 536870912 (512M)
2025-05-15T18:47:54.656+00:00 [Info] CPU Quota 10
2025-05-15T18:47:54.656+00:00 [Info] Max Cpu Utilization -1
2025-05-15T18:47:54.656+00:00 [Info] Max Memory Utilization -1
2025-05-15T18:47:54.656+00:00 [Info] ----------------------------------------
2025-05-15T18:47:54.656+00:00 [Info] Total iteration: 0
2025-05-15T18:47:54.656+00:00 [Info] RandomSwap time: 0ns
2025-05-15T18:47:54.656+00:00 [Info] RandomSwap call: 0
2025-05-15T18:47:54.656+00:00 [Info] RandomSwap iteration: 0
2025-05-15T18:47:54.656+00:00 [Info] RandomMove time: 0ns
2025-05-15T18:47:54.656+00:00 [Info] RandomMove call: 0 (empty index 0)
2025-05-15T18:47:54.656+00:00 [Info] ExhaustMove time: 0ns
2025-05-15T18:47:54.656+00:00 [Info] ExhaustMove call: 0
2025-05-15T18:47:54.656+00:00 [Info] ExhaustSwap time: 0ns
2025-05-15T18:47:54.656+00:00 [Info] ExhaustSwap call: 0
2025-05-15T18:47:54.656+00:00 [Info] ----------------------------------------
2025-05-15T18:47:54.656+00:00 [Info] 
2025-05-15T18:47:54.656+00:00 [Info] Indexer serverGroup:Group 1, nodeId:db2.lan:8091, nodeUUID:7a33d46fd1976e65466c5efc8b45ef2e, useLiveData:true
2025-05-15T18:47:54.656+00:00 [Info] Indexer total memory:0 (0), mem:0 (0), overhead:0 (0), min:0 (0), data:0 (0) cpu:0.0000, io:0 (0), scan:0 drain:0 numIndexes:1 shardCompatVersion: 1
2025-05-15T18:47:54.656+00:00 [Info] Indexer isDeleted:false isNew:false exclude: meetConstraint:true usageRatio:0 allowDDLDuringScaleup:false
2025-05-15T18:47:54.656+00:00 [Info] 		------------------------------------------------------------------------------------------------------------------
2025-05-15T18:47:54.656+00:00 [Info] 		Index name:#primary 0, bucket:doom-scrolling, scope:_system, collection:_query, defnId:17514355370907628042, instId:17258843541758764520, Partition: 0, new/moved:true shardProxy: false, numInstances: 0, alternateShardIds: [], shardIds: [], shardIdsInDefn: map[]
2025-05-15T18:47:54.656+00:00 [Info] 		Index total memory:0 (0), mem:0 (0), overhead:0 (0), min:0 (0), data:0 (0) cpu:0.0000 io:0 (0) scan:0 drain:0
2025-05-15T18:47:54.656+00:00 [Info] 		Index resident:0% build:0% estimated:false equivCheck:true pendingCreate:false pendingDelete:false
2025-05-15T18:47:54.656+00:00 [Info] 
2025-05-15T18:47:54.656+00:00 [Info] Indexer serverGroup:Group 1, nodeId:db3.lan:8091, nodeUUID:80960cc3730024bccd4fc49444efdc14, useLiveData:true
2025-05-15T18:47:54.656+00:00 [Info] Indexer total memory:0 (0), mem:0 (0), overhead:0 (0), min:0 (0), data:0 (0) cpu:0.0000, io:0 (0), scan:0 drain:0 numIndexes:1 shardCompatVersion: 1
2025-05-15T18:47:54.656+00:00 [Info] Indexer isDeleted:false isNew:false exclude: meetConstraint:true usageRatio:0 allowDDLDuringScaleup:false
2025-05-15T18:47:54.656+00:00 [Info] 		------------------------------------------------------------------------------------------------------------------
2025-05-15T18:47:54.656+00:00 [Info] 		Index name:#primary 0 (replica 1), bucket:doom-scrolling, scope:_system, collection:_query, defnId:17514355370907628042, instId:17258843541758764520, Partition: 0, new/moved:true shardProxy: false, numInstances: 0, alternateShardIds: [], shardIds: [], shardIdsInDefn: map[]
2025-05-15T18:47:54.656+00:00 [Info] 		Index total memory:0 (0), mem:0 (0), overhead:0 (0), min:0 (0), data:0 (0) cpu:0.0000 io:0 (0) scan:0 drain:0
2025-05-15T18:47:54.656+00:00 [Info] 		Index resident:0% build:0% estimated:false equivCheck:true pendingCreate:false pendingDelete:false
2025-05-15T18:47:54.656+00:00 [Info] 
2025-05-15T18:47:54.656+00:00 [Info] Indexer serverGroup:Group 1, nodeId:172.19.0.4:8091, nodeUUID:28569ac00b9c1d7c50e39741027d428c, useLiveData:true
2025-05-15T18:47:54.656+00:00 [Info] Indexer total memory:0 (0), mem:0 (0), overhead:0 (0), min:0 (0), data:0 (0) cpu:0.0000, io:0 (0), scan:0 drain:0 numIndexes:0 shardCompatVersion: 1
2025-05-15T18:47:54.656+00:00 [Info] Indexer isDeleted:false isNew:false exclude: meetConstraint:true usageRatio:0 allowDDLDuringScaleup:false
2025-05-15T18:47:54.656+00:00 [Info] ****************************************
2025-05-15T18:47:54.656+00:00 [Info] send commit create request to watcher 172.19.0.4:9100 defnID 17514355370907628042
2025-05-15T18:47:54.657+00:00 [Info] send commit create request to watcher db2.lan:9100 defnID 17514355370907628042
2025-05-15T18:47:54.657+00:00 [Info] send commit create request to watcher db3.lan:9100 defnID 17514355370907628042
2025-05-15T18:47:54.675+00:00 [Info] Refreshing indexer list due to cluster changes or auto-refresh.
2025-05-15T18:47:54.675+00:00 [Info] Refreshed Indexer List: [172.19.0.4:9100 db2.lan:9100 db3.lan:9100]
2025-05-15T18:47:54.677+00:00 [Info] metadataClient::safeupdate switched currmeta from 3 -> 6 force true tracker 4
2025-05-15T18:47:54.680+00:00 [Info] Refreshing indexer list due to cluster changes or auto-refresh.
2025-05-15T18:47:54.680+00:00 [Info] Refreshed Indexer List: [172.19.0.4:9100 db2.lan:9100 db3.lan:9100]
2025-05-15T18:47:54.681+00:00 [Info] metadataClient::safeupdate switched currmeta from 6 -> 6 force true tracker 5
2025-05-15T18:47:54.703+00:00 [Info] Refreshing indexer list due to cluster changes or auto-refresh.
2025-05-15T18:47:54.703+00:00 [Info] Refreshed Indexer List: [172.19.0.4:9100 db2.lan:9100 db3.lan:9100]
2025-05-15T18:47:54.703+00:00 [Info] metadataClient::safeupdate switched currmeta from 6 -> 7 force true tracker 6
2025-05-15T18:47:54.706+00:00 [Info] Refreshing indexer list due to cluster changes or auto-refresh.
2025-05-15T18:47:54.706+00:00 [Info] Refreshed Indexer List: [172.19.0.4:9100 db2.lan:9100 db3.lan:9100]
2025-05-15T18:47:54.707+00:00 [Info] metadataClient::safeupdate switched currmeta from 7 -> 9 force true tracker 7
2025-05-15T18:47:54.708+00:00 [Info] Refreshing indexer list due to cluster changes or auto-refresh.
2025-05-15T18:47:54.708+00:00 [Info] Refreshed Indexer List: [172.19.0.4:9100 db2.lan:9100 db3.lan:9100]
2025-05-15T18:47:54.709+00:00 [Info] metadataClient::safeupdate switched currmeta from 9 -> 10 force true tracker 8
2025-05-15T18:47:54.711+00:00 [Info] Refreshing indexer list due to cluster changes or auto-refresh.
2025-05-15T18:47:54.711+00:00 [Info] Refreshed Indexer List: [172.19.0.4:9100 db2.lan:9100 db3.lan:9100]
2025-05-15T18:47:54.712+00:00 [Info] metadataClient::safeupdate switched currmeta from 10 -> 10 force true tracker 9
2025-05-15T18:47:54.796+00:00 [Info] serviceChangeNotifier: received PoolChangeNotification
2025-05-15T18:47:54.798+00:00 [Info] Refreshing indexer list due to cluster changes or auto-refresh.
2025-05-15T18:47:54.798+00:00 [Info] Refreshed Indexer List: [172.19.0.4:9100 db2.lan:9100 db3.lan:9100]
2025-05-15T18:47:54.799+00:00 [Info] metadataClient::safeupdate switched currmeta from 10 -> 10 force true tracker 10
2025-05-15T18:47:54.857+00:00 [Info] Refreshing indexer list due to cluster changes or auto-refresh.
2025-05-15T18:47:54.857+00:00 [Info] Refreshed Indexer List: [172.19.0.4:9100 db2.lan:9100 db3.lan:9100]
2025-05-15T18:47:54.858+00:00 [Info] metadataClient::safeupdate switched currmeta from 10 -> 12 force true tracker 11
2025-05-15T18:47:54.860+00:00 [Info] Refreshing indexer list due to cluster changes or auto-refresh.
2025-05-15T18:47:54.860+00:00 [Info] Refreshed Indexer List: [172.19.0.4:9100 db2.lan:9100 db3.lan:9100]
2025-05-15T18:47:54.861+00:00 [Info] metadataClient::safeupdate switched currmeta from 12 -> 12 force true tracker 12
2025-05-15T18:47:56.729+00:00 [Info] Refreshing indexer list due to cluster changes or auto-refresh.
2025-05-15T18:47:56.729+00:00 [Info] Refreshed Indexer List: [172.19.0.4:9100 db2.lan:9100 db3.lan:9100]
2025-05-15T18:47:56.731+00:00 [Info] metadataClient::safeupdate switched currmeta from 12 -> 13 force true tracker 13
2025-05-15T18:47:56.759+00:00 [Info] CreateIndex 17514355370907628042 doom-scrolling _system _query/#primary using:GSI exprType:N1QL whereExpr:<ud>()</ud> secExprs:<ud>([])</ud> desc:[] indexMissingLeadingKey:false isPrimary:true scheme:SINGLE  partitionKeys:<ud>([])</ud> with:{"num_replica":1} - elapsed(2.141087501s) err(<nil>)
2025-05-15T18:47:56.759+00:00 [Info] metadata provider version changed 13 -> 14
2025-05-15T18:47:56.759+00:00 [Info] metadataClient::safeupdate switched currmeta from 13 -> 14 force false tracker 14
2025-05-15T18:47:56.760+00:00 [Info] Refreshing indexer list due to cluster changes or auto-refresh.
2025-05-15T18:47:56.761+00:00 [Info] Refreshed Indexer List: [172.19.0.4:9100 db2.lan:9100 db3.lan:9100]
2025-05-15T18:47:56.761+00:00 [Info] metadataClient::safeupdate switched currmeta from 14 -> 14 force true tracker 15
2025-05-15T18:47:57.010+00:00 [INFO] UDF migration: Primary index on system collection available for bucket doom-scrolling
2025-05-15T18:47:59.801+00:00 [Info] serviceChangeNotifier: received PoolChangeNotification
2025-05-15T18:47:59.803+00:00 [Info] Refreshing indexer list due to cluster changes or auto-refresh.
2025-05-15T18:47:59.803+00:00 [Info] Refreshed Indexer List: [172.19.0.4:9100 db2.lan:9100 db3.lan:9100]
2025-05-15T18:47:59.804+00:00 [Info] metadataClient::safeupdate switched currmeta from 14 -> 14 force true tracker 16
2025-05-15T18:48:03.303+00:00 [Info] Rollback time has changed for the following indexes 
{Index inst : [partitions]}: map[3424536778501100706:[0]]. 	 New rollbacktime: 1747334874696173678, Old rollbacktime: 0
2025-05-15T18:48:03.303+00:00 [Info] Rollback time has changed for the following indexes 
{Index inst : [partitions]}: map[11270617327054732582:[0]]. 	 New rollbacktime: 1747334874698761720, Old rollbacktime: 0
2025-05-15T18:48:25.089+00:00 [Info] New settings received on path: /indexing/settings/config, value: 
{"indexer.plasma.backIndex.enableInMemoryCompression":true,"indexer.plasma.backIndex.enablePageBloomFilter":true,"indexer.plasma.mainIndex.enableInMemoryCompression":true,"indexer.settings.allow_large_keys":true,"indexer.settings.bufferPoolBlockSize":16384,"indexer.settings.build.batch_size":5,"indexer.settings.compaction.abort_exceed_interval":false,"indexer.settings.compaction.check_period":30,"indexer.settings.compaction.compaction_mode":"circular","indexer.settings.compaction.days_of_week":"Sunday,Monday,Tuesday,Wednesday,Thursday,Friday,Saturday","indexer.settings.compaction.interval":"00:00,00:00","indexer.settings.compaction.min_frag":30,"indexer.settings.compaction.min_size":524288000,"indexer.settings.compaction.plasma.manual":false,"indexer.settings.compaction.plasma.optional.decrement":5,"indexer.settings.compaction.plasma.optional.min_frag":20,"indexer.settings.compaction.plasma.optional.quota":25,"indexer.settings.corrupt_index_num_backups":1,"indexer.settings.cpuProfDir":"","indexer.settings.cpuProfile":false,"indexer.settings.defer_build":false,"indexer.settings.eTagPeriod":240,"indexer.settings.enable_corrupt_index_backup":false,"indexer.settings.enable_page_bloom_filter":true,"indexer.settings.enable_shard_affinity":false,"indexer.settings.fast_flush_mode":true,"indexer.settings.gc_percent":100,"indexer.settings.inmemory_snapshot.fdb.interval":200,"indexer.settings.inmemory_snapshot.interval":200,"indexer.settings.inmemory_snapshot.moi.interval":10,"indexer.settings.largeSnapshotThreshold":200,"indexer.settings.log_level":"info","indexer.settings.maxNumPartitions":64,"indexer.settings.maxVbQueueLength":0,"indexer.settings.max_array_seckey_size":10240,"indexer.settings.max_cpu_percent":0,"indexer.settings.max_seckey_size":4608,"indexer.settings.max_writer_lock_prob":20,"indexer.settings.memProfDir":"","indexer.settings.memProfile":false,"indexer.settings.memory_quota":536870912,"indexer.settings.minVbQueueLength":30,"indexer.settings.moi.debug":false,"indexer.settings.moi.persistence_threads":5,"indexer.settings.moi.recovery.max_rollbacks":2,"indexer.settings.moi.recovery_threads":10,"indexer.settings.num_replica":0,"indexer.settings.percentage_memory_quota":0,"indexer.settings.persisted_snapshot.fdb.interval":5000,"indexer.settings.persisted_snapshot.interval":5000,"indexer.settings.persisted_snapshot.moi.interval":600000,"indexer.settings.persisted_snapshot_init_build.fdb.interval":5000,"indexer.settings.persisted_snapshot_init_build.interval":5000,"indexer.settings.persisted_snapshot_init_build.moi.interval":600000,"indexer.settings.plasma.recovery.max_rollbacks":2,"indexer.settings.rebalance.blob_storage_bucket":"","indexer.settings.rebalance.blob_storage_prefix":"","indexer.settings.rebalance.blob_storage_region":"","indexer.settings.rebalance.blob_storage_scheme":"","indexer.settings.rebalance.redistribute_indexes":false,"indexer.settings.recovery.max_rollbacks":2,"indexer.settings.scan_getseqnos_retries":30,"indexer.settings.scan_timeout":120000,"indexer.settings.send_buffer_size":1024,"indexer.settings.serverless.indexLimit":201,"indexer.settings.sliceBufSize":2000,"indexer.settings.smallSnapshotThreshold":30,"indexer.settings.snapshotListeners":5,"indexer.settings.snapshotRequestWorkers":5,"indexer.settings.statsLogDumpInterval":60,"indexer.settings.storage_mode":"plasma","indexer.settings.storage_mode.disable_upgrade":false,"indexer.settings.thresholds.mem_high":70,"indexer.settings.thresholds.mem_low":50,"indexer.settings.thresholds.units_high":60,"indexer.settings.thresholds.units_low":40,"indexer.settings.units_quota":10000,"indexer.settings.wal_size":4096,"projector.settings.log_level":"info","queryport.client.settings.backfillLimit":5120,"queryport.client.settings.closeActiveConnections":true,"queryport.client.settings.minPoolSizeWM":1000,"queryport.client.settings.poolOverflow":30,"queryport.client.settings.poolSize":5000,"queryport.client.settings.relConnBatchSize":100}
2025-05-15T18:48:54.584+00:00 [Info] connected with 3 indexers
2025-05-15T18:48:54.584+00:00 [Info] client stats current counts: current: 2, not current: 0
2025-05-15T18:48:54.611+00:00 [Info] num concurrent scans {0}
2025-05-15T18:48:54.611+00:00 [Info] average scan response {0 ms}
2025-05-15T18:48:54.669+00:00 [Info] [Queryport-connpool:db3.lan:9101] active conns 0, free conns 1
2025-05-15T18:48:54.677+00:00 [Info] [Queryport-connpool:db2.lan:9101] active conns 0, free conns 1
2025-05-15T18:48:54.677+00:00 [Info] [Queryport-connpool:172.19.0.4:9101] active conns 0, free conns 1
2025-05-15T18:49:54.584+00:00 [Info] connected with 3 indexers
2025-05-15T18:49:54.584+00:00 [Info] client stats current counts: current: 2, not current: 0
2025-05-15T18:49:54.609+00:00 [Info] num concurrent scans {0}
2025-05-15T18:49:54.609+00:00 [Info] average scan response {0 ms}
2025-05-15T18:49:54.732+00:00 [Info] [Queryport-connpool:db3.lan:9101] active conns 0, free conns 1
2025-05-15T18:49:54.743+00:00 [Info] [Queryport-connpool:172.19.0.4:9101] active conns 0, free conns 1
2025-05-15T18:49:54.743+00:00 [Info] [Queryport-connpool:db2.lan:9101] active conns 0, free conns 1
2025-05-15T18:50:54.585+00:00 [Info] connected with 3 indexers
2025-05-15T18:50:54.586+00:00 [Info] client stats current counts: current: 2, not current: 0
2025-05-15T18:50:54.610+00:00 [Info] num concurrent scans {0}
2025-05-15T18:50:54.610+00:00 [Info] average scan response {0 ms}
2025-05-15T18:50:54.812+00:00 [Info] [Queryport-connpool:db3.lan:9101] active conns 0, free conns 1
2025-05-15T18:50:54.834+00:00 [Info] [Queryport-connpool:172.19.0.4:9101] active conns 0, free conns 1
2025-05-15T18:50:54.835+00:00 [Info] [Queryport-connpool:db2.lan:9101] active conns 0, free conns 1
2025-05-15T18:51:54.584+00:00 [Info] connected with 3 indexers
2025-05-15T18:51:54.585+00:00 [Info] client stats current counts: current: 2, not current: 0
2025-05-15T18:51:54.609+00:00 [Info] num concurrent scans {0}
2025-05-15T18:51:54.610+00:00 [Info] average scan response {0 ms}
2025-05-15T18:51:54.883+00:00 [Info] [Queryport-connpool:db3.lan:9101] active conns 0, free conns 1
2025-05-15T18:51:54.902+00:00 [Info] [Queryport-connpool:db2.lan:9101] active conns 0, free conns 1
2025-05-15T18:51:54.910+00:00 [Info] [Queryport-connpool:172.19.0.4:9101] active conns 0, free conns 1
2025-05-15T18:52:52.294+00:00 [INFO] Query Engine Stats {"cores":10,"cpu.sys.percent":0.0025,"cpu.user.percent":0.0074,"ffdc.total":0,"gc.num":59955472,"gc.pause.percent":0,"gc.pause.time":"9.996336ms","healthy":true,"host.memory.free":1314017280,"host.memory.quota":0,"host.memory.total":8217968640,"host.memory.value_quota":0,"load":0,"loadfactor":22,"local.time":"2025-05-15T18:52:52.293Z","memory.system":44913928,"memory.total":37015400,"memory.usage":19537136,"node.allocated.values":1,"node.memory.usage":209715200,"process.memory.usage":1,"process.percore.cpupercent":0.09,"process.rss":115220480,"process.service.usage":0,"request.active.count":0,"request.completed.count":0,"request.per.sec.15min":0,"request.per.sec.1min":0,"request.per.sec.5min":0,"request.prepared.percent":0,"request.queued.count":0,"request_time.80percentile":"0s","request_time.95percentile":"0s","request_time.99percentile":"0s","request_time.mean":"0s","request_time.median":"0s","servicers.paused.count":0,"servicers.paused.total":0,"temp.hwm":0,"temp.usage":0,"total.threads":316,"uptime":"5m30.021992066s","version":"7.6.2-N1QL"}
2025-05-15T18:52:54.465+00:00 [INFO] bucket doom-scrolling node db3.lan:11210 connections opened 0 closed 0 open 0 (re)used 0
2025-05-15T18:52:54.465+00:00 [INFO] bucket doom-scrolling node 172.19.0.4:11210 connections opened 1 closed 0 open 1 (re)used 1
2025-05-15T18:52:54.466+00:00 [INFO] bucket doom-scrolling node db2.lan:11210 connections opened 0 closed 0 open 0 (re)used 0
2025-05-15T18:52:54.585+00:00 [Info] connected with 3 indexers
2025-05-15T18:52:54.585+00:00 [Info] client stats current counts: current: 2, not current: 0
2025-05-15T18:52:54.611+00:00 [Info] num concurrent scans {0}
2025-05-15T18:52:54.611+00:00 [Info] average scan response {0 ms}
2025-05-15T18:52:54.959+00:00 [Info] [Queryport-connpool:db3.lan:9101] active conns 0, free conns 1
2025-05-15T18:52:54.969+00:00 [Info] [Queryport-connpool:db2.lan:9101] active conns 0, free conns 1
2025-05-15T18:52:54.996+00:00 [Info] [Queryport-connpool:172.19.0.4:9101] active conns 0, free conns 1
2025-05-15T18:53:54.585+00:00 [Info] connected with 3 indexers
2025-05-15T18:53:54.585+00:00 [Info] client stats current counts: current: 2, not current: 0
2025-05-15T18:53:54.610+00:00 [Info] num concurrent scans {0}
2025-05-15T18:53:54.610+00:00 [Info] average scan response {0 ms}
2025-05-15T18:53:55.050+00:00 [Info] [Queryport-connpool:db3.lan:9101] active conns 0, free conns 1
2025-05-15T18:53:55.058+00:00 [Info] [Queryport-connpool:db2.lan:9101] active conns 0, free conns 1
2025-05-15T18:53:55.058+00:00 [Info] [Queryport-connpool:172.19.0.4:9101] active conns 0, free conns 1
2025-05-15T18:54:54.585+00:00 [Info] connected with 3 indexers
2025-05-15T18:54:54.586+00:00 [Info] client stats current counts: current: 2, not current: 0
2025-05-15T18:54:54.611+00:00 [Info] num concurrent scans {0}
2025-05-15T18:54:54.611+00:00 [Info] average scan response {0 ms}
2025-05-15T18:54:55.119+00:00 [Info] [Queryport-connpool:db3.lan:9101] active conns 0, free conns 1
2025-05-15T18:54:55.119+00:00 [Info] [Queryport-connpool:172.19.0.4:9101] active conns 0, free conns 1
2025-05-15T18:54:55.119+00:00 [Info] [Queryport-connpool:db2.lan:9101] active conns 0, free conns 1
2025-05-15T18:55:54.595+00:00 [Info] connected with 3 indexers
2025-05-15T18:55:54.595+00:00 [Info] client stats current counts: current: 2, not current: 0
2025-05-15T18:55:54.621+00:00 [Info] num concurrent scans {0}
2025-05-15T18:55:54.621+00:00 [Info] average scan response {0 ms}
2025-05-15T18:55:55.187+00:00 [Info] [Queryport-connpool:db3.lan:9101] active conns 0, free conns 1
2025-05-15T18:55:55.188+00:00 [Info] [Queryport-connpool:db2.lan:9101] active conns 0, free conns 1
2025-05-15T18:55:55.199+00:00 [Info] [Queryport-connpool:172.19.0.4:9101] active conns 0, free conns 1
2025-05-15T18:56:54.597+00:00 [Info] connected with 3 indexers
2025-05-15T18:56:54.600+00:00 [Info] client stats current counts: current: 2, not current: 0
2025-05-15T18:56:54.622+00:00 [Info] num concurrent scans {0}
2025-05-15T18:56:54.622+00:00 [Info] average scan response {0 ms}
2025-05-15T18:56:55.263+00:00 [Info] [Queryport-connpool:db3.lan:9101] active conns 0, free conns 1
2025-05-15T18:56:55.264+00:00 [Info] [Queryport-connpool:db2.lan:9101] active conns 0, free conns 1
2025-05-15T18:56:55.272+00:00 [Info] [Queryport-connpool:172.19.0.4:9101] active conns 0, free conns 1
