[trace_logger:info,2025-05-15T18:47:22.602Z,ns_1@172.19.0.4:<0.2406.0>:ale_error_logger_handler:do_log:101]
=========================PROGRESS REPORT=========================
    supervisor: {<0.2406.0>,tls_dyn_connection_sup}
    started: [{pid,<0.2407.0>},
              {id,sender},
              {mfargs,{tls_sender,start_link,[[{spawn_opt,[]}]]}},
              {restart_type,temporary},
              {significant,false},
              {shutdown,5000},
              {child_type,worker}]

[trace_logger:info,2025-05-15T18:47:22.603Z,ns_1@172.19.0.4:<0.2406.0>:ale_error_logger_handler:do_log:101]
=========================PROGRESS REPORT=========================
    supervisor: {<0.2406.0>,tls_dyn_connection_sup}
    started: [{pid,<0.2408.0>},
              {id,receiver},
              {mfargs,
                  {ssl_gen_statem,start_link,
                      [client,<0.2407.0>,"db2.lan",18091,#Port<0.111>,
                       {#{signature_algs =>
                              [eddsa_ed25519,eddsa_ed448,
                               ecdsa_secp521r1_sha512,ecdsa_secp384r1_sha384,
                               ecdsa_secp256r1_sha256,rsa_pss_pss_sha512,
                               rsa_pss_pss_sha384,rsa_pss_pss_sha256,
                               rsa_pss_rsae_sha512,rsa_pss_rsae_sha384,
                               rsa_pss_rsae_sha256,
                               {sha512,ecdsa},
                               {sha512,rsa},
                               {sha384,ecdsa},
                               {sha384,rsa},
                               {sha256,ecdsa},
                               {sha256,rsa},
                               {sha224,ecdsa},
                               {sha224,rsa},
                               {sha,ecdsa},
                               {sha,rsa},
                               {sha,dsa}],
                          fallback => false,client_renegotiation => undefined,
                          reuse_session => undefined,anti_replay => undefined,
                          hibernate_after => infinity,
                          crl_cache => {ssl_crl_cache,{internal,[]}},
                          certfile => <<>>,keyfile => <<>>,
                          max_handshake_size => 262144,password => [],
                          partial_chain => #Fun<ssl.11.66205095>,
                          erl_dist => false,ocsp_responder_certs => [],
                          user_lookup_fun => undefined,sni_hosts => [],
                          max_fragment_length => undefined,
                          honor_cipher_order => undefined,
                          supported_groups =>
                              {supported_groups,
                                  [x25519,x448,secp256r1,secp384r1]},
                          sni_fun => undefined,handshake => full,
                          fail_if_no_peer_cert => false,ocsp_nonce => true,
                          receiver_spawn_opts => [],
                          certificate_authorities => false,
                          customize_hostname_check => [],key => undefined,
                          reuse_sessions => true,
                          alpn_advertised_protocols => undefined,
                          srp_identity => undefined,verify => verify_none,
                          protocol => tls,middlebox_comp_mode => true,
                          psk_identity => undefined,...},
                        {socket_options,binary,http,0,0,false},
                        undefined},
                       <0.2404.0>,
                       {gen_tcp,tcp,tcp_closed,tcp_error,tcp_passive}]}},
              {restart_type,temporary},
              {significant,true},
              {shutdown,5000},
              {child_type,worker}]

[trace_logger:info,2025-05-15T18:47:22.992Z,ns_1@172.19.0.4:<0.2426.0>:ale_error_logger_handler:do_log:101]
=========================PROGRESS REPORT=========================
    supervisor: {<0.2426.0>,tls_dyn_connection_sup}
    started: [{pid,<0.2427.0>},
              {id,sender},
              {mfargs,{tls_sender,start_link,[[{spawn_opt,[]}]]}},
              {restart_type,temporary},
              {significant,false},
              {shutdown,5000},
              {child_type,worker}]

[trace_logger:info,2025-05-15T18:47:22.992Z,ns_1@172.19.0.4:<0.2426.0>:ale_error_logger_handler:do_log:101]
=========================PROGRESS REPORT=========================
    supervisor: {<0.2426.0>,tls_dyn_connection_sup}
    started: [{pid,<0.2428.0>},
              {id,receiver},
              {mfargs,
                  {ssl_gen_statem,start_link,
                      [client,<0.2427.0>,"db2.lan",18091,#Port<0.116>,
                       {#{signature_algs =>
                              [eddsa_ed25519,eddsa_ed448,
                               ecdsa_secp521r1_sha512,ecdsa_secp384r1_sha384,
                               ecdsa_secp256r1_sha256,rsa_pss_pss_sha512,
                               rsa_pss_pss_sha384,rsa_pss_pss_sha256,
                               rsa_pss_rsae_sha512,rsa_pss_rsae_sha384,
                               rsa_pss_rsae_sha256,
                               {sha512,ecdsa},
                               {sha512,rsa},
                               {sha384,ecdsa},
                               {sha384,rsa},
                               {sha256,ecdsa},
                               {sha256,rsa},
                               {sha224,ecdsa},
                               {sha224,rsa},
                               {sha,ecdsa},
                               {sha,rsa},
                               {sha,dsa}],
                          fallback => false,client_renegotiation => undefined,
                          reuse_session => undefined,anti_replay => undefined,
                          hibernate_after => infinity,
                          crl_cache => {ssl_crl_cache,{internal,[]}},
                          certfile => <<>>,keyfile => <<>>,
                          max_handshake_size => 262144,password => [],
                          partial_chain => #Fun<ssl.11.66205095>,
                          erl_dist => false,ocsp_responder_certs => [],
                          user_lookup_fun => undefined,sni_hosts => [],
                          max_fragment_length => undefined,
                          honor_cipher_order => undefined,
                          supported_groups =>
                              {supported_groups,
                                  [x25519,x448,secp256r1,secp384r1]},
                          sni_fun => undefined,handshake => full,
                          fail_if_no_peer_cert => false,ocsp_nonce => true,
                          receiver_spawn_opts => [],
                          certificate_authorities => false,
                          customize_hostname_check => [],key => undefined,
                          reuse_sessions => false,
                          alpn_advertised_protocols => undefined,
                          srp_identity => undefined,verify => verify_peer,
                          protocol => tls,middlebox_comp_mode => true,
                          psk_identity => undefined,...},
                        {socket_options,binary,http,0,0,false},
                        undefined},
                       <0.2424.0>,
                       {gen_tcp,tcp,tcp_closed,tcp_error,tcp_passive}]}},
              {restart_type,temporary},
              {significant,true},
              {shutdown,5000},
              {child_type,worker}]

[trace_logger:info,2025-05-15T18:47:25.593Z,ns_1@172.19.0.4:<0.2685.0>:ale_error_logger_handler:do_log:101]
=========================PROGRESS REPORT=========================
    supervisor: {<0.2685.0>,tls_dyn_connection_sup}
    started: [{pid,<0.2686.0>},
              {id,sender},
              {mfargs,{tls_sender,start_link,[[{spawn_opt,[]}]]}},
              {restart_type,temporary},
              {significant,false},
              {shutdown,5000},
              {child_type,worker}]

[trace_logger:info,2025-05-15T18:47:25.593Z,ns_1@172.19.0.4:<0.2685.0>:ale_error_logger_handler:do_log:101]
=========================PROGRESS REPORT=========================
    supervisor: {<0.2685.0>,tls_dyn_connection_sup}
    started: [{pid,<0.2687.0>},
              {id,receiver},
              {mfargs,
                  {ssl_gen_statem,start_link,
                      [client,<0.2686.0>,"db3.lan",18091,#Port<0.166>,
                       {#{signature_algs =>
                              [eddsa_ed25519,eddsa_ed448,
                               ecdsa_secp521r1_sha512,ecdsa_secp384r1_sha384,
                               ecdsa_secp256r1_sha256,rsa_pss_pss_sha512,
                               rsa_pss_pss_sha384,rsa_pss_pss_sha256,
                               rsa_pss_rsae_sha512,rsa_pss_rsae_sha384,
                               rsa_pss_rsae_sha256,
                               {sha512,ecdsa},
                               {sha512,rsa},
                               {sha384,ecdsa},
                               {sha384,rsa},
                               {sha256,ecdsa},
                               {sha256,rsa},
                               {sha224,ecdsa},
                               {sha224,rsa},
                               {sha,ecdsa},
                               {sha,rsa},
                               {sha,dsa}],
                          fallback => false,client_renegotiation => undefined,
                          reuse_session => undefined,anti_replay => undefined,
                          hibernate_after => infinity,
                          crl_cache => {ssl_crl_cache,{internal,[]}},
                          certfile => <<>>,keyfile => <<>>,
                          max_handshake_size => 262144,password => [],
                          partial_chain => #Fun<ssl.11.66205095>,
                          erl_dist => false,ocsp_responder_certs => [],
                          user_lookup_fun => undefined,sni_hosts => [],
                          max_fragment_length => undefined,
                          honor_cipher_order => undefined,
                          supported_groups =>
                              {supported_groups,
                                  [x25519,x448,secp256r1,secp384r1]},
                          sni_fun => undefined,handshake => full,
                          fail_if_no_peer_cert => false,ocsp_nonce => true,
                          receiver_spawn_opts => [],
                          certificate_authorities => false,
                          customize_hostname_check => [],key => undefined,
                          reuse_sessions => true,
                          alpn_advertised_protocols => undefined,
                          srp_identity => undefined,verify => verify_none,
                          protocol => tls,middlebox_comp_mode => true,
                          psk_identity => undefined,...},
                        {socket_options,binary,http,0,0,false},
                        undefined},
                       <0.2683.0>,
                       {gen_tcp,tcp,tcp_closed,tcp_error,tcp_passive}]}},
              {restart_type,temporary},
              {significant,true},
              {shutdown,5000},
              {child_type,worker}]

[trace_logger:info,2025-05-15T18:47:25.885Z,ns_1@172.19.0.4:<0.2699.0>:ale_error_logger_handler:do_log:101]
=========================PROGRESS REPORT=========================
    supervisor: {<0.2699.0>,tls_dyn_connection_sup}
    started: [{pid,<0.2700.0>},
              {id,sender},
              {mfargs,{tls_sender,start_link,[[{spawn_opt,[]}]]}},
              {restart_type,temporary},
              {significant,false},
              {shutdown,5000},
              {child_type,worker}]

[trace_logger:info,2025-05-15T18:47:25.885Z,ns_1@172.19.0.4:<0.2699.0>:ale_error_logger_handler:do_log:101]
=========================PROGRESS REPORT=========================
    supervisor: {<0.2699.0>,tls_dyn_connection_sup}
    started: [{pid,<0.2701.0>},
              {id,receiver},
              {mfargs,
                  {ssl_gen_statem,start_link,
                      [client,<0.2700.0>,"db3.lan",18091,#Port<0.171>,
                       {#{signature_algs =>
                              [eddsa_ed25519,eddsa_ed448,
                               ecdsa_secp521r1_sha512,ecdsa_secp384r1_sha384,
                               ecdsa_secp256r1_sha256,rsa_pss_pss_sha512,
                               rsa_pss_pss_sha384,rsa_pss_pss_sha256,
                               rsa_pss_rsae_sha512,rsa_pss_rsae_sha384,
                               rsa_pss_rsae_sha256,
                               {sha512,ecdsa},
                               {sha512,rsa},
                               {sha384,ecdsa},
                               {sha384,rsa},
                               {sha256,ecdsa},
                               {sha256,rsa},
                               {sha224,ecdsa},
                               {sha224,rsa},
                               {sha,ecdsa},
                               {sha,rsa},
                               {sha,dsa}],
                          fallback => false,client_renegotiation => undefined,
                          reuse_session => undefined,anti_replay => undefined,
                          hibernate_after => infinity,
                          crl_cache => {ssl_crl_cache,{internal,[]}},
                          certfile => <<>>,keyfile => <<>>,
                          max_handshake_size => 262144,password => [],
                          partial_chain => #Fun<ssl.11.66205095>,
                          erl_dist => false,ocsp_responder_certs => [],
                          user_lookup_fun => undefined,sni_hosts => [],
                          max_fragment_length => undefined,
                          honor_cipher_order => undefined,
                          supported_groups =>
                              {supported_groups,
                                  [x25519,x448,secp256r1,secp384r1]},
                          sni_fun => undefined,handshake => full,
                          fail_if_no_peer_cert => false,ocsp_nonce => true,
                          receiver_spawn_opts => [],
                          certificate_authorities => false,
                          customize_hostname_check => [],key => undefined,
                          reuse_sessions => false,
                          alpn_advertised_protocols => undefined,
                          srp_identity => undefined,verify => verify_peer,
                          protocol => tls,middlebox_comp_mode => true,
                          psk_identity => undefined,...},
                        {socket_options,binary,http,0,0,false},
                        undefined},
                       <0.2697.0>,
                       {gen_tcp,tcp,tcp_closed,tcp_error,tcp_passive}]}},
              {restart_type,temporary},
              {significant,true},
              {shutdown,5000},
              {child_type,worker}]

