2025-05-15T18:47:38.298+00:00 indexer {"avg_disk_bps":0,"avg_drain_rate":0,"avg_mutation_rate":0,"avg_resident_percent":0,"cpu_utilization":0,"index_not_found_errcount":0,"indexer_state":"Warmup","memory_free":0,"memory_quota":536870912,"memory_rss":0,"memory_total":0,"memory_total_storage":0,"memory_used":0,"memory_used_queue":0,"memory_used_storage":0,"needs_restart":false,"num_cgo_call":171,"num_connections":0,"num_cpu_core":10,"num_goroutine":114,"num_indexes":0,"num_storage_instances":0,"shard_compat_version":1,"storage_mode":"not_set","timestamp":"1747334858298366962","timings/stats_response":"0 0 0","total_data_size":0,"total_disk_size":0,"total_requests":0,"total_rows_returned":0,"total_rows_scanned":0,"uptime":"1.090559042s"}
2025-05-15T18:47:38.298+00:00 projlat {}
2025-05-15T18:48:38.299+00:00 indexer {"cpu_utilization":4.23319222692577,"indexer_state":"Active","memory_free":1227292672,"memory_rss":197668864,"memory_total":8217968640,"memory_total_storage":8994816,"memory_used":94284256,"memory_used_storage":585832,"num_cgo_call":3327,"num_connections":1,"num_goroutine":277,"num_indexes":1,"num_storage_instances":1,"storage_mode":"plasma","timestamp":"1747334918298890462","timings/stats_response":"39 4708208 1809321333742","total_data_size":16392,"total_disk_size":81755,"uptime":"1m1.090676903s"}
2025-05-15T18:48:38.300+00:00 index_doom-scrolling:_system:_query:#primary:11270617327054732582 {"avg_disk_bps":0,"avg_drain_rate":0,"avg_item_size":0,"avg_mutation_rate":0,"avg_scan_latency":0,"avg_scan_rate":0,"avg_scan_request_init_latency":0,"avg_scan_request_latency":0,"avg_scan_wait_latency":0,"avg_ts_interval":10367988,"avg_ts_items_count":0,"backstore_raw_data_size":0,"backstore_recs_in_mem":0,"backstore_recs_on_disk":0,"build_progress":100,"cache_hit_percent":0,"cache_hits":0,"cache_misses":0,"client_cancel_errcount":0,"combined_memory_size_index":0,"combined_resident_percent":0,"data_size":16392,"data_size_on_disk":36882,"delete_bytes":0,"disk_load_duration":0,"disk_size":81755,"disk_store_duration":4,"flush_queue_size":0,"frag_percent":8,"get_bytes":0,"index_state":4,"insert_bytes":81920,"items_count":0,"key_size_distribution":{"(0-64)":0,"(102401-max)":0,"(1025-4096)":0,"(257-1024)":0,"(4097-102400)":0,"(65-256)":0},"key_size_stats_since":0,"last_known_scan_time":0,"last_rollback_time":"1747334874698761720","log_space_on_disk":40529,"memory_used":104,"not_ready_errcount":0,"num_commits":1,"num_compactions":0,"num_completed_requests":0,"num_disk_snapshots":1,"num_docs_indexed":0,"num_docs_pending":0,"num_docs_processed":3072,"num_docs_queued":0,"num_flush_queued":0,"num_items_flushed":0,"num_items_restored":0,"num_last_snapshot_reply":0,"num_open_snapshots":1,"num_requests":0,"num_rows_returned":0,"num_rows_scanned":0,"num_scan_errors":0,"num_scan_timeouts":0,"num_snapshot_waiters":0,"num_snapshots":2,"num_strict_cons_scans":0,"progress_stat_time":"1747334917304223170","raw_data_size":0,"recs_in_mem":0,"recs_on_disk":0,"resident_percent":0,"scan_bytes_read":0,"scan_req_init_latency_dist":{"(-Inf-000ms)":0,"(000ms-002ms)":0,"(002ms-005ms)":0,"(005ms-010ms)":0,"(010ms-020ms)":0,"(020ms-030ms)":0,"(030ms-050ms)":0,"(050ms-100ms)":0,"(100ms-Inf)":0},"scan_req_latency_dist":{"(-Inf-00000ms)":0,"(00000ms-00002ms)":0,"(00002ms-00005ms)":0,"(00005ms-00010ms)":0,"(00010ms-00020ms)":0,"(00020ms-00030ms)":0,"(00030ms-00050ms)":0,"(00050ms-00100ms)":0,"(00100ms-01000ms)":0,"(01000ms-05000ms)":0,"(05000ms-10000ms)":0,"(10000ms-50000ms)":0,"(50000ms-Inf)":0},"scan_req_wait_latency_dist":{"(-Inf-000ms)":0,"(000ms-002ms)":0,"(002ms-005ms)":0,"(005ms-010ms)":0,"(010ms-020ms)":0,"(020ms-030ms)":0,"(030ms-050ms)":0,"(050ms-100ms)":0,"(100ms-Inf)":0},"scan_wait_duration":0,"since_last_snapshot":10506125,"snapshot_gen_latency_dist":{"(-Inf-00000ms)":0,"(00000ms-00002ms)":159,"(00002ms-00005ms)":0,"(00005ms-00010ms)":0,"(00010ms-00020ms)":0,"(00020ms-00030ms)":0,"(00030ms-00050ms)":0,"(00050ms-00100ms)":0,"(00100ms-01000ms)":0,"(01000ms-05000ms)":0,"(05000ms-10000ms)":0,"(10000ms-Inf)":0},"timings/dcp_getseqs":"0 0 0","total_scan_duration":0,"total_scan_request_duration":0}
2025-05-15T18:48:38.300+00:00 MAINT_STREAM_keyspace_doom-scrolling {"avg_dcp_snap_size":0,"flush_latency_dist":{"(-Inf-000ms)":0,"(000ms-002ms)":0,"(002ms-005ms)":0,"(005ms-010ms)":0,"(010ms-020ms)":0,"(020ms-030ms)":0,"(030ms-050ms)":0,"(050ms-100ms)":0,"(100ms-Inf)":0},"last_snapshot_done":0,"mutation_queue_size":0,"num_force_inmem_snap":0,"num_maint_docs_queued":0,"num_mutations_queued":0,"num_nonalign_ts":0,"num_rollbacks":0,"num_rollbacks_to_zero":0,"snapshot_latency_dist":{"(-Inf-00000ms)":0,"(00000ms-00002ms)":0,"(00002ms-00005ms)":0,"(00005ms-00010ms)":0,"(00010ms-00020ms)":0,"(00020ms-00030ms)":0,"(00030ms-00050ms)":0,"(00050ms-00100ms)":0,"(00100ms-01000ms)":0,"(01000ms-05000ms)":0,"(05000ms-10000ms)":0,"(10000ms-Inf)":0},"timings/dcp_coll_itemcount":"0 0 0","timings/dcp_getseqs":"10 75101541 2742265297600515","ts_queue_size":0}
2025-05-15T18:48:38.300+00:00 bucket_doom-scrolling {"disk_used":0}
2025-05-15T18:48:38.300+00:00 projlat {"MAINT_STREAM/172.19.0.4:8091/projector_latency":0,"MAINT_STREAM/db2.lan:8091/projector_latency":0,"MAINT_STREAM/db3.lan:8091/projector_latency":0}
2025-05-15T18:49:39.299+00:00 indexer {"cpu_utilization":3.1666666666666665,"memory_free":1198698496,"memory_rss":197931008,"memory_used":185312168,"num_cgo_call":6278,"timestamp":"1747334979299106254","timings/stats_response":"75 9847040 3428155709470","uptime":"2m2.091219389s"}
2025-05-15T18:49:39.302+00:00 index_doom-scrolling:_system:_query:#primary:11270617327054732582 {"progress_stat_time":"1747334978301597295"}
2025-05-15T18:49:39.303+00:00 MAINT_STREAM_keyspace_doom-scrolling {"timings/dcp_getseqs":"22 114456041 2890061827783377"}
2025-05-15T18:49:39.303+00:00 bucket_doom-scrolling {}
2025-05-15T18:49:39.304+00:00 projlat {}
2025-05-15T18:50:40.298+00:00 indexer {"cpu_utilization":3.3333333333333335,"memory_free":1245368320,"memory_rss":190660608,"memory_total_storage":9023488,"memory_used":189199272,"num_cgo_call":9225,"timestamp":"1747335040298381629","timings/stats_response":"112 16404964 6225708753394","uptime":"3m3.089782208s"}
2025-05-15T18:50:40.299+00:00 index_doom-scrolling:_system:_query:#primary:11270617327054732582 {"progress_stat_time":"1747335035303347794"}
2025-05-15T18:50:40.299+00:00 MAINT_STREAM_keyspace_doom-scrolling {"timings/dcp_getseqs":"33 139414252 2962655531750976"}
2025-05-15T18:50:40.299+00:00 bucket_doom-scrolling {}
2025-05-15T18:50:40.299+00:00 projlat {}
2025-05-15T18:51:40.299+00:00 indexer {"cpu_utilization":3.3998866704443187,"memory_free":1264857088,"memory_used":120046504,"num_cgo_call":12124,"timestamp":"1747335100298989713","timings/stats_response":"147 20599504 7137727876524","uptime":"4m3.090322569s"}
2025-05-15T18:51:40.299+00:00 index_doom-scrolling:_system:_query:#primary:11270617327054732582 {"progress_stat_time":"1747335097300128586"}
2025-05-15T18:51:40.300+00:00 MAINT_STREAM_keyspace_doom-scrolling {"timings/dcp_getseqs":"45 178708254 3360127872060284"}
2025-05-15T18:51:40.300+00:00 bucket_doom-scrolling {}
2025-05-15T18:51:40.300+00:00 projlat {}
2025-05-15T18:52:41.299+00:00 indexer {"cpu_utilization":3.6334544484816163,"memory_free":1294721024,"memory_rss":116752384,"memory_total_storage":9191424,"memory_used":122723264,"num_cgo_call":15176,"num_goroutine":275,"timestamp":"1747335161298652047","timings/stats_response":"185 29198088 18564779324612","uptime":"5m4.089438055s"}
2025-05-15T18:52:41.299+00:00 index_doom-scrolling:_system:_query:#primary:11270617327054732582 {"progress_stat_time":"1747335159299541879"}
2025-05-15T18:52:41.299+00:00 MAINT_STREAM_keyspace_doom-scrolling {"timings/dcp_getseqs":"57 204286961 3459205188214355"}
2025-05-15T18:52:41.299+00:00 bucket_doom-scrolling {}
2025-05-15T18:52:41.300+00:00 projlat {}
2025-05-15T18:53:41.300+00:00 indexer {"cpu_utilization":4.066802226740891,"memory_free":1281437696,"memory_used":124539912,"num_cgo_call":18083,"timestamp":"1747335221299569672","timings/stats_response":"221 32468880 18962046281938","uptime":"6m4.090413291s"}
2025-05-15T18:53:41.301+00:00 index_doom-scrolling:_system:_query:#primary:11270617327054732582 {"progress_stat_time":"1747335220301730838"}
2025-05-15T18:53:41.301+00:00 MAINT_STREAM_keyspace_doom-scrolling {"timings/dcp_getseqs":"68 224487795 3513866849633607"}
2025-05-15T18:53:41.301+00:00 bucket_doom-scrolling {}
2025-05-15T18:53:41.301+00:00 projlat {}
2025-05-15T18:54:42.301+00:00 indexer {"cpu_utilization":4.100136671222374,"memory_free":1266937856,"memory_rss":116883456,"memory_used":127636488,"num_cgo_call":21025,"num_goroutine":277,"timestamp":"1747335282299696214","timings/stats_response":"257 36234921 19969829976541","uptime":"7m5.090311444s"}
2025-05-15T18:54:42.303+00:00 index_doom-scrolling:_system:_query:#primary:11270617327054732582 {"progress_stat_time":"1747335282303092380"}
2025-05-15T18:54:42.304+00:00 MAINT_STREAM_keyspace_doom-scrolling {"timings/dcp_getseqs":"80 247496671 3575099851544151"}
2025-05-15T18:54:42.304+00:00 bucket_doom-scrolling {}
2025-05-15T18:54:42.304+00:00 projlat {}
2025-05-15T18:55:42.310+00:00 indexer {"cpu_utilization":3.9326778870188304,"memory_free":1384763392,"memory_rss":117075968,"memory_used":120607752,"num_cgo_call":23929,"num_goroutine":275,"timestamp":"1747335342309903922","timings/stats_response":"293 40007167 20610602920853","uptime":"8m5.090588888s"}
2025-05-15T18:55:42.310+00:00 index_doom-scrolling:_system:_query:#primary:11270617327054732582 {"progress_stat_time":"1747335338312439212"}
2025-05-15T18:55:42.310+00:00 MAINT_STREAM_keyspace_doom-scrolling {"timings/dcp_getseqs":"91 273278088 3673246625883374"}
2025-05-15T18:55:42.310+00:00 bucket_doom-scrolling {}
2025-05-15T18:55:42.311+00:00 projlat {}
2025-05-15T18:56:43.310+00:00 indexer {"cpu_utilization":3.9,"memory_free":1426391040,"memory_used":122967048,"num_cgo_call":26879,"timestamp":"1747335403310197089","timings/stats_response":"329 43625208 21132343882762","uptime":"9m6.089250207s"}
2025-05-15T18:56:43.313+00:00 index_doom-scrolling:_system:_query:#primary:11270617327054732582 {"progress_stat_time":"1747335400312241463"}
2025-05-15T18:56:43.314+00:00 MAINT_STREAM_keyspace_doom-scrolling {"timings/dcp_getseqs":"103 297186377 3736466053813695"}
2025-05-15T18:56:43.314+00:00 bucket_doom-scrolling {}
2025-05-15T18:56:43.314+00:00 projlat {}
