[metakv:debug,2025-05-15T18:46:50.004Z,ns_1@cb.local:simple_store_xdcr_ckpt_data<0.597.0>:simple_store:init:108]Creating Table: xdcr_ckpt_data
[metakv:debug,2025-05-15T18:46:50.138Z,ns_1@cb.local:simple_store_testconditions<0.706.0>:simple_store:init:108]Creating Table: testconditions
[metakv:debug,2025-05-15T18:46:50.547Z,ns_1@cb.local:<0.636.0>:menelaus_metakv:handle_mutate:84]Updated <<"/query/sequences_cache/revision">>. Elapsed time:0 ms.
[metakv:debug,2025-05-15T18:46:50.549Z,ns_1@cb.local:<0.636.0>:menelaus_metakv:handle_iterate:127]Starting iteration of /query/sequences_cache/. Continuous = true
[metakv:debug,2025-05-15T18:46:50.549Z,ns_1@cb.local:<0.636.0>:menelaus_metakv:write_chunk:155]Sent /query/sequences_cache/revision rev: g2gCYQBsAAAAAWgCbQAAACBiMGE3MWZiZDNlOGFjNTFkNTViMzU0NTI5OTVmNDVjZmgCYQFuBQCasprhDmo= sensitive: false
[metakv:debug,2025-05-15T18:46:50.558Z,ns_1@cb.local:<0.637.0>:menelaus_metakv:handle_iterate:127]Starting iteration of /remoteCluster/. Continuous = false
[metakv:debug,2025-05-15T18:46:50.565Z,ns_1@cb.local:<0.640.0>:menelaus_metakv:handle_iterate:127]Starting iteration of /remoteCluster/. Continuous = false
[metakv:debug,2025-05-15T18:46:50.565Z,ns_1@cb.local:<0.640.0>:menelaus_metakv:handle_iterate:127]Starting iteration of /replicationSpec/. Continuous = false
[metakv:debug,2025-05-15T18:46:50.566Z,ns_1@cb.local:<0.640.0>:metakv:check_continuous_allowed:95]Continuous should not be set to true while iterating on XDCR Checkpoints.
[metakv:debug,2025-05-15T18:46:50.566Z,ns_1@cb.local:<0.640.0>:menelaus_metakv:handle_iterate:127]Starting iteration of /ckpt/backfill/. Continuous = false
[metakv:debug,2025-05-15T18:46:50.568Z,ns_1@cb.local:<0.640.0>:menelaus_metakv:handle_iterate:127]Starting iteration of /GlobalConfiguration/. Continuous = true
[metakv:debug,2025-05-15T18:46:51.070Z,ns_1@cb.local:<0.641.0>:menelaus_metakv:handle_iterate:127]Starting iteration of /V2InternalSettings/. Continuous = true
[metakv:debug,2025-05-15T18:46:51.572Z,ns_1@cb.local:<0.642.0>:menelaus_metakv:handle_iterate:127]Starting iteration of /remoteCluster/. Continuous = true
[metakv:debug,2025-05-15T18:46:52.074Z,ns_1@cb.local:<0.643.0>:menelaus_metakv:handle_iterate:127]Starting iteration of /replicationSpec/. Continuous = true
[metakv:debug,2025-05-15T18:47:25.172Z,ns_1@db2.lan:simple_store_xdcr_ckpt_data<0.2579.0>:simple_store:init:108]Creating Table: xdcr_ckpt_data
[metakv:debug,2025-05-15T18:47:25.195Z,ns_1@db2.lan:simple_store_testconditions<0.2716.0>:simple_store:init:108]Creating Table: testconditions
[metakv:debug,2025-05-15T18:47:25.344Z,ns_1@db2.lan:<0.2624.0>:menelaus_metakv:handle_mutate:87]Failed to update <<"/query/sequences_cache/revision">> (rev missing) with error {abort,
                                                                                 mismatch}.
[metakv:debug,2025-05-15T18:47:25.346Z,ns_1@db2.lan:<0.2623.0>:menelaus_metakv:handle_iterate:127]Starting iteration of /remoteCluster/. Continuous = false
[metakv:debug,2025-05-15T18:47:25.346Z,ns_1@db2.lan:<0.2624.0>:menelaus_metakv:handle_iterate:127]Starting iteration of /query/sequences_cache/. Continuous = true
[metakv:debug,2025-05-15T18:47:25.346Z,ns_1@db2.lan:<0.2624.0>:menelaus_metakv:write_chunk:155]Sent /query/sequences_cache/revision rev: g2gCYQBsAAAAAWgCbQAAACAyODU2OWFjMDBiOWMxZDdjNTBlMzk3NDEwMjdkNDI4Y2gCYQFuBQCZsprhDmo= sensitive: false
[metakv:debug,2025-05-15T18:47:25.348Z,ns_1@db2.lan:<0.2627.0>:menelaus_metakv:handle_iterate:127]Starting iteration of /remoteCluster/. Continuous = false
[metakv:debug,2025-05-15T18:47:25.349Z,ns_1@db2.lan:<0.2627.0>:menelaus_metakv:handle_iterate:127]Starting iteration of /replicationSpec/. Continuous = false
[metakv:debug,2025-05-15T18:47:25.349Z,ns_1@db2.lan:<0.2627.0>:metakv:check_continuous_allowed:95]Continuous should not be set to true while iterating on XDCR Checkpoints.
[metakv:debug,2025-05-15T18:47:25.349Z,ns_1@db2.lan:<0.2627.0>:menelaus_metakv:handle_iterate:127]Starting iteration of /ckpt/backfill/. Continuous = false
[metakv:debug,2025-05-15T18:47:25.350Z,ns_1@db2.lan:<0.2627.0>:menelaus_metakv:handle_iterate:127]Starting iteration of /GlobalConfiguration/. Continuous = true
[metakv:debug,2025-05-15T18:47:25.851Z,ns_1@db2.lan:<0.2621.0>:menelaus_metakv:handle_iterate:127]Starting iteration of /V2InternalSettings/. Continuous = true
[metakv:debug,2025-05-15T18:47:26.351Z,ns_1@db2.lan:<0.2632.0>:menelaus_metakv:handle_iterate:127]Starting iteration of /remoteCluster/. Continuous = true
[metakv:debug,2025-05-15T18:47:26.852Z,ns_1@db2.lan:<0.2631.0>:menelaus_metakv:handle_iterate:127]Starting iteration of /replicationSpec/. Continuous = true
[metakv:debug,2025-05-15T18:47:37.206Z,ns_1@db2.lan:<0.3335.0>:menelaus_metakv:handle_mutate:87]Failed to update <<"/query/sequences_cache/revision">> (rev missing) with error {abort,
                                                                                 mismatch}.
[metakv:debug,2025-05-15T18:47:37.210Z,ns_1@db2.lan:<0.3335.0>:menelaus_metakv:handle_iterate:127]Starting iteration of /query/sequences_cache/. Continuous = true
[metakv:debug,2025-05-15T18:47:37.210Z,ns_1@db2.lan:<0.3335.0>:menelaus_metakv:write_chunk:155]Sent /query/sequences_cache/revision rev: g2gCYQBsAAAAAWgCbQAAACAyODU2OWFjMDBiOWMxZDdjNTBlMzk3NDEwMjdkNDI4Y2gCYQFuBQCZsprhDmo= sensitive: false
[metakv:debug,2025-05-15T18:47:37.222Z,ns_1@db2.lan:<0.3339.0>:menelaus_metakv:handle_iterate:127]Starting iteration of /. Continuous = true
[metakv:debug,2025-05-15T18:47:37.223Z,ns_1@db2.lan:<0.3339.0>:menelaus_metakv:write_chunk:155]Sent /analytics/settings/config rev: g2gCYQBsAAAAAWgCbQAAACAyODU2OWFjMDBiOWMxZDdjNTBlMzk3NDEwMjdkNDI4Y2gCYQFuBQCZsprhDmo= sensitive: false
[metakv:debug,2025-05-15T18:47:37.223Z,ns_1@db2.lan:<0.3339.0>:menelaus_metakv:write_chunk:155]Sent /eventing/settings/config rev: g2gCYQBq sensitive: false
[metakv:debug,2025-05-15T18:47:37.223Z,ns_1@db2.lan:<0.3339.0>:menelaus_metakv:write_chunk:155]Sent /indexing/info/versionToken rev: g2gCYQBsAAAAAWgCbQAAACAyODU2OWFjMDBiOWMxZDdjNTBlMzk3NDEwMjdkNDI4Y2gCYQFuBQDCsprhDmo= sensitive: false
[metakv:debug,2025-05-15T18:47:37.223Z,ns_1@db2.lan:<0.3339.0>:menelaus_metakv:write_chunk:155]Sent /indexing/settings/config rev: g2gCYQBsAAAAAWgCbQAAACAyODU2OWFjMDBiOWMxZDdjNTBlMzk3NDEwMjdkNDI4Y2gCYQNuBQC9sprhDmo= sensitive: false
[metakv:debug,2025-05-15T18:47:37.223Z,ns_1@db2.lan:<0.3339.0>:menelaus_metakv:write_chunk:155]Sent /query/functions_cache/counter rev: g2gCYQBsAAAAAWgCbQAAACAyODU2OWFjMDBiOWMxZDdjNTBlMzk3NDEwMjdkNDI4Y2gCYQFuBQC6sprhDmo= sensitive: false
[metakv:debug,2025-05-15T18:47:37.223Z,ns_1@db2.lan:<0.3339.0>:menelaus_metakv:write_chunk:155]Sent /query/sequences_cache/revision rev: g2gCYQBsAAAAAWgCbQAAACAyODU2OWFjMDBiOWMxZDdjNTBlMzk3NDEwMjdkNDI4Y2gCYQFuBQCZsprhDmo= sensitive: false
[metakv:debug,2025-05-15T18:47:37.223Z,ns_1@db2.lan:<0.3339.0>:menelaus_metakv:write_chunk:155]Sent /query/settings/config rev: g2gCYQBsAAAAAWgCbQAAACAyODU2OWFjMDBiOWMxZDdjNTBlMzk3NDEwMjdkNDI4Y2gCYQFuBQCZsprhDmo= sensitive: false
[metakv:debug,2025-05-15T18:47:37.300Z,ns_1@db2.lan:<0.3343.0>:menelaus_metakv:handle_iterate:127]Starting iteration of /indexing/ddl/commandToken/. Continuous = true
[metakv:debug,2025-05-15T18:47:37.306Z,ns_1@db2.lan:<0.3359.0>:menelaus_metakv:handle_iterate:127]Starting iteration of /indexing/ddl/commandToken/delete/. Continuous = false
[metakv:debug,2025-05-15T18:47:37.307Z,ns_1@db2.lan:<0.3359.0>:menelaus_metakv:handle_iterate:127]Starting iteration of /indexing/ddl/commandToken/dropInstance/. Continuous = false
[metakv:debug,2025-05-15T18:47:37.310Z,ns_1@db2.lan:<0.3359.0>:menelaus_metakv:handle_iterate:127]Starting iteration of /indexing/ddl/commandToken/. Continuous = true
[metakv:debug,2025-05-15T18:47:37.458Z,ns_1@db2.lan:<0.3425.0>:menelaus_metakv:handle_iterate:127]Starting iteration of /query/migration/. Continuous = true
[metakv:debug,2025-05-15T18:47:37.460Z,ns_1@db2.lan:<0.3424.0>:menelaus_metakv:handle_mutate:87]Failed to update <<"/query/sequences_cache/revision">> (rev missing) with error {abort,
                                                                                 mismatch}.
[metakv:debug,2025-05-15T18:47:37.461Z,ns_1@db2.lan:<0.3424.0>:menelaus_metakv:handle_iterate:127]Starting iteration of /query/sequences_cache/. Continuous = true
[metakv:debug,2025-05-15T18:47:37.461Z,ns_1@db2.lan:<0.3424.0>:menelaus_metakv:write_chunk:155]Sent /query/sequences_cache/revision rev: g2gCYQBsAAAAAWgCbQAAACAyODU2OWFjMDBiOWMxZDdjNTBlMzk3NDEwMjdkNDI4Y2gCYQFuBQCZsprhDmo= sensitive: false
[metakv:debug,2025-05-15T18:47:37.462Z,ns_1@db2.lan:<0.3441.0>:menelaus_metakv:handle_iterate:127]Starting iteration of /fts/cbgt/cfg/. Continuous = true
[metakv:debug,2025-05-15T18:47:37.463Z,ns_1@db2.lan:<0.3442.0>:menelaus_metakv:handle_iterate:127]Starting iteration of /query/settings/. Continuous = true
[metakv:debug,2025-05-15T18:47:37.464Z,ns_1@db2.lan:<0.3442.0>:menelaus_metakv:write_chunk:155]Sent /query/settings/config rev: g2gCYQBsAAAAAWgCbQAAACAyODU2OWFjMDBiOWMxZDdjNTBlMzk3NDEwMjdkNDI4Y2gCYQFuBQCZsprhDmo= sensitive: false
[metakv:debug,2025-05-15T18:47:37.501Z,ns_1@db2.lan:<0.3449.0>:menelaus_metakv:handle_iterate:127]Starting iteration of /query/settings/. Continuous = true
[metakv:debug,2025-05-15T18:47:37.501Z,ns_1@db2.lan:<0.3449.0>:menelaus_metakv:write_chunk:155]Sent /query/settings/config rev: g2gCYQBsAAAAAWgCbQAAACAyODU2OWFjMDBiOWMxZDdjNTBlMzk3NDEwMjdkNDI4Y2gCYQFuBQCZsprhDmo= sensitive: false
[metakv:debug,2025-05-15T18:47:37.524Z,ns_1@db2.lan:<0.3446.0>:menelaus_metakv:handle_mutate:87]Failed to update <<"/query/functions_cache/counter">> (rev missing) with error {abort,
                                                                                mismatch}.
[metakv:debug,2025-05-15T18:47:37.525Z,ns_1@db2.lan:<0.3446.0>:menelaus_metakv:handle_iterate:127]Starting iteration of /query/functions_cache/. Continuous = true
[metakv:debug,2025-05-15T18:47:37.526Z,ns_1@db2.lan:<0.3446.0>:menelaus_metakv:write_chunk:155]Sent /query/functions_cache/counter rev: g2gCYQBsAAAAAWgCbQAAACAyODU2OWFjMDBiOWMxZDdjNTBlMzk3NDEwMjdkNDI4Y2gCYQFuBQC6sprhDmo= sensitive: false
[metakv:debug,2025-05-15T18:47:37.540Z,ns_1@db2.lan:<0.3453.0>:menelaus_metakv:handle_mutate:87]Failed to update <<"/query/sequences_cache/revision">> (rev missing) with error {abort,
                                                                                 mismatch}.
[metakv:debug,2025-05-15T18:47:37.541Z,ns_1@db2.lan:<0.3453.0>:menelaus_metakv:handle_iterate:127]Starting iteration of /query/sequences_cache/. Continuous = true
[metakv:debug,2025-05-15T18:47:37.541Z,ns_1@db2.lan:<0.3453.0>:menelaus_metakv:write_chunk:155]Sent /query/sequences_cache/revision rev: g2gCYQBsAAAAAWgCbQAAACAyODU2OWFjMDBiOWMxZDdjNTBlMzk3NDEwMjdkNDI4Y2gCYQFuBQCZsprhDmo= sensitive: false
[metakv:debug,2025-05-15T18:47:37.543Z,ns_1@db2.lan:<0.3457.0>:menelaus_metakv:handle_iterate:127]Starting iteration of /functions/v1/cbq-engine/. Continuous = true
[metakv:debug,2025-05-15T18:47:37.543Z,ns_1@db2.lan:<0.3460.0>:menelaus_metakv:handle_iterate:127]Starting iteration of /functions_metadata/v1/cbq-engine/. Continuous = true
[metakv:debug,2025-05-15T18:47:37.547Z,ns_1@db2.lan:<0.3464.0>:menelaus_metakv:handle_iterate:127]Starting iteration of /evaluator/cbq-engine/v1/config/. Continuous = true
[metakv:debug,2025-05-15T18:47:37.571Z,ns_1@db2.lan:<0.3471.0>:menelaus_metakv:handle_iterate:127]Starting iteration of /indexing/settings/. Continuous = true
[metakv:debug,2025-05-15T18:47:37.571Z,ns_1@db2.lan:<0.3471.0>:menelaus_metakv:write_chunk:155]Sent /indexing/settings/config rev: g2gCYQBsAAAAAWgCbQAAACAyODU2OWFjMDBiOWMxZDdjNTBlMzk3NDEwMjdkNDI4Y2gCYQNuBQC9sprhDmo= sensitive: false
[metakv:debug,2025-05-15T18:47:39.663Z,ns_1@db2.lan:<0.3561.0>:menelaus_metakv:handle_iterate:127]Starting iteration of /fts/cbgt/cfg/nodeDefs-known/. Continuous = false
[metakv:debug,2025-05-15T18:47:39.731Z,ns_1@db2.lan:<0.3406.0>:menelaus_metakv:handle_iterate:127]Starting iteration of /indexing/rebalance/. Continuous = false
[metakv:debug,2025-05-15T18:47:39.757Z,ns_1@db2.lan:<0.3339.0>:menelaus_metakv:write_chunk:155]Sent /indexing/rebalance/RebalanceToken rev: g2gCYQBsAAAAAWgCbQAAACAyODU2OWFjMDBiOWMxZDdjNTBlMzk3NDEwMjdkNDI4Y2gCYQNuBQDLsprhDmo= sensitive: false
[metakv:debug,2025-05-15T18:47:39.764Z,ns_1@db2.lan:<0.3406.0>:menelaus_metakv:handle_iterate:127]Starting iteration of /indexing/rebalance/. Continuous = true
[metakv:debug,2025-05-15T18:47:39.765Z,ns_1@db2.lan:<0.3406.0>:menelaus_metakv:write_chunk:155]Sent /indexing/rebalance/RebalanceToken rev: g2gCYQBsAAAAAWgCbQAAACAyODU2OWFjMDBiOWMxZDdjNTBlMzk3NDEwMjdkNDI4Y2gCYQNuBQDLsprhDmo= sensitive: false
[metakv:debug,2025-05-15T18:47:41.094Z,ns_1@db2.lan:<0.3471.0>:menelaus_metakv:write_chunk:155]Sent /indexing/settings/config rev: g2gCYQBsAAAAAWgCbQAAACAyODU2OWFjMDBiOWMxZDdjNTBlMzk3NDEwMjdkNDI4Y2gCYQRuBQDNsprhDmo= sensitive: false
[metakv:debug,2025-05-15T18:47:41.094Z,ns_1@db2.lan:<0.3339.0>:menelaus_metakv:write_chunk:155]Sent /indexing/settings/config rev: g2gCYQBsAAAAAWgCbQAAACAyODU2OWFjMDBiOWMxZDdjNTBlMzk3NDEwMjdkNDI4Y2gCYQRuBQDNsprhDmo= sensitive: false
[metakv:debug,2025-05-15T18:47:41.096Z,ns_1@db2.lan:<0.3471.0>:menelaus_metakv:write_chunk:155]Sent /indexing/settings/config/features/PlasmaEnablePageBloomFilterBackIndex rev: g2gCYQBsAAAAAWgCbQAAACAyODU2OWFjMDBiOWMxZDdjNTBlMzk3NDEwMjdkNDI4Y2gCYQFuBQDNsprhDmo= sensitive: false
[metakv:debug,2025-05-15T18:47:41.096Z,ns_1@db2.lan:<0.3339.0>:menelaus_metakv:write_chunk:155]Sent /indexing/settings/config/features/PlasmaEnablePageBloomFilterBackIndex rev: g2gCYQBsAAAAAWgCbQAAACAyODU2OWFjMDBiOWMxZDdjNTBlMzk3NDEwMjdkNDI4Y2gCYQFuBQDNsprhDmo= sensitive: false
[metakv:debug,2025-05-15T18:47:43.348Z,ns_1@db2.lan:<0.3705.0>:menelaus_metakv:handle_iterate:127]Starting iteration of /indexing/ddl/commandToken/. Continuous = true
[metakv:debug,2025-05-15T18:47:43.348Z,ns_1@db2.lan:<0.3702.0>:menelaus_metakv:handle_iterate:127]Starting iteration of /indexing/ddl/commandToken/. Continuous = true
[metakv:debug,2025-05-15T18:47:43.351Z,ns_1@db2.lan:<0.3703.0>:menelaus_metakv:handle_iterate:127]Starting iteration of /indexing/rebalance/. Continuous = true
[metakv:debug,2025-05-15T18:47:43.352Z,ns_1@db2.lan:<0.3703.0>:menelaus_metakv:write_chunk:155]Sent /indexing/rebalance/RebalanceToken rev: g2gCYQBsAAAAAWgCbQAAACAyODU2OWFjMDBiOWMxZDdjNTBlMzk3NDEwMjdkNDI4Y2gCYQNuBQDLsprhDmo= sensitive: false
[metakv:debug,2025-05-15T18:47:44.796Z,ns_1@db2.lan:<0.3701.0>:menelaus_metakv:handle_iterate:127]Starting iteration of /indexing/ddl/commandToken/create/. Continuous = false
[metakv:debug,2025-05-15T18:47:44.798Z,ns_1@db2.lan:<0.3701.0>:menelaus_metakv:handle_iterate:127]Starting iteration of /indexing/ddl/commandToken/delete/. Continuous = false
[metakv:debug,2025-05-15T18:47:44.799Z,ns_1@db2.lan:<0.3701.0>:menelaus_metakv:handle_iterate:127]Starting iteration of /indexing/ddl/commandToken/dropInstance/. Continuous = false
[metakv:debug,2025-05-15T18:47:44.800Z,ns_1@db2.lan:<0.3701.0>:menelaus_metakv:handle_iterate:127]Starting iteration of /indexing/ddl/commandToken/create/. Continuous = false
[metakv:debug,2025-05-15T18:47:44.801Z,ns_1@db2.lan:<0.3701.0>:menelaus_metakv:handle_iterate:127]Starting iteration of /indexing/ddl/commandToken/dropInstance/. Continuous = false
[metakv:debug,2025-05-15T18:47:49.777Z,ns_1@db2.lan:<0.3703.0>:menelaus_metakv:write_chunk:155]Sent /indexing/rebalance/RebalanceToken rev: null sensitive: false
[metakv:debug,2025-05-15T18:47:49.778Z,ns_1@db2.lan:<0.3406.0>:menelaus_metakv:write_chunk:155]Sent /indexing/rebalance/RebalanceToken rev: null sensitive: false
[metakv:debug,2025-05-15T18:47:49.778Z,ns_1@db2.lan:<0.3339.0>:menelaus_metakv:write_chunk:155]Sent /indexing/rebalance/RebalanceToken rev: null sensitive: false
[metakv:debug,2025-05-15T18:47:49.781Z,ns_1@db2.lan:<0.3701.0>:menelaus_metakv:handle_iterate:127]Starting iteration of /indexing/rebalance/. Continuous = false
[metakv:debug,2025-05-15T18:47:54.494Z,ns_1@db2.lan:<0.3425.0>:menelaus_metakv:write_chunk:155]Sent /query/migration/CBO_STATS/state rev: g2gCYQBsAAAAAWgCbQAAACAyODU2OWFjMDBiOWMxZDdjNTBlMzk3NDEwMjdkNDI4Y2gCYQFuBQDasprhDmo= sensitive: false
[metakv:debug,2025-05-15T18:47:54.494Z,ns_1@db2.lan:<0.3339.0>:menelaus_metakv:write_chunk:155]Sent /query/migration/CBO_STATS/state rev: g2gCYQBsAAAAAWgCbQAAACAyODU2OWFjMDBiOWMxZDdjNTBlMzk3NDEwMjdkNDI4Y2gCYQFuBQDasprhDmo= sensitive: false
[metakv:debug,2025-05-15T18:47:54.494Z,ns_1@db2.lan:<0.3339.0>:menelaus_metakv:write_chunk:155]Sent /query/migration/UDF/state rev: g2gCYQBsAAAAAWgCbQAAACAyODU2OWFjMDBiOWMxZDdjNTBlMzk3NDEwMjdkNDI4Y2gCYQFuBQDasprhDmo= sensitive: false
[metakv:debug,2025-05-15T18:47:54.494Z,ns_1@db2.lan:<0.3425.0>:menelaus_metakv:write_chunk:155]Sent /query/migration/UDF/state rev: g2gCYQBsAAAAAWgCbQAAACAyODU2OWFjMDBiOWMxZDdjNTBlMzk3NDEwMjdkNDI4Y2gCYQFuBQDasprhDmo= sensitive: false
[metakv:debug,2025-05-15T18:47:54.649Z,ns_1@db2.lan:<0.3701.0>:menelaus_metakv:handle_iterate:127]Starting iteration of /indexing/ddl/commandToken/create/. Continuous = false
[metakv:debug,2025-05-15T18:47:54.650Z,ns_1@db2.lan:<0.3701.0>:menelaus_metakv:handle_iterate:127]Starting iteration of /indexing/ddl/commandToken/delete/. Continuous = false
[metakv:debug,2025-05-15T18:47:54.651Z,ns_1@db2.lan:<0.3701.0>:menelaus_metakv:handle_iterate:127]Starting iteration of /indexing/ddl/commandToken/dropInstance/. Continuous = false
[metakv:debug,2025-05-15T18:47:54.654Z,ns_1@db2.lan:<0.3701.0>:menelaus_metakv:handle_iterate:127]Starting iteration of /indexing/ddl/commandToken/create/. Continuous = false
[metakv:debug,2025-05-15T18:47:54.654Z,ns_1@db2.lan:<0.3701.0>:menelaus_metakv:handle_iterate:127]Starting iteration of /indexing/ddl/commandToken/dropInstance/. Continuous = false
[metakv:debug,2025-05-15T18:47:54.822Z,ns_1@db2.lan:<0.4418.0>:menelaus_metakv:handle_mutate:84]Updated <<"/indexing/ddl/commandToken/create/17514355370907628042/0">>. Elapsed time:0 ms.
[metakv:debug,2025-05-15T18:47:54.822Z,ns_1@db2.lan:<0.3343.0>:menelaus_metakv:write_chunk:155]Sent /indexing/ddl/commandToken/create/17514355370907628042/0 rev: g2gCYQBsAAAAAWgCbQAAACA3YTMzZDQ2ZmQxOTc2ZTY1NDY2YzVlZmM4YjQ1ZWYyZWgCYQFuBQDasprhDmo= sensitive: false
[metakv:debug,2025-05-15T18:47:54.822Z,ns_1@db2.lan:<0.3705.0>:menelaus_metakv:write_chunk:155]Sent /indexing/ddl/commandToken/create/17514355370907628042/0 rev: g2gCYQBsAAAAAWgCbQAAACA3YTMzZDQ2ZmQxOTc2ZTY1NDY2YzVlZmM4YjQ1ZWYyZWgCYQFuBQDasprhDmo= sensitive: false
[metakv:debug,2025-05-15T18:47:54.823Z,ns_1@db2.lan:<0.3339.0>:menelaus_metakv:write_chunk:155]Sent /indexing/ddl/commandToken/create/17514355370907628042/0 rev: g2gCYQBsAAAAAWgCbQAAACA3YTMzZDQ2ZmQxOTc2ZTY1NDY2YzVlZmM4YjQ1ZWYyZWgCYQFuBQDasprhDmo= sensitive: false
[metakv:debug,2025-05-15T18:47:54.822Z,ns_1@db2.lan:<0.3702.0>:menelaus_metakv:write_chunk:155]Sent /indexing/ddl/commandToken/create/17514355370907628042/0 rev: g2gCYQBsAAAAAWgCbQAAACA3YTMzZDQ2ZmQxOTc2ZTY1NDY2YzVlZmM4YjQ1ZWYyZWgCYQFuBQDasprhDmo= sensitive: false
[metakv:debug,2025-05-15T18:47:54.822Z,ns_1@db2.lan:<0.3359.0>:menelaus_metakv:write_chunk:155]Sent /indexing/ddl/commandToken/create/17514355370907628042/0 rev: g2gCYQBsAAAAAWgCbQAAACA3YTMzZDQ2ZmQxOTc2ZTY1NDY2YzVlZmM4YjQ1ZWYyZWgCYQFuBQDasprhDmo= sensitive: false
[metakv:debug,2025-05-15T18:47:54.835Z,ns_1@db2.lan:<0.4409.0>:menelaus_metakv:handle_iterate:127]Starting iteration of /indexing/ddl/commandToken/create/17514355370907628042/. Continuous = false
[metakv:debug,2025-05-15T18:47:54.836Z,ns_1@db2.lan:<0.4409.0>:menelaus_metakv:write_chunk:155]Sent /indexing/ddl/commandToken/create/17514355370907628042/0 rev: g2gCYQBsAAAAAWgCbQAAACA3YTMzZDQ2ZmQxOTc2ZTY1NDY2YzVlZmM4YjQ1ZWYyZWgCYQFuBQDasprhDmo= sensitive: false
[metakv:debug,2025-05-15T18:47:55.107Z,ns_1@db2.lan:<0.3343.0>:menelaus_metakv:write_chunk:155]Sent /indexing/ddl/commandToken/create/17514355370907628042/0 rev: null sensitive: false
[metakv:debug,2025-05-15T18:47:55.107Z,ns_1@db2.lan:<0.3702.0>:menelaus_metakv:write_chunk:155]Sent /indexing/ddl/commandToken/create/17514355370907628042/0 rev: null sensitive: false
[metakv:debug,2025-05-15T18:47:55.107Z,ns_1@db2.lan:<0.3339.0>:menelaus_metakv:write_chunk:155]Sent /indexing/ddl/commandToken/create/17514355370907628042/0 rev: null sensitive: false
[metakv:debug,2025-05-15T18:47:55.108Z,ns_1@db2.lan:<0.3359.0>:menelaus_metakv:write_chunk:155]Sent /indexing/ddl/commandToken/create/17514355370907628042/0 rev: null sensitive: false
[metakv:debug,2025-05-15T18:47:55.108Z,ns_1@db2.lan:<0.3705.0>:menelaus_metakv:write_chunk:155]Sent /indexing/ddl/commandToken/create/17514355370907628042/0 rev: null sensitive: false
[metakv:debug,2025-05-15T18:48:13.357Z,ns_1@db2.lan:<0.4594.0>:menelaus_metakv:handle_iterate:127]Starting iteration of /indexing/rebalance/. Continuous = false
[metakv:debug,2025-05-15T18:48:25.095Z,ns_1@db2.lan:<0.3471.0>:menelaus_metakv:write_chunk:155]Sent /indexing/settings/config rev: g2gCYQBsAAAAAWgCbQAAACAyODU2OWFjMDBiOWMxZDdjNTBlMzk3NDEwMjdkNDI4Y2gCYQVuBQD5sprhDmo= sensitive: false
[metakv:debug,2025-05-15T18:48:25.096Z,ns_1@db2.lan:<0.3339.0>:menelaus_metakv:write_chunk:155]Sent /indexing/settings/config rev: g2gCYQBsAAAAAWgCbQAAACAyODU2OWFjMDBiOWMxZDdjNTBlMzk3NDEwMjdkNDI4Y2gCYQVuBQD5sprhDmo= sensitive: false
[metakv:debug,2025-05-15T18:48:25.096Z,ns_1@db2.lan:<0.3471.0>:menelaus_metakv:write_chunk:155]Sent /indexing/settings/config/features/PlasmaInMemoryCompression rev: g2gCYQBsAAAAAWgCbQAAACAyODU2OWFjMDBiOWMxZDdjNTBlMzk3NDEwMjdkNDI4Y2gCYQFuBQD5sprhDmo= sensitive: false
[metakv:debug,2025-05-15T18:48:25.096Z,ns_1@db2.lan:<0.3339.0>:menelaus_metakv:write_chunk:155]Sent /indexing/settings/config/features/PlasmaInMemoryCompression rev: g2gCYQBsAAAAAWgCbQAAACAyODU2OWFjMDBiOWMxZDdjNTBlMzk3NDEwMjdkNDI4Y2gCYQFuBQD5sprhDmo= sensitive: false
[metakv:debug,2025-05-15T18:48:37.312Z,ns_1@db2.lan:<0.5973.0>:menelaus_metakv:handle_iterate:127]Starting iteration of /indexing/ddl/commandToken/. Continuous = true
[metakv:debug,2025-05-15T18:48:43.371Z,ns_1@db2.lan:<0.6695.0>:menelaus_metakv:handle_iterate:127]Starting iteration of /indexing/rebalance/. Continuous = false
[metakv:debug,2025-05-15T18:48:57.314Z,ns_1@db2.lan:<0.6396.0>:menelaus_metakv:handle_iterate:127]Starting iteration of /indexing/ddl/commandToken/stopSchedule/. Continuous = false
[metakv:debug,2025-05-15T18:49:13.385Z,ns_1@db2.lan:<0.6396.0>:menelaus_metakv:handle_iterate:127]Starting iteration of /indexing/rebalance/. Continuous = false
[metakv:debug,2025-05-15T18:49:17.313Z,ns_1@db2.lan:<0.6396.0>:menelaus_metakv:handle_iterate:127]Starting iteration of /indexing/ddl/commandToken/stopSchedule/. Continuous = false
[metakv:debug,2025-05-15T18:49:37.313Z,ns_1@db2.lan:<0.6396.0>:menelaus_metakv:handle_iterate:127]Starting iteration of /indexing/ddl/commandToken/stopSchedule/. Continuous = false
[metakv:debug,2025-05-15T18:49:37.317Z,ns_1@db2.lan:<0.6695.0>:menelaus_metakv:handle_iterate:127]Starting iteration of /indexing/ddl/commandToken/stopSchedule/. Continuous = false
[metakv:debug,2025-05-15T18:49:43.389Z,ns_1@db2.lan:<0.6396.0>:menelaus_metakv:handle_iterate:127]Starting iteration of /indexing/rebalance/. Continuous = false
[metakv:debug,2025-05-15T18:49:57.316Z,ns_1@db2.lan:<0.6396.0>:menelaus_metakv:handle_iterate:127]Starting iteration of /indexing/ddl/commandToken/stopSchedule/. Continuous = false
[metakv:debug,2025-05-15T18:50:13.392Z,ns_1@db2.lan:<0.6396.0>:menelaus_metakv:handle_iterate:127]Starting iteration of /indexing/rebalance/. Continuous = false
[metakv:debug,2025-05-15T18:50:17.312Z,ns_1@db2.lan:<0.6396.0>:menelaus_metakv:handle_iterate:127]Starting iteration of /indexing/ddl/commandToken/stopSchedule/. Continuous = false
[metakv:debug,2025-05-15T18:50:37.317Z,ns_1@db2.lan:<0.11832.0>:menelaus_metakv:handle_iterate:127]Starting iteration of /indexing/ddl/commandToken/stopSchedule/. Continuous = false
[metakv:debug,2025-05-15T18:50:37.317Z,ns_1@db2.lan:<0.6396.0>:menelaus_metakv:handle_iterate:127]Starting iteration of /indexing/ddl/commandToken/stopSchedule/. Continuous = false
[metakv:debug,2025-05-15T18:50:43.397Z,ns_1@db2.lan:<0.6396.0>:menelaus_metakv:handle_iterate:127]Starting iteration of /indexing/rebalance/. Continuous = false
[metakv:debug,2025-05-15T18:50:57.318Z,ns_1@db2.lan:<0.6396.0>:menelaus_metakv:handle_iterate:127]Starting iteration of /indexing/ddl/commandToken/stopSchedule/. Continuous = false
[metakv:debug,2025-05-15T18:51:13.400Z,ns_1@db2.lan:<0.6396.0>:menelaus_metakv:handle_iterate:127]Starting iteration of /indexing/rebalance/. Continuous = false
[metakv:debug,2025-05-15T18:51:17.313Z,ns_1@db2.lan:<0.6396.0>:menelaus_metakv:handle_iterate:127]Starting iteration of /indexing/ddl/commandToken/stopSchedule/. Continuous = false
[metakv:debug,2025-05-15T18:51:37.312Z,ns_1@db2.lan:<0.11832.0>:menelaus_metakv:handle_iterate:127]Starting iteration of /indexing/ddl/commandToken/stopSchedule/. Continuous = false
[metakv:debug,2025-05-15T18:51:37.312Z,ns_1@db2.lan:<0.6396.0>:menelaus_metakv:handle_iterate:127]Starting iteration of /indexing/ddl/commandToken/stopSchedule/. Continuous = false
[metakv:debug,2025-05-15T18:51:43.403Z,ns_1@db2.lan:<0.6396.0>:menelaus_metakv:handle_iterate:127]Starting iteration of /indexing/rebalance/. Continuous = false
[metakv:debug,2025-05-15T18:51:57.314Z,ns_1@db2.lan:<0.6396.0>:menelaus_metakv:handle_iterate:127]Starting iteration of /indexing/ddl/commandToken/stopSchedule/. Continuous = false
[metakv:debug,2025-05-15T18:52:13.411Z,ns_1@db2.lan:<0.6396.0>:menelaus_metakv:handle_iterate:127]Starting iteration of /indexing/rebalance/. Continuous = false
[metakv:debug,2025-05-15T18:52:17.314Z,ns_1@db2.lan:<0.6396.0>:menelaus_metakv:handle_iterate:127]Starting iteration of /indexing/ddl/commandToken/stopSchedule/. Continuous = false
[metakv:debug,2025-05-15T18:52:37.316Z,ns_1@db2.lan:<0.17285.0>:menelaus_metakv:handle_iterate:127]Starting iteration of /indexing/ddl/commandToken/stopSchedule/. Continuous = false
[metakv:debug,2025-05-15T18:52:37.316Z,ns_1@db2.lan:<0.11832.0>:menelaus_metakv:handle_iterate:127]Starting iteration of /indexing/ddl/commandToken/stopSchedule/. Continuous = false
[metakv:debug,2025-05-15T18:52:37.357Z,ns_1@db2.lan:<0.17285.0>:menelaus_metakv:handle_iterate:127]Starting iteration of /indexing/ddl/commandToken/create/. Continuous = false
[metakv:debug,2025-05-15T18:52:37.358Z,ns_1@db2.lan:<0.17285.0>:menelaus_metakv:handle_iterate:127]Starting iteration of /indexing/ddl/commandToken/build/. Continuous = false
[metakv:debug,2025-05-15T18:52:37.359Z,ns_1@db2.lan:<0.17285.0>:menelaus_metakv:handle_iterate:127]Starting iteration of /indexing/ddl/commandToken/delete/. Continuous = false
[metakv:debug,2025-05-15T18:52:37.359Z,ns_1@db2.lan:<0.17285.0>:menelaus_metakv:handle_iterate:127]Starting iteration of /indexing/ddl/commandToken/dropInstance/. Continuous = false
[metakv:debug,2025-05-15T18:52:43.418Z,ns_1@db2.lan:<0.17285.0>:menelaus_metakv:handle_iterate:127]Starting iteration of /indexing/rebalance/. Continuous = false
[metakv:debug,2025-05-15T18:52:57.314Z,ns_1@db2.lan:<0.17285.0>:menelaus_metakv:handle_iterate:127]Starting iteration of /indexing/ddl/commandToken/stopSchedule/. Continuous = false
[metakv:debug,2025-05-15T18:53:13.421Z,ns_1@db2.lan:<0.17285.0>:menelaus_metakv:handle_iterate:127]Starting iteration of /indexing/rebalance/. Continuous = false
[metakv:debug,2025-05-15T18:53:17.313Z,ns_1@db2.lan:<0.17285.0>:menelaus_metakv:handle_iterate:127]Starting iteration of /indexing/ddl/commandToken/stopSchedule/. Continuous = false
[metakv:debug,2025-05-15T18:53:37.313Z,ns_1@db2.lan:<0.17286.0>:menelaus_metakv:handle_iterate:127]Starting iteration of /indexing/ddl/commandToken/stopSchedule/. Continuous = false
[metakv:debug,2025-05-15T18:53:37.314Z,ns_1@db2.lan:<0.19993.0>:menelaus_metakv:handle_iterate:127]Starting iteration of /indexing/ddl/commandToken/stopSchedule/. Continuous = false
[metakv:debug,2025-05-15T18:53:43.423Z,ns_1@db2.lan:<0.17286.0>:menelaus_metakv:handle_iterate:127]Starting iteration of /indexing/rebalance/. Continuous = false
[metakv:debug,2025-05-15T18:53:57.314Z,ns_1@db2.lan:<0.17286.0>:menelaus_metakv:handle_iterate:127]Starting iteration of /indexing/ddl/commandToken/stopSchedule/. Continuous = false
[metakv:debug,2025-05-15T18:54:13.431Z,ns_1@db2.lan:<0.17286.0>:menelaus_metakv:handle_iterate:127]Starting iteration of /indexing/rebalance/. Continuous = false
[metakv:debug,2025-05-15T18:54:17.314Z,ns_1@db2.lan:<0.17286.0>:menelaus_metakv:handle_iterate:127]Starting iteration of /indexing/ddl/commandToken/stopSchedule/. Continuous = false
[metakv:debug,2025-05-15T18:54:37.320Z,ns_1@db2.lan:<0.17286.0>:menelaus_metakv:handle_iterate:127]Starting iteration of /indexing/ddl/commandToken/stopSchedule/. Continuous = false
[metakv:debug,2025-05-15T18:54:37.320Z,ns_1@db2.lan:<0.19993.0>:menelaus_metakv:handle_iterate:127]Starting iteration of /indexing/ddl/commandToken/stopSchedule/. Continuous = false
[metakv:debug,2025-05-15T18:54:43.434Z,ns_1@db2.lan:<0.19993.0>:menelaus_metakv:handle_iterate:127]Starting iteration of /indexing/rebalance/. Continuous = false
[metakv:debug,2025-05-15T18:54:57.313Z,ns_1@db2.lan:<0.19993.0>:menelaus_metakv:handle_iterate:127]Starting iteration of /indexing/ddl/commandToken/stopSchedule/. Continuous = false
[metakv:debug,2025-05-15T18:55:13.441Z,ns_1@db2.lan:<0.19993.0>:menelaus_metakv:handle_iterate:127]Starting iteration of /indexing/rebalance/. Continuous = false
[metakv:debug,2025-05-15T18:55:17.318Z,ns_1@db2.lan:<0.19993.0>:menelaus_metakv:handle_iterate:127]Starting iteration of /indexing/ddl/commandToken/stopSchedule/. Continuous = false
[metakv:debug,2025-05-15T18:55:37.323Z,ns_1@db2.lan:<0.19993.0>:menelaus_metakv:handle_iterate:127]Starting iteration of /indexing/ddl/commandToken/stopSchedule/. Continuous = false
[metakv:debug,2025-05-15T18:55:37.323Z,ns_1@db2.lan:<0.17286.0>:menelaus_metakv:handle_iterate:127]Starting iteration of /indexing/ddl/commandToken/stopSchedule/. Continuous = false
[metakv:debug,2025-05-15T18:55:43.453Z,ns_1@db2.lan:<0.17286.0>:menelaus_metakv:handle_iterate:127]Starting iteration of /indexing/rebalance/. Continuous = false
[metakv:debug,2025-05-15T18:55:57.324Z,ns_1@db2.lan:<0.17286.0>:menelaus_metakv:handle_iterate:127]Starting iteration of /indexing/ddl/commandToken/stopSchedule/. Continuous = false
[metakv:debug,2025-05-15T18:56:13.465Z,ns_1@db2.lan:<0.17286.0>:menelaus_metakv:handle_iterate:127]Starting iteration of /indexing/rebalance/. Continuous = false
[metakv:debug,2025-05-15T18:56:17.326Z,ns_1@db2.lan:<0.17286.0>:menelaus_metakv:handle_iterate:127]Starting iteration of /indexing/ddl/commandToken/stopSchedule/. Continuous = false
[metakv:debug,2025-05-15T18:56:37.325Z,ns_1@db2.lan:<0.19993.0>:menelaus_metakv:handle_iterate:127]Starting iteration of /indexing/ddl/commandToken/stopSchedule/. Continuous = false
[metakv:debug,2025-05-15T18:56:37.325Z,ns_1@db2.lan:<0.17286.0>:menelaus_metakv:handle_iterate:127]Starting iteration of /indexing/ddl/commandToken/stopSchedule/. Continuous = false
[metakv:debug,2025-05-15T18:56:43.467Z,ns_1@db2.lan:<0.17286.0>:menelaus_metakv:handle_iterate:127]Starting iteration of /indexing/rebalance/. Continuous = false
[metakv:debug,2025-05-15T18:56:57.325Z,ns_1@db2.lan:<0.17286.0>:menelaus_metakv:handle_iterate:127]Starting iteration of /indexing/ddl/commandToken/stopSchedule/. Continuous = false
