
2025-05-15T18:47:37.463+00:00 [INFO] cbq-engine starting version=7.6.2-N1QL go-version=go1.22.2 pid=545
2025-05-15T18:47:37.463+00:00 [INFO] Current nofiles rlimit: 1048576 (max: 1048576)
2025-05-15T18:47:37.463+00:00 [INFO] Waiting for initial settings
2025-05-15T18:47:37.465+00:00 [INFO] New settings received: {"cleanupclientattempts":true,"cleanuplostattempts":true,"cleanupwindow":"60s","completed-limit":4000,"completed-max-plan-size":262144,"completed-threshold":1000,"loglevel":"info","max-parallelism":1,"memory-quota":0,"n1ql-feat-ctrl":76,"node-quota":0,"node-quota-val-percent":67,"num-cpus":0,"numatrs":1024,"pipeline-batch":16,"pipeline-cap":512,"prepared-limit":16384,"query.settings.curl_whitelist":{"all_access":false,"allowed_urls":[],"disallowed_urls":[]},"query.settings.tmp_space_dir":"/opt/couchbase/var/lib/couchbase/tmp","query.settings.tmp_space_size":5120,"scan-cap":512,"timeout":0,"txtimeout":"0ms","use-cbo":true,"use-replica":"unset"}
2025-05-15T18:47:37.465+00:00 [INFO] Initial settings received
2025-05-15T18:47:37.465+00:00 [INFO] Soft memory limit: 6.888 GiB (90% of total)
2025-05-15T18:47:37.466+00:00 [INFO] FFDC: Capture path: /opt/couchbase/var/lib/couchbase/logs
2025-05-15T18:47:37.466+00:00 [INFO] FFDC: Found 0 existing dump file(s); 0 bytes.
2025-05-15T18:47:37.467+00:00 [Info] GSIClient DeploymentModel is set to: default, input: default
2025-05-15T18:47:37.467+00:00 [INFO] Temporary file path set to: /tmp, quota: 0
2025-05-15T18:47:37.467+00:00 [INFO] Initialization of cbauth succeeded
2025-05-15T18:47:37.469+00:00 [Info] Receive security change notification. encryption=false
2025-05-15T18:47:37.469+00:00 [Warn] certifcate location is missing.  Cannot refresh certifcate
2025-05-15T18:47:37.469+00:00 [INFO] New store created with url http://127.0.0.1:8091
2025-05-15T18:47:37.469+00:00 [INFO] n1fty: Receive security change notification
2025-05-15T18:47:37.469+00:00 [WARN] n1fty: cannot refresh certificate, certificate location is missing
2025-05-15T18:47:37.480+00:00 [INFO] Bucket N1QL_SYSTEM_BUCKET not found: No bucket named N1QL_SYSTEM_BUCKET
2025-05-15T18:47:37.483+00:00 [INFO] New Value for curl allowed list <ud>map[all_access:false allowed_transformed_urls:[] allowed_urls:[] disallowed_transformed_urls:[] disallowed_urls:[]]</ud>
2025-05-15T18:47:37.489+00:00 [Info] GSIC - Setting config map[query_tmpspace_dir:/opt/couchbase/var/lib/couchbase/tmp query_tmpspace_limit:5120]
2025-05-15T18:47:37.489+00:00 [INFO] GSI indexer settings have been updated map[query_tmpspace_dir:/opt/couchbase/var/lib/couchbase/tmp query_tmpspace_limit:5120]
2025-05-15T18:47:37.490+00:00 [INFO] n1fty indexer settings have been updated map[query_tmpspace_dir:/opt/couchbase/var/lib/couchbase/tmp query_tmpspace_limit:5120]
2025-05-15T18:47:37.496+00:00 [INFO] Temporary file path set to: /tmp, quota: 5368709120 (5.0 GiB)
2025-05-15T18:47:37.496+00:00 [INFO] num-cpus updated to 0.  Change will take place on restart.
2025-05-15T18:47:37.496+00:00 [INFO] Temporary file path set to: /opt/couchbase/var/lib/couchbase/tmp, quota: 5368709120 (5.0 GiB)
2025-05-15T18:47:37.496+00:00 [INFO] Query Configuration changed for atrcollection. New value is
2025-05-15T18:47:37.496+00:00 [INFO] Query Configuration changed for auto-prepare. New value is false
2025-05-15T18:47:37.496+00:00 [INFO] Query Configuration changed for cleanupclientattempts. New value is true
2025-05-15T18:47:37.496+00:00 [INFO] Query Configuration changed for cleanuplostattempts. New value is true
2025-05-15T18:47:37.496+00:00 [INFO] Query Configuration changed for cleanupwindow. New value is 1m0s
2025-05-15T18:47:37.496+00:00 [INFO] Query Configuration changed for completed-limit. New value is 4000
2025-05-15T18:47:37.496+00:00 [INFO] Query Configuration changed for completed-max-plan-size. New value is 262144
2025-05-15T18:47:37.496+00:00 [INFO] Query Configuration changed for completed-threshold. New value is 1s
2025-05-15T18:47:37.496+00:00 [INFO] Query Configuration changed for controls. New value is false
2025-05-15T18:47:37.496+00:00 [INFO] Query Configuration changed for cpuprofile. New value is
2025-05-15T18:47:37.496+00:00 [INFO] Query Configuration changed for debug. New value is false
2025-05-15T18:47:37.496+00:00 [INFO] Query Configuration changed for duration-style. New value is legacy
2025-05-15T18:47:37.496+00:00 [INFO] Query Configuration changed for functions-limit. New value is 16384
2025-05-15T18:47:37.496+00:00 [INFO] Query Configuration changed for gc-percent. New value is 0
2025-05-15T18:47:37.496+00:00 [INFO] Query Configuration changed for keep-alive-length. New value is 0
2025-05-15T18:47:37.496+00:00 [INFO] Query Configuration changed for loglevel. New value is INFO
2025-05-15T18:47:37.496+00:00 [INFO] Query Configuration changed for max-index-api. New value is 4
2025-05-15T18:47:37.496+00:00 [INFO] Query Configuration changed for max-parallelism. New value is 1
2025-05-15T18:47:37.497+00:00 [INFO] Query Configuration changed for memory-quota. New value is 0
2025-05-15T18:47:37.497+00:00 [INFO] Query Configuration changed for memprofile. New value is
2025-05-15T18:47:37.497+00:00 [INFO] Query Configuration changed for mutexprofile. New value is false
2025-05-15T18:47:37.497+00:00 [INFO] Query Configuration changed for n1ql-feat-ctrl. New value is 76 (0x4c), Encoded Plans (0x4) disabled, Golang UDFs (0x8) disabled, (Reserved for future use) (0x40) disabled
2025-05-15T18:47:37.497+00:00 [INFO] Query Configuration changed for node-quota. New value is 0
2025-05-15T18:47:37.497+00:00 [INFO] Query Configuration changed for node-quota-val-percent. New value is 67
2025-05-15T18:47:37.497+00:00 [INFO] Query Configuration changed for num-cpus. New value is 10
2025-05-15T18:47:37.497+00:00 [INFO] Query Configuration changed for numatrs. New value is 1024
2025-05-15T18:47:37.497+00:00 [INFO] Query Configuration changed for pipeline-batch from 512 to 16
2025-05-15T18:47:37.497+00:00 [INFO] Query Configuration changed for pipeline-cap. New value is 512
2025-05-15T18:47:37.497+00:00 [INFO] Query Configuration changed for plus-servicers. New value is 160
2025-05-15T18:47:37.497+00:00 [INFO] Query Configuration changed for prepared-limit. New value is 16384
2025-05-15T18:47:37.497+00:00 [INFO] Query Configuration changed for pretty. New value is false
2025-05-15T18:47:37.497+00:00 [INFO] Query Configuration changed for profile. New value is off
2025-05-15T18:47:37.497+00:00 [INFO] Query Configuration changed for request-error-limit. New value is 0
2025-05-15T18:47:37.497+00:00 [INFO] Query Configuration changed for request-size-cap. New value is 0
2025-05-15T18:47:37.497+00:00 [INFO] Query Configuration changed for scan-cap. New value is 512
2025-05-15T18:47:37.497+00:00 [INFO] Query Configuration changed for servicers. New value is 40
2025-05-15T18:47:37.497+00:00 [INFO] Query Configuration changed for timeout. New value is 0s
2025-05-15T18:47:37.497+00:00 [INFO] Query Configuration changed for txtimeout. New value is 0s
2025-05-15T18:47:37.497+00:00 [INFO] Query Configuration changed for use-cbo. New value is true
2025-05-15T18:47:37.497+00:00 [INFO] Query Configuration changed for use-replica. New value is unset
2025-05-15T18:47:37.504+00:00 [Info] GSIC - Setting config map[query_tmpspace_dir:/opt/couchbase/var/lib/couchbase/tmp query_tmpspace_limit:5120]
2025-05-15T18:47:37.504+00:00 [INFO] Changing GC percent from 0 to 200
2025-05-15T18:47:37.504+00:00 [INFO] New settings received: {"cleanupclientattempts":true,"cleanuplostattempts":true,"cleanupwindow":"60s","completed-limit":4000,"completed-max-plan-size":262144,"completed-threshold":1000,"loglevel":"info","max-parallelism":1,"memory-quota":0,"n1ql-feat-ctrl":76,"node-quota":0,"node-quota-val-percent":67,"num-cpus":0,"numatrs":1024,"pipeline-batch":16,"pipeline-cap":512,"prepared-limit":16384,"query.settings.curl_whitelist":{"all_access":false,"allowed_urls":[],"disallowed_urls":[]},"query.settings.tmp_space_dir":"/opt/couchbase/var/lib/couchbase/tmp","query.settings.tmp_space_size":5120,"scan-cap":512,"timeout":0,"txtimeout":"0ms","use-cbo":true,"use-replica":"unset"}
2025-05-15T18:47:37.504+00:00 [INFO] Settings notifier from metakv
2025-05-15T18:47:37.504+00:00 [INFO] GSI indexer settings have been updated map[query_tmpspace_dir:/opt/couchbase/var/lib/couchbase/tmp query_tmpspace_limit:5120]
2025-05-15T18:47:37.504+00:00 [INFO] n1fty indexer settings have been updated map[query_tmpspace_dir:/opt/couchbase/var/lib/couchbase/tmp query_tmpspace_limit:5120]
2025-05-15T18:47:37.504+00:00 [INFO] Query Engine Stats {"cores":10,"cpu.sys.percent":0,"cpu.user.percent":0,"ffdc.total":0,"gc.num":30218432,"gc.pause.percent":0,"gc.pause.time":"5.440793ms","healthy":true,"host.memory.free":2205995008,"host.memory.quota":0,"host.memory.total":8217968640,"host.memory.value_quota":0,"load":0,"loadfactor":33,"local.time":"2025-05-15T18:47:37.504Z","memory.system":27088136,"memory.total":16171136,"memory.usage":13112344,"node.allocated.values":1,"node.memory.usage":209715200,"process.memory.usage":1,"process.percore.cpupercent":0,"process.rss":102428672,"process.service.usage":0,"request.active.count":0,"request.completed.count":0,"request.per.sec.15min":0,"request.per.sec.1min":0,"request.per.sec.5min":0,"request.prepared.percent":0,"request.queued.count":0,"request_time.80percentile":"0s","request_time.95percentile":"0s","request_time.99percentile":"0s","request_time.mean":"0s","request_time.median":"0s","servicers.paused.count":0,"servicers.paused.total":0,"temp.hwm":0,"temp.usage":0,"total.threads":76,"uptime":"26.315333ms","version":"7.6.2-N1QL"}
2025-05-15T18:47:37.504+00:00 [INFO] num-cpus updated to 0.  Change will take place on restart.
2025-05-15T18:47:37.517+00:00 [INFO] audit: created new audit service
2025-05-15T18:47:37.520+00:00 [INFO] cbq-engine started version=7.6.2-N1QL ds_version=7.6.2-3721-enterprise datastore=http://127.0.0.1:8091 max-concurrency=10 loglevel=INFO servicers=40 plus-servicers=160 scan-cap=512 pipeline-cap=512 pipeline-batch=16 request-cap=256 request-size-cap=67108864 max-index-api=4 max-parallelism=1 n1ql-feat-ctrl=76 use-cbo=true timeout=0s txtimeout=0s gc-percent=200 node-quota=0 node-quota-val-percent=67 use-replica=unset
2025-05-15T18:47:37.520+00:00 [INFO] Starting audit worker 6
2025-05-15T18:47:37.520+00:00 [INFO] Starting audit worker 1
2025-05-15T18:47:37.520+00:00 [INFO] Starting audit worker 2
2025-05-15T18:47:37.520+00:00 [INFO] Starting audit worker 3
2025-05-15T18:47:37.520+00:00 [INFO] Starting audit worker 4
2025-05-15T18:47:37.521+00:00 [INFO] Starting audit worker 5
2025-05-15T18:47:37.521+00:00 [INFO] Starting audit worker 9
2025-05-15T18:47:37.521+00:00 [INFO] Starting audit worker 7
2025-05-15T18:47:37.521+00:00 [INFO] Starting audit settings worker 1.
2025-05-15T18:47:37.521+00:00 [INFO] Starting audit worker 10
2025-05-15T18:47:37.521+00:00 [INFO] Starting audit worker 8
2025-05-15T18:47:37.524+00:00 [INFO] jsevaluator: impl::Engine::Initialize: Completed v8wrapper.engine creation.
2025-05-15T18:47:37.540+00:00 [INFO] jsevaluator: impl::Engine::Initialize: Completed v8wrapper.engine initialization.
2025-05-15T18:47:37.540+00:00 [INFO] jsevaluator: impl::Engine::Initialize: Completed setting up engine storage ops' log config.
2025-05-15T18:47:37.540+00:00 [INFO] jsevaluator: impl::Engine::Initialize: Completed setting evaluator's system log config.
2025-05-15T18:47:37.540+00:00 [INFO] jsevaluator: impl::Engine::Initialize: Completed setting evaluator's JsRestrictionsEnabled flag to true.
2025-05-15T18:47:37.542+00:00 [INFO] jsevaluator: impl::Engine::Initialize: Completed creation of compilation worker.
2025-05-15T18:47:37.542+00:00 [INFO] jsevaluator: impl::Engine::Initialize: Completed creating new library unload notifier.
2025-05-15T18:47:37.542+00:00 [INFO] jsevaluator: impl::sharedStorageEngineOps::setupEssentials: Completed creating Meta KV store driver.
2025-05-15T18:47:37.542+00:00 [INFO] jsevaluator: impl::sharedStorageEngineOps::setupEssentials: Completed creating shared store.
2025-05-15T18:47:37.542+00:00 [INFO] jsevaluator: impl::sharedStorageEngineOps::setupEssentials: Completed creating admin service.
2025-05-15T18:47:37.542+00:00 [INFO] jsevaluator: impl::Engine::Initialize: Completed setting up essentials of engine storage ops.
2025-05-15T18:47:37.542+00:00 [INFO] jsevaluator: SharedStore::PeriodicScan: Starting periodic scan of libraries.
2025-05-15T18:47:37.542+00:00 [INFO] jsevaluator: MkvStoreDriver::ObserveChanges: Observing metakv. PathPrefix: "/functions/v1/cbq-engine/"
2025-05-15T18:47:37.542+00:00 [INFO] jsevaluator: MkvStoreDriver::ObserveChanges: Observing metakv. PathPrefix: "/functions_metadata/v1/cbq-engine/"
2025-05-15T18:47:37.543+00:00 [INFO] jsevaluator: impl::Engine::Initialize: Completed creating new dynamic engine configuration wrapper.
2025-05-15T18:47:37.543+00:00 [INFO] jsevaluator: impl::Engine::startServices: UDF Query feature enabled.
2025-05-15T18:47:37.543+00:00 [INFO] jsevaluator: impl::Engine::startServices: Default scope is not admin.
2025-05-15T18:47:37.543+00:00 [INFO] jsevaluator: MkvStoreDriver::ObserveChanges: Observing metakv. PathPrefix: "/evaluator/cbq-engine/v1/config/"
2025-05-15T18:47:37.547+00:00 [INFO] jsevaluator: Starting UDF Query Server on port 43927 Addr: 127.0.0.1:43927
2025-05-15T18:47:38.459+00:00 DEBU REGU.impl.init.0.func1() at aggrecorder.go:57 [id 36] will report aggregate recorder stats every 5m0s 
2025-05-15T18:47:38.521+00:00 [INFO] Starting audit update stream
2025-05-15T18:47:38.544+00:00 [INFO] jsevaluator: impl::Engine::Initialize: Services are healthy.
2025-05-15T18:47:38.544+00:00 [INFO] jsevaluator: impl::Engine::Initialize: Completed engine initialization.
2025-05-15T18:47:38.544+00:00 [INFO] jsevaluator: n1ql_impl::Engine::Configure: Completed client engine initialization.
2025-05-15T18:47:38.544+00:00 [INFO] jsevaluator: n1ql_impl::Engine::Configure: Completed engine storage ops setup.
2025-05-15T18:47:38.544+00:00 [INFO] jsevaluator: n1ql_impl::Engine::Configure: Completed engine configuration.
2025-05-15T18:47:38.544+00:00 [INFO] jsevaluator: n1ql_impl::Engine::Start: Engine is configured.
2025-05-15T18:47:38.544+00:00 [INFO] jsevaluator: n1ql_impl::Engine::Start: Starting engine.
2025-05-15T18:47:38.544+00:00 [INFO] jsevaluator: n1ql_impl::NewEvaluator: Creating and initializing new evaluator.
2025-05-15T18:47:38.544+00:00 [INFO] jsevaluator: n1ql_impl::NewEvaluator: Populating worker pool by 32.
2025-05-15T18:47:38.586+00:00 [INFO] jsevaluator: n1ql_impl::NewEvaluator: Completed populating worker pool by 32.
2025-05-15T18:47:38.586+00:00 [INFO] jsevaluator: n1ql_impl::NewEvaluator: Completed creating and initializing new evaluator.
2025-05-15T18:47:38.586+00:00 [INFO] jsevaluator: n1ql_impl::Engine::Start: Completed creating new worker pool instance.
2025-05-15T18:47:38.586+00:00 [INFO] jsevaluator: n1ql_impl::Engine::Start: Engine has been started.
2025-05-15T18:47:38.586+00:00 [INFO] Started jsevaluator for external jsevaluator with 32 runners
2025-05-15T18:47:38.586+00:00 [INFO] jsevaluator for internal javascript: impl::Engine::Initialize: Completed v8wrapper.engine creation.
2025-05-15T18:47:38.599+00:00 [INFO] jsevaluator for internal javascript: impl::Engine::Initialize: Completed v8wrapper.engine initialization.
2025-05-15T18:47:38.599+00:00 [INFO] jsevaluator for internal javascript: impl::Engine::Initialize: Completed setting up engine storage ops' log config.
2025-05-15T18:47:38.599+00:00 [INFO] jsevaluator for internal javascript: impl::Engine::Initialize: Completed setting evaluator's system log config.
2025-05-15T18:47:38.599+00:00 [INFO] jsevaluator for internal javascript: impl::Engine::Initialize: Completed setting evaluator's JsRestrictionsEnabled flag to true.
2025-05-15T18:47:38.603+00:00 [INFO] jsevaluator for internal javascript: impl::Engine::Initialize: Completed creation of compilation worker.
2025-05-15T18:47:38.603+00:00 [INFO] jsevaluator for internal javascript: impl::Engine::Initialize: Completed creating new library unload notifier.
2025-05-15T18:47:38.603+00:00 [INFO] jsevaluator for internal javascript: impl::Engine::Initialize: Completed setting up essentials of engine storage ops.
2025-05-15T18:47:38.604+00:00 [INFO] jsevaluator for internal javascript: impl::Engine::Initialize: Completed creating new dynamic engine configuration wrapper.
2025-05-15T18:47:38.604+00:00 [INFO] jsevaluator for internal javascript: impl::Engine::startServices: UDF Query feature enabled.
2025-05-15T18:47:38.604+00:00 [INFO] jsevaluator for internal javascript: Starting UDF Query Server on port 43477 Addr: 127.0.0.1:43477
2025-05-15T18:47:39.605+00:00 [INFO] jsevaluator for internal javascript: impl::Engine::Initialize: Services are healthy.
2025-05-15T18:47:39.605+00:00 [INFO] jsevaluator for internal javascript: impl::Engine::Initialize: Completed engine initialization.
2025-05-15T18:47:39.605+00:00 [INFO] jsevaluator for internal javascript: n1ql_impl::Engine::Configure: Completed client engine initialization.
2025-05-15T18:47:39.605+00:00 [INFO] jsevaluator for internal javascript: n1ql_impl::Engine::Configure: Completed engine storage ops setup.
2025-05-15T18:47:39.605+00:00 [INFO] jsevaluator for internal javascript: n1ql_impl::Engine::Configure: Completed engine configuration.
2025-05-15T18:47:39.605+00:00 [INFO] jsevaluator for internal javascript: n1ql_impl::Engine::Start: Engine is configured.
2025-05-15T18:47:39.605+00:00 [INFO] jsevaluator for internal javascript: n1ql_impl::Engine::Start: Starting engine.
2025-05-15T18:47:39.605+00:00 [INFO] jsevaluator for internal javascript: n1ql_impl::NewEvaluator: Creating and initializing new evaluator.
2025-05-15T18:47:39.605+00:00 [INFO] jsevaluator for internal javascript: n1ql_impl::NewEvaluator: Populating worker pool by 32.
2025-05-15T18:47:39.654+00:00 [INFO] jsevaluator for internal javascript: n1ql_impl::NewEvaluator: Completed populating worker pool by 32.
2025-05-15T18:47:39.654+00:00 [INFO] jsevaluator for internal javascript: n1ql_impl::NewEvaluator: Completed creating and initializing new evaluator.
2025-05-15T18:47:39.654+00:00 [INFO] jsevaluator for internal javascript: n1ql_impl::Engine::Start: Completed creating new worker pool instance.
2025-05-15T18:47:39.654+00:00 [INFO] jsevaluator for internal javascript: n1ql_impl::Engine::Start: Engine has been started.
2025-05-15T18:47:39.654+00:00 [INFO] Started jsevaluator for internal javascript with 32 runners
2025-05-15T18:47:39.654+00:00 [INFO] HttpEndpoint: Listen Address - [::]:8093
2025-05-15T18:47:39.654+00:00 [INFO] HttpEndpoint: Listen Address - 0.0.0.0:8093
2025-05-15T18:47:39.654+00:00 [INFO] Certificates have been refreshed by ns server
2025-05-15T18:47:39.656+00:00 [INFO] HttpEndpoint: ListenTLS Address - [::]:18093
2025-05-15T18:47:39.656+00:00 [INFO] HttpEndpoint: ListenTLS Address - 0.0.0.0:18093
2025-05-15T18:47:39.656+00:00 [INFO] Updating node-to-node encryption level: {EncryptData:false DisableNonSSLPorts:false}
2025-05-15T18:47:39.656+00:00 [Info] Receive security change notification. encryption=false
2025-05-15T18:47:39.660+00:00 [Info] Certificate refreshed successfully with certFile /opt/couchbase/var/lib/couchbase/config/certs/chain.pem, keyFile /opt/couchbase/var/lib/couchbase/config/certs/pkey.pem, caFile /opt/couchbase/var/lib/couchbase/config/certs/ca.pem
2025-05-15T18:47:39.660+00:00 [INFO] n1fty: Receive security change notification
2025-05-15T18:47:39.662+00:00 [INFO] n1fty: Certificate refreshed successfully with certFile /opt/couchbase/var/lib/couchbase/config/certs/chain.pem, keyFile /opt/couchbase/var/lib/couchbase/config/certs/pkey.pem, caFile /opt/couchbase/var/lib/couchbase/config/certs/ca.pem
2025-05-15T18:47:39.663+00:00 [INFO] n1fty: updateConnPools start, event:SecurityConfigChange
2025-05-15T18:47:39.663+00:00 [INFO] n1fty: onSecurityConfigChange, indexerAvail:false
2025-05-15T18:47:39.663+00:00 [INFO] n1fty: updateConnPools done, hosts:[]
2025-05-15T18:47:39.663+00:00 [INFO] n1fty: updateConnPools start, event:TopologyChange
2025-05-15T18:47:39.663+00:00 [INFO] n1fty: onTopologyChange, indexerAvail:false
2025-05-15T18:47:39.664+00:00 [INFO] n1fty: updateConnPools done, hosts:[]
2025-05-15T18:47:39.664+00:00 [ERROR] n1fty: failed to update connection pools on topologyChange, err: GetNodeDefs, err: hosts unavailable
2025-05-15T18:47:39.672+00:00 [INFO] Refreshed cluster information (rev:80)
2025-05-15T18:47:39.674+00:00 [INFO] Initial topology 1/1: 28569ac00b9c1d7c50e39741027d428c
2025-05-15T18:47:39.675+00:00 [INFO] UDF migration: Evaluating migration state
2025-05-15T18:47:39.676+00:00 [INFO] CBO stats migration: Evaluating migration state
2025-05-15T18:47:39.689+00:00 [INFO] Preparing for possible topology change: 1b481865da30bbe878d8f78e4808e91d (topology-change-rebalance)
2025-05-15T18:47:39.689+00:00 [INFO] Topology 1/3: 28569ac00b9c1d7c50e39741027d428c
2025-05-15T18:47:39.689+00:00 [INFO] Topology 2/3: 7a33d46fd1976e65466c5efc8b45ef2e
2025-05-15T18:47:39.689+00:00 [INFO] Topology 3/3: 80960cc3730024bccd4fc49444efdc14
2025-05-15T18:47:54.498+00:00 [INFO] CBO_STATS migration: Metakv callback - migration state changed to migrated
2025-05-15T18:47:54.498+00:00 [INFO] UDF migration: Metakv callback - migration state changed to migrated
2025-05-15T18:47:54.498+00:00 [INFO] UDF migration: Complete with no waiters
2025-05-15T18:47:54.498+00:00 [INFO] CBO_STATS migration: Complete with no waiters
2025-05-15T18:48:07.515+00:00 [INFO] Query Engine Stats {"cores":10,"cpu.sys.percent":0.0024,"cpu.user.percent":0.0049,"ffdc.total":0,"gc.num":30218432,"gc.pause.percent":0,"gc.pause.time":"5.440793ms","healthy":true,"host.memory.free":1268903936,"host.memory.quota":0,"host.memory.total":8217968640,"host.memory.value_quota":0,"load":0,"loadfactor":33,"local.time":"2025-05-15T18:48:07.514Z","memory.system":31282440,"memory.total":19599344,"memory.usage":16540552,"node.allocated.values":1,"node.memory.usage":209715200,"process.memory.usage":1,"process.percore.cpupercent":0.07,"process.rss":108613632,"process.service.usage":0,"request.active.count":0,"request.completed.count":0,"request.per.sec.15min":0,"request.per.sec.1min":0,"request.per.sec.5min":0,"request.prepared.percent":0,"request.queued.count":0,"request_time.80percentile":"0s","request_time.95percentile":"0s","request_time.99percentile":"0s","request_time.mean":"0s","request_time.median":"0s","servicers.paused.count":0,"servicers.paused.total":0,"temp.hwm":0,"temp.usage":0,"total.threads":267,"uptime":"30.036005722s","version":"7.6.2-N1QL"}
2025-05-15T18:53:07.519+00:00 [INFO] Query Engine Stats {"cores":10,"cpu.sys.percent":0.0022,"cpu.user.percent":0.0053,"ffdc.total":0,"gc.num":42770976,"gc.pause.percent":0,"gc.pause.time":"13.805043ms","healthy":true,"host.memory.free":1306218496,"host.memory.quota":0,"host.memory.total":8217968640,"host.memory.value_quota":0,"load":0,"loadfactor":22,"local.time":"2025-05-15T18:53:07.518Z","memory.system":31806728,"memory.total":20648952,"memory.usage":13645944,"node.allocated.values":1,"node.memory.usage":209715200,"process.memory.usage":1,"process.percore.cpupercent":0.07,"process.rss":108343296,"process.service.usage":0,"request.active.count":0,"request.completed.count":0,"request.per.sec.15min":0,"request.per.sec.1min":0,"request.per.sec.5min":0,"request.prepared.percent":0,"request.queued.count":0,"request_time.80percentile":"0s","request_time.95percentile":"0s","request_time.99percentile":"0s","request_time.mean":"0s","request_time.median":"0s","servicers.paused.count":0,"servicers.paused.total":0,"temp.hwm":0,"temp.usage":0,"total.threads":253,"uptime":"5m30.03879115s","version":"7.6.2-N1QL"}
