[trace_logger:info,2025-05-15T18:47:22.039Z,ns_1@cb.local:<0.2021.0>:ale_error_logger_handler:do_log:101]
=========================PROGRESS REPORT=========================
    supervisor: {<0.2021.0>,tls_dyn_connection_sup}
    started: [{pid,<0.2022.0>},
              {id,sender},
              {mfargs,{tls_sender,start_link,[[{spawn_opt,[]}]]}},
              {restart_type,temporary},
              {significant,false},
              {shutdown,5000},
              {child_type,worker}]

[trace_logger:info,2025-05-15T18:47:22.047Z,ns_1@cb.local:<0.2021.0>:ale_error_logger_handler:do_log:101]
=========================PROGRESS REPORT=========================
    supervisor: {<0.2021.0>,tls_dyn_connection_sup}
    started: [{pid,<0.2023.0>},
              {id,receiver},
              {mfargs,
                  {ssl_gen_statem,start_link,
                      [server,<0.2022.0>,"localhost",18091,#Port<0.71>,
                       {#{signature_algs =>
                              [eddsa_ed25519,eddsa_ed448,
                               ecdsa_secp521r1_sha512,ecdsa_secp384r1_sha384,
                               ecdsa_secp256r1_sha256,rsa_pss_pss_sha512,
                               rsa_pss_pss_sha384,rsa_pss_pss_sha256,
                               rsa_pss_rsae_sha512,rsa_pss_rsae_sha384,
                               rsa_pss_rsae_sha256,
                               {sha512,ecdsa},
                               {sha512,rsa},
                               {sha384,ecdsa},
                               {sha384,rsa},
                               {sha256,ecdsa},
                               {sha256,rsa},
                               {sha224,ecdsa},
                               {sha224,rsa},
                               {sha,ecdsa},
                               {sha,rsa},
                               {sha,dsa}],
                          fallback => undefined,client_renegotiation => false,
                          reuse_session => #Fun<ssl.13.66205095>,
                          anti_replay => undefined,
                          crl_cache => {ssl_crl_cache,{internal,[]}},
                          certfile =>
                              <<"/opt/couchbase/var/lib/couchbase/config/certs/chain.pem">>,
                          keyfile =>
                              <<"/opt/couchbase/var/lib/couchbase/config/certs/pkey.pem">>,
                          max_handshake_size => 262144,password => undefined,
                          partial_chain => #Fun<ssl.11.66205095>,
                          erl_dist => false,ocsp_responder_certs => [],
                          hibernate_after => infinity,
                          user_lookup_fun => undefined,sni_hosts => [],
                          verify => verify_none,
                          max_fragment_length => undefined,
                          honor_cipher_order => true,
                          supported_groups =>
                              {supported_groups,
                                  [x25519,x448,secp256r1,secp384r1]},
                          sni_fun => undefined,handshake => full,
                          fail_if_no_peer_cert => false,ocsp_nonce => true,
                          receiver_spawn_opts => [],
                          certificate_authorities => true,
                          customize_hostname_check => [],key => undefined,
                          reuse_sessions => true,
                          alpn_advertised_protocols => undefined,
                          srp_identity => undefined,protocol => tls,
                          middlebox_comp_mode => true,
                          psk_identity => undefined,...},
                        {socket_options,binary,0,0,0,false},
                        [{option_tracker,<0.390.0>},
                         {session_tickets_tracker,disabled},
                         {session_id_tracker,<0.391.0>}]},
                       <0.1853.0>,
                       {gen_tcp,tcp,tcp_closed,tcp_error,tcp_passive}]}},
              {restart_type,temporary},
              {significant,true},
              {shutdown,5000},
              {child_type,worker}]

[trace_logger:info,2025-05-15T18:47:22.589Z,ns_1@cb.local:<0.2063.0>:ale_error_logger_handler:do_log:101]
=========================PROGRESS REPORT=========================
    supervisor: {<0.2063.0>,tls_dyn_connection_sup}
    started: [{pid,<0.2064.0>},
              {id,sender},
              {mfargs,{tls_sender,start_link,[[{spawn_opt,[]}]]}},
              {restart_type,temporary},
              {significant,false},
              {shutdown,5000},
              {child_type,worker}]

[trace_logger:info,2025-05-15T18:47:22.589Z,ns_1@cb.local:<0.2063.0>:ale_error_logger_handler:do_log:101]
=========================PROGRESS REPORT=========================
    supervisor: {<0.2063.0>,tls_dyn_connection_sup}
    started: [{pid,<0.2065.0>},
              {id,receiver},
              {mfargs,
                  {ssl_gen_statem,start_link,
                      [server,<0.2064.0>,"localhost",18091,#Port<0.72>,
                       {#{signature_algs =>
                              [eddsa_ed25519,eddsa_ed448,
                               ecdsa_secp521r1_sha512,ecdsa_secp384r1_sha384,
                               ecdsa_secp256r1_sha256,rsa_pss_pss_sha512,
                               rsa_pss_pss_sha384,rsa_pss_pss_sha256,
                               rsa_pss_rsae_sha512,rsa_pss_rsae_sha384,
                               rsa_pss_rsae_sha256,
                               {sha512,ecdsa},
                               {sha512,rsa},
                               {sha384,ecdsa},
                               {sha384,rsa},
                               {sha256,ecdsa},
                               {sha256,rsa},
                               {sha224,ecdsa},
                               {sha224,rsa},
                               {sha,ecdsa},
                               {sha,rsa},
                               {sha,dsa}],
                          fallback => undefined,client_renegotiation => false,
                          reuse_session => #Fun<ssl.13.66205095>,
                          anti_replay => undefined,
                          crl_cache => {ssl_crl_cache,{internal,[]}},
                          certfile =>
                              <<"/opt/couchbase/var/lib/couchbase/config/certs/chain.pem">>,
                          keyfile =>
                              <<"/opt/couchbase/var/lib/couchbase/config/certs/pkey.pem">>,
                          max_handshake_size => 262144,password => undefined,
                          partial_chain => #Fun<ssl.11.66205095>,
                          erl_dist => false,ocsp_responder_certs => [],
                          hibernate_after => infinity,
                          user_lookup_fun => undefined,sni_hosts => [],
                          verify => verify_none,
                          max_fragment_length => undefined,
                          honor_cipher_order => true,
                          supported_groups =>
                              {supported_groups,
                                  [x25519,x448,secp256r1,secp384r1]},
                          sni_fun => undefined,handshake => full,
                          fail_if_no_peer_cert => false,ocsp_nonce => true,
                          receiver_spawn_opts => [],
                          certificate_authorities => true,
                          customize_hostname_check => [],key => undefined,
                          reuse_sessions => true,
                          alpn_advertised_protocols => undefined,
                          srp_identity => undefined,protocol => tls,
                          middlebox_comp_mode => true,
                          psk_identity => undefined,...},
                        {socket_options,binary,0,0,0,false},
                        [{option_tracker,<0.390.0>},
                         {session_tickets_tracker,disabled},
                         {session_id_tracker,<0.391.0>}]},
                       <0.1852.0>,
                       {gen_tcp,tcp,tcp_closed,tcp_error,tcp_passive}]}},
              {restart_type,temporary},
              {significant,true},
              {shutdown,5000},
              {child_type,worker}]

[trace_logger:info,2025-05-15T18:47:22.992Z,ns_1@db2.lan:<0.2303.0>:ale_error_logger_handler:do_log:101]
=========================PROGRESS REPORT=========================
    supervisor: {<0.2303.0>,tls_dyn_connection_sup}
    started: [{pid,<0.2304.0>},
              {id,sender},
              {mfargs,{tls_sender,start_link,[[{spawn_opt,[]}]]}},
              {restart_type,temporary},
              {significant,false},
              {shutdown,5000},
              {child_type,worker}]

[trace_logger:info,2025-05-15T18:47:22.992Z,ns_1@db2.lan:<0.2303.0>:ale_error_logger_handler:do_log:101]
=========================PROGRESS REPORT=========================
    supervisor: {<0.2303.0>,tls_dyn_connection_sup}
    started: [{pid,<0.2305.0>},
              {id,receiver},
              {mfargs,
                  {ssl_gen_statem,start_link,
                      [server,<0.2304.0>,"localhost",18091,#Port<0.88>,
                       {#{signature_algs =>
                              [eddsa_ed25519,eddsa_ed448,
                               ecdsa_secp521r1_sha512,ecdsa_secp384r1_sha384,
                               ecdsa_secp256r1_sha256,rsa_pss_pss_sha512,
                               rsa_pss_pss_sha384,rsa_pss_pss_sha256,
                               rsa_pss_rsae_sha512,rsa_pss_rsae_sha384,
                               rsa_pss_rsae_sha256,
                               {sha512,ecdsa},
                               {sha512,rsa},
                               {sha384,ecdsa},
                               {sha384,rsa},
                               {sha256,ecdsa},
                               {sha256,rsa},
                               {sha224,ecdsa},
                               {sha224,rsa},
                               {sha,ecdsa},
                               {sha,rsa},
                               {sha,dsa}],
                          fallback => undefined,client_renegotiation => false,
                          reuse_session => #Fun<ssl.13.66205095>,
                          anti_replay => undefined,
                          crl_cache => {ssl_crl_cache,{internal,[]}},
                          certfile =>
                              <<"/opt/couchbase/var/lib/couchbase/config/certs/chain.pem">>,
                          keyfile =>
                              <<"/opt/couchbase/var/lib/couchbase/config/certs/pkey.pem">>,
                          max_handshake_size => 262144,password => undefined,
                          partial_chain => #Fun<ssl.11.66205095>,
                          erl_dist => false,ocsp_responder_certs => [],
                          hibernate_after => infinity,
                          user_lookup_fun => undefined,sni_hosts => [],
                          verify => verify_none,
                          max_fragment_length => undefined,
                          honor_cipher_order => true,
                          supported_groups =>
                              {supported_groups,
                                  [x25519,x448,secp256r1,secp384r1]},
                          sni_fun => undefined,handshake => full,
                          fail_if_no_peer_cert => false,ocsp_nonce => true,
                          receiver_spawn_opts => [],
                          certificate_authorities => true,
                          customize_hostname_check => [],key => undefined,
                          reuse_sessions => true,
                          alpn_advertised_protocols => undefined,
                          srp_identity => undefined,protocol => tls,
                          middlebox_comp_mode => true,
                          psk_identity => undefined,...},
                        {socket_options,binary,0,0,0,false},
                        [{option_tracker,<0.2113.0>},
                         {session_tickets_tracker,disabled},
                         {session_id_tracker,<0.2114.0>}]},
                       <0.2115.0>,
                       {gen_tcp,tcp,tcp_closed,tcp_error,tcp_passive}]}},
              {restart_type,temporary},
              {significant,true},
              {shutdown,5000},
              {child_type,worker}]

