[couchdb:info,2025-05-15T18:46:49.674Z,couchdb_ns_1@cb.local:couch_audit<0.287.0>:couch_log:info:30]Couch audit settings changed <ud>[{audit_enabled,false},
                                  {disabled_users,[]},
                                  {enabled_events,[]}]</ud>
[couchdb:info,2025-05-15T18:47:27.555Z,couchdb_ns_1@cb.local:couch_audit<0.280.0>:couch_log:info:30]Couch audit settings changed <ud>[{audit_enabled,false},
                                  {disabled_users,[]},
                                  {enabled_events,[]}]</ud>
[couchdb:info,2025-05-15T18:47:50.404Z,couchdb_ns_1@cb.local:<0.620.0>:couch_log:info:30]Deleting couch file "/opt/couchbase/var/lib/couchbase/data/doom-scrolling/master.couch.1.compact" with renaming it to "/opt/couchbase/var/lib/couchbase/data/.delete/af7fd9871512a5912bba6c152469e70a"
[couchdb:info,2025-05-15T18:47:50.405Z,couchdb_ns_1@cb.local:<0.620.0>:couch_log:info:30]Deleting couch file "/opt/couchbase/var/lib/couchbase/data/doom-scrolling/master.couch.1.compact" with renaming it to "/opt/couchbase/var/lib/couchbase/data/.delete/083799a69b9ef189d3fc30647d2287ba"
[couchdb:info,2025-05-15T18:47:50.437Z,couchdb_ns_1@cb.local:couch_view<0.247.0>:couch_log:info:30]Deleting couch file "/opt/couchbase/var/lib/couchbase/data/.doom-scrolling/master_temp" with renaming it to "/opt/couchbase/var/lib/couchbase/data/.delete/3b7c69de02d8e02021ad86c94dbd5f3a"
[couchdb:info,2025-05-15T18:47:50.438Z,couchdb_ns_1@cb.local:couch_view<0.247.0>:couch_log:info:30]Deleting couch file "/opt/couchbase/var/lib/couchbase/data/.doom-scrolling/master_temp" with renaming it to "/opt/couchbase/var/lib/couchbase/data/.delete/79c63b9e25debb60f9c8a9d11b485cee"
[couchdb:info,2025-05-15T18:48:27.444Z,couchdb_ns_1@cb.local:couch_query_logger<0.222.0>:couch_log:info:30]Query-Volume
---
[couchdb:info,2025-05-15T18:49:27.446Z,couchdb_ns_1@cb.local:couch_query_logger<0.222.0>:couch_log:info:30]Query-Volume
---
[couchdb:info,2025-05-15T18:50:27.448Z,couchdb_ns_1@cb.local:couch_query_logger<0.222.0>:couch_log:info:30]Query-Volume
---
[couchdb:info,2025-05-15T18:51:27.454Z,couchdb_ns_1@cb.local:couch_query_logger<0.222.0>:couch_log:info:30]Query-Volume
---
[couchdb:info,2025-05-15T18:52:27.457Z,couchdb_ns_1@cb.local:couch_query_logger<0.222.0>:couch_log:info:30]Query-Volume
---
[couchdb:info,2025-05-15T18:53:27.459Z,couchdb_ns_1@cb.local:couch_query_logger<0.222.0>:couch_log:info:30]Query-Volume
---
[couchdb:info,2025-05-15T18:54:27.462Z,couchdb_ns_1@cb.local:couch_query_logger<0.222.0>:couch_log:info:30]Query-Volume
---
[couchdb:info,2025-05-15T18:55:27.467Z,couchdb_ns_1@cb.local:couch_query_logger<0.222.0>:couch_log:info:30]Query-Volume
---
[couchdb:info,2025-05-15T18:56:27.465Z,couchdb_ns_1@cb.local:couch_query_logger<0.222.0>:couch_log:info:30]Query-Volume
---
