2025-05-15T18:46:50.655Z INFO GOXDCR.ReplMgr: GOMAXPROCS=4
2025-05-15T18:46:50.657Z INFO GOXDCR.SecuritySvc: Security service started. Waiting for security context to be initialized
2025-05-15T18:46:50.657Z INFO GOXDCR.TopoSvc: Start watching 127.0.0.1:8091:/poolsStreaming/default.
2025-05-15T18:46:50.657Z INFO GOXDCR.SecuritySvc: Received security change notification. code 15
2025-05-15T18:46:50.657Z INFO GOXDCR.SecuritySvc: Cluster Encryption is changed to enabled=false, strict=false
2025-05-15T18:46:50.659Z INFO GOXDCR.SecuritySvc: Certificates are updated.
2025-05-15T18:46:50.659Z INFO GOXDCR.SecuritySvc: Security context is initialized.
2025-05-15T18:46:50.667Z INFO GOXDCR.IntSettSvc: Internal settings not found in metakv
2025-05-15T18:46:50.688Z INFO GOXDCR.ReplMgr: XDCR internal settings: map[AuditReadTimeout:1 AuditWriteTimeout:1 BackfillPersistInterval:1000 BucketTopologyGCPruneTimeHour:24 BucketTopologyGCScanTimeMin:1 BypassSanInCertificateCheck:0 CapellaHostNameSuffix:.cloud.couchbase.com CapiBatchTimeout:180 CapiDataChanSizeMultiplier:1 CapiMaxRetryBatchUpdateDocs:6 CapiReadTimeout:60 CapiRetryInterval:500 CapiWriteTimeout:10 ChangesLeftThresholdForOngoingReplication:200000 CkptCacheCtrlChLen:10 CkptCacheReqChLen:1000 ConnectionErrorsListMaxEntries:20 ConnectionPreCheckGCTimeoutSec:120 ConnectionPreCheckRPCTimeoutSec:15 CpuCollectionInterval:2000 DatapoolLogFrequency:10 DefaultHttpTimeout:180 ExtraQuotaForUnderutilizedCPU:10 FilteringInternalKeyKey:[$%XDCRInternalKey*%$] FilteringInternalXattrKey:[$%XDCRInternalMeta*%$] HELOTimeout:120 HealthCheckIntervalSec:120 IntervalForThrottlerCalibration:4 JsNumWorkers:4 JsWorkerMemQuotaBytes:1572864 KeepAlivePeriod:30 ManifestRefreshSrcInterval:2 ManifestRefreshTgtInterval:60 MaxCheckpointRecordsToKeep:5 MaxCheckpointRecordsToRead:5 MaxCountBacklogForSetDcpPriority:5 MaxCountCpuNotMaxed:3 MaxCountDCPStreamsInactive:10 MaxCountNoBacklogForResetDcpPriority:300 MaxCountThroughputDrop:3 MaxLengthSnapshotHistory:200 MaxNumOfMetakvRetries:4 MaxNumberOfAsyncListeners:4 MaxRetryCapiService:5 MaxRetryForLiveUpdatePipeline:5 MaxRetryTargetStats:6 MaxTopologyChangeCountBeforeRestart:30 MaxTopologyStableCountBeforeRestart:30 MaxWorkersForCheckpointing:5 MemStatsLogInterval:120 NumberOfSlotsForBandwidthThrottling:10 NumberOfSlotsForThroughputThrottling:10 OSOModeOverride:0 P2PCommTimeoutSec:15 P2PMaxReceiveChLen:10000 P2POpaqueCleanupIntervalSec:5 P2PReplicaReplicatorReloadSize:10 P2PRetryFactor:2 P2PRetryWaitTimeMillisec:200 P2PVBRelatedGCIntervalHour:24 PeerManifestsGetterSleepTimeSec:1 PeersManifestsGetterMaxRetry:8 PercentageOfBytesToSendAsMin:30 PipelineTimeoutP2PProtocolSec:60 RefreshRemoteClusterRefInterval:15 RemoteClusterAlternateAddrChangeKey:5 ReplSpecCheckInterval:15 ReplStatusExportBrokenMapTimeoutSec:5 ReplStatusLoadBrokenMapTimeoutSec:5 ReplicationSpecGCCnt:4 ResourceManagementInterval:1000 ResourceManagementRatioBase:100 ResourceManagementRatioUpperBound:90 ResourceManagementStatsInterval:10000 ResourceMgrKVDetectionRetryInterval:60 RetryIntervalMetakv:500 RetryIntervalTargetStats:1000 ShortHttpTimeout:20 StatsLogInterval:30 StopwatchDiagExternalThresholdMs:5000 StopwatchDiagInternalThresholdMs:2000 ThresholdForThroughSeqnoComputation:100 ThresholdPercentageForEventChanSizeLogging:90 ThresholdRatioForProcessCpu:95 ThresholdRatioForTotalCpu:95 ThroughSeqnoBgScannerFreqSec:5 ThroughSeqnoBgScannerLogFreqSec:60 ThroughputSampleAlpha:15 ThroughputSampleSize:1028 ThroughputThrottlerClearTokensInterval:3000 ThroughputThrottlerLogInterval:10000 TimeoutCheckpointBeforeStop:180 TimeoutDcpCloseUprFeed:3 TimeoutDcpCloseUprStreams:3 TimeoutHttpsPortLookup:2 TimeoutPartsStart:30 TimeoutPartsStop:10 TimeoutRuntimeContextStart:30 TimeoutRuntimeContextStop:10 TopologyChangeCheckInterval:10 TopologySvcCooldownPeriodSec:60 TopologySvcErrCooldownPeriodSec:120 UprFeedBufferSize:1048576 UprFeedDataChanLength:20000 WaitTimeBetweenMetadataChangeListeners:500 WaitTimeForLiveUpdatePipeline:2000 XmemBackoffTimeNewConn:1000 XmemBackoffWaitTime:10 XmemDefaultRespTimeout:1000 XmemMaxBackoffFactor:10 XmemMaxBatchSize:50 XmemMaxDataChanSize:10485760 XmemMaxIdleCount:60 XmemMaxIdleCountLowerBound:10 XmemMaxIdleCountUpperBound:120 XmemMaxReadDownTime:60 XmemMaxRetry:5 XmemMaxRetryInterval:300 XmemMaxRetryIntervalMutationLocked:30 XmemMaxRetryMutationLocked:20 XmemMaxRetryNewConn:10 XmemReadTimeout:120 XmemSelfMonitorInterval:6 XmemWriteTimeout:120 dnsSrvReBootstrap:true humanRecoverySec:300]
2025-05-15T18:46:50.692Z INFO GOXDCR.AuditSvc: Created audit service.
2025-05-15T18:46:50.692Z INFO GOXDCR.UILogSvc: Created ui log service.
2025-05-15T18:46:50.693Z INFO GOXDCR.ReplSpecSvc: Cache has been initialized for ReplicationSpecService
2025-05-15T18:46:50.698Z INFO GOXDCR.CollectionsManifestSvc: CollectionsManifestSvc starting...
2025-05-15T18:46:50.698Z INFO GOXDCR.CollectionsManifestSvc: CollectionsManifestSvc started
2025-05-15T18:46:50.698Z INFO GOXDCR.BackfillReplSvc: Cache has been initialized for BackfillReplicationService
2025-05-15T18:46:50.699Z INFO GOXDCR.PipelineMgr: Pipeline Manager is constructed
2025-05-15T18:46:50.699Z INFO GOXDCR.ResourceMgr: Resource Manager is initialized
2025-05-15T18:46:50.699Z INFO GOXDCR.ResourceMgr: ResourceMgr starting ....
2025-05-15T18:46:50.699Z INFO GOXDCR.ReplMgr: pollEOF: About to start stdin polling
2025-05-15T18:46:50.699Z INFO GOXDCR.ResourceMgr: cgroup supported = true
2025-05-15T18:46:50.699Z INFO GOXDCR.TpThrottler:  starting...
2025-05-15T18:46:50.699Z INFO GOXDCR.ResourceMgr: ResourceMgr started
2025-05-15T18:46:50.699Z INFO GOXDCR.BackfillMgr: BackfillMgr Starting...
2025-05-15T18:46:50.699Z INFO GOXDCR.BackfillMgr: BackfillMgr Started
2025-05-15T18:46:50.699Z INFO GOXDCR.ReplMgr: Replication manager is initialized
2025-05-15T18:46:50.699Z INFO GOXDCR.GenericSupervisor: Starting supervisor ReplicationManagerSupervisor.
2025-05-15T18:46:50.699Z INFO GOXDCR.GenericSupervisor: Started supervisor ReplicationManagerSupervisor.
2025-05-15T18:46:50.699Z INFO GOXDCR.ReplMgr: initReplications succeeded
2025-05-15T18:46:50.699Z INFO GOXDCR.ReplMgr: upgradeRemoteClusterRefs started.
2025-05-15T18:46:50.699Z INFO GOXDCR.ReplMgr: upgradeRemoteClusterRefs exited
2025-05-15T18:46:50.699Z INFO GOXDCR.GlobalSettingChangeListener: Started MetakvChangeListener GlobalSettingChangeListener
2025-05-15T18:46:50.699Z INFO GOXDCR.TpThrottler:  update routine starting
2025-05-15T18:46:50.699Z INFO GOXDCR.TpThrottler:  clearReassignedTokens starting... clearing every 3s
2025-05-15T18:46:50.699Z INFO GOXDCR.TpThrottler:  logStats started
2025-05-15T18:46:50.699Z INFO GOXDCR.ResourceMgr: collectCpuUsage starting ....

2025-05-15T18:46:50.699Z INFO GOXDCR.ResourceMgr: manageResources starting ....

2025-05-15T18:46:50.699Z INFO GOXDCR.ResourceMgr: logStats starting ....

2025-05-15T18:46:50.699Z INFO GOXDCR.ReplMgr: checkReplicationStatus started.
2025-05-15T18:46:50.699Z INFO GOXDCR.ReplMgr: logMemStats started.
2025-05-15T18:46:51.203Z INFO GOXDCR.InternalSettingChangeListener: Started MetakvChangeListener InternalSettingsChangeListener
2025-05-15T18:46:51.287Z INFO GOXDCR.ResourceMgr: Finished retrieving node's information - isKVNode: true
2025-05-15T18:46:51.488+00:00 DEBU REGU.impl.init.0.func1() at aggrecorder.go:57 [id 50] will report aggregate recorder stats every 5m0s 
2025-05-15T18:46:51.703Z INFO GOXDCR.RemoteClusterChangeListener: Started MetakvChangeListener RemoteClusterChangeListener
2025-05-15T18:46:52.205Z INFO GOXDCR.ReplicationSpecChangeListener: Started MetakvChangeListener ReplicationSpecChangeListener
2025-05-15T18:46:52.705Z WARN GOXDCR.ResourceMgr: Error retrieving overall cpu. err=CGroup prev timestamp not set
2025-05-15T18:46:52.706Z INFO GOXDCR.AdminPort: Constructed adminport
2025-05-15T18:46:52.706Z INFO GOXDCR.ReplMgr: Admin port has been launched
2025-05-15T18:46:52.706Z INFO GOXDCR.GenericSupervisor: Adding child AdminportSupervisor to supervisor ReplicationManagerSupervisor
2025-05-15T18:46:52.706Z INFO GOXDCR.ReplMgr: ReplicationManager is running
2025-05-15T18:46:52.706Z INFO GOXDCR.HttpServer: [xdcr:127.0.0.1:9998] new http server xdcr 127.0.0.1:9998 /
2025-05-15T18:46:52.706Z INFO GOXDCR.AdminPort: http server started 127.0.0.1:9998 !
2025-05-15T18:46:52.706Z INFO GOXDCR.P2PManager: P2PManagerImpl started with lifeCycleId 8T6-8o03PX0LGC3D35rWd7V6GuK0IvhSJc2hkbYhasE=
2025-05-15T18:46:52.707Z INFO GOXDCR.HttpServer: [xdcr:127.0.0.1:9998] starting ... 
2025-05-15T18:46:57.043Z ERRO GOXDCR.AdminPort: Error authenticating request. request=&{GET /_prometheusMetrics?timeout=10000 HTTP/1.1 1 1 map[Accept:[application/openmetrics-text;version=1.0.0,application/openmetrics-text;version=0.0.1;q=0.75,text/plain;version=0.0.4;q=0.5,*/*;q=0.1] Accept-Encoding:[gzip] Authorization:[Basic xxxxx] User-Agent:[Prometheus/2.45.0] X-Prometheus-Scrape-Timeout-Seconds:[10]] {} <nil> 0 [] false 127.0.0.1:9998 map[] map[] <nil> map[] 127.0.0.1:53700 /_prometheusMetrics?timeout=10000 <nil> <nil> <nil> 0x4000528640 <nil> [] map[]}
 err= Authentication failure
2025-05-15T18:46:57.045Z ERRO GOXDCR.ReplMgr: Error getting real user id from http request. err=Authentication failure
2025-05-15T18:46:57.045Z INFO GOXDCR.AuditSvc: GetMemcachedConnection serverAddr=127.0.0.1:11210, bucketName=
2025-05-15T18:46:57.052Z INFO GOXDCR.AuditSvc: Successfully sent HELO command with userAgent=Goxdcr Audit. attributes={false 1 false false}
2025-05-15T18:47:00.701Z INFO GOXDCR.ResourceMgr: Resource Manager State = <nil>
2025-05-15T18:47:00.701Z INFO GOXDCR.ResourceMgr: backlogCount=0, noBacklogCount=0 extraQuota=false cpuNotMaxedCount=0 throughputDropCount=0
2025-05-15T18:47:00.701Z INFO GOXDCR.ResourceMgr: DcpPriorityMap=map[]
ongoingReplMap=map[]
2025-05-15T18:47:02.708Z INFO GOXDCR.P2PManager: Successfully sent request type Discovery to nodes map[]
2025-05-15T18:47:05.704Z INFO GOXDCR.PipelineMgr: Replication Status = map[]
2025-05-15T18:47:07.043Z ERRO GOXDCR.AdminPort: Error authenticating request. request=&{GET /_prometheusMetrics?timeout=10000 HTTP/1.1 1 1 map[Accept:[application/openmetrics-text;version=1.0.0,application/openmetrics-text;version=0.0.1;q=0.75,text/plain;version=0.0.4;q=0.5,*/*;q=0.1] Accept-Encoding:[gzip] Authorization:[Basic xxxxx] User-Agent:[Prometheus/2.45.0] X-Prometheus-Scrape-Timeout-Seconds:[10]] {} <nil> 0 [] false 127.0.0.1:9998 map[] map[] <nil> map[] 127.0.0.1:53700 /_prometheusMetrics?timeout=10000 <nil> <nil> <nil> 0x4000528960 <nil> [] map[]}
 err= Authentication failure
2025-05-15T18:47:07.046Z ERRO GOXDCR.ReplMgr: Error getting real user id from http request. err=Authentication failure
2025-05-15T18:47:07.046Z INFO GOXDCR.AuditSvc: GetMemcachedConnection serverAddr=127.0.0.1:11210, bucketName=
2025-05-15T18:47:07.050Z INFO GOXDCR.AuditSvc: Successfully sent HELO command with userAgent=Goxdcr Audit. attributes={false 1 false false}
2025-05-15T18:47:10.700Z INFO GOXDCR.ResourceMgr: Resource Manager State = <nil>
2025-05-15T18:47:10.700Z INFO GOXDCR.ResourceMgr: backlogCount=0, noBacklogCount=0 extraQuota=false cpuNotMaxedCount=0 throughputDropCount=0
2025-05-15T18:47:10.700Z INFO GOXDCR.ResourceMgr: DcpPriorityMap=map[]
ongoingReplMap=map[]
2025-05-15T18:47:17.037Z ERRO GOXDCR.AdminPort: Error authenticating request. request=&{GET /_prometheusMetrics?timeout=10000 HTTP/1.1 1 1 map[Accept:[application/openmetrics-text;version=1.0.0,application/openmetrics-text;version=0.0.1;q=0.75,text/plain;version=0.0.4;q=0.5,*/*;q=0.1] Accept-Encoding:[gzip] Authorization:[Basic xxxxx] User-Agent:[Prometheus/2.45.0] X-Prometheus-Scrape-Timeout-Seconds:[10]] {} <nil> 0 [] false 127.0.0.1:9998 map[] map[] <nil> map[] 127.0.0.1:53700 /_prometheusMetrics?timeout=10000 <nil> <nil> <nil> 0x4000680f50 <nil> [] map[]}
 err= Authentication failure
2025-05-15T18:47:17.040Z ERRO GOXDCR.ReplMgr: Error getting real user id from http request. err=Authentication failure
2025-05-15T18:47:17.040Z INFO GOXDCR.AuditSvc: GetMemcachedConnection serverAddr=127.0.0.1:11210, bucketName=
2025-05-15T18:47:17.046Z INFO GOXDCR.AuditSvc: Successfully sent HELO command with userAgent=Goxdcr Audit. attributes={false 1 false false}
2025-05-15T18:47:20.702Z INFO GOXDCR.PipelineMgr: Replication Status = map[]
2025-05-15T18:47:20.702Z INFO GOXDCR.ResourceMgr: Resource Manager State = <nil>
2025-05-15T18:47:20.702Z INFO GOXDCR.ResourceMgr: backlogCount=0, noBacklogCount=0 extraQuota=false cpuNotMaxedCount=0 throughputDropCount=0
2025-05-15T18:47:20.702Z INFO GOXDCR.ResourceMgr: DcpPriorityMap=map[]
ongoingReplMap=map[]
2025-05-15T18:47:25.693Z INFO GOXDCR.SecuritySvc: Received security change notification. code 5
2025-05-15T18:47:25.695Z INFO GOXDCR.SecuritySvc: Certificates are updated.
2025-05-15T18:47:28.012Z INFO GOXDCR.ReplMgr: GOMAXPROCS=4
2025-05-15T18:47:28.012Z INFO GOXDCR.SecuritySvc: Security service started. Waiting for security context to be initialized
2025-05-15T18:47:28.013Z INFO GOXDCR.TopoSvc: Start watching 127.0.0.1:8091:/poolsStreaming/default.
2025-05-15T18:47:28.013Z INFO GOXDCR.SecuritySvc: Received security change notification. code 15
2025-05-15T18:47:28.013Z INFO GOXDCR.SecuritySvc: Cluster Encryption is changed to enabled=false, strict=false
2025-05-15T18:47:28.013Z INFO GOXDCR.SecuritySvc: Certificates are updated.
2025-05-15T18:47:28.013Z INFO GOXDCR.SecuritySvc: Security context is initialized.
2025-05-15T18:47:28.017Z INFO GOXDCR.IntSettSvc: Internal settings not found in metakv
2025-05-15T18:47:28.017Z INFO GOXDCR.ReplMgr: XDCR internal settings: map[AuditReadTimeout:1 AuditWriteTimeout:1 BackfillPersistInterval:1000 BucketTopologyGCPruneTimeHour:24 BucketTopologyGCScanTimeMin:1 BypassSanInCertificateCheck:0 CapellaHostNameSuffix:.cloud.couchbase.com CapiBatchTimeout:180 CapiDataChanSizeMultiplier:1 CapiMaxRetryBatchUpdateDocs:6 CapiReadTimeout:60 CapiRetryInterval:500 CapiWriteTimeout:10 ChangesLeftThresholdForOngoingReplication:200000 CkptCacheCtrlChLen:10 CkptCacheReqChLen:1000 ConnectionErrorsListMaxEntries:20 ConnectionPreCheckGCTimeoutSec:120 ConnectionPreCheckRPCTimeoutSec:15 CpuCollectionInterval:2000 DatapoolLogFrequency:10 DefaultHttpTimeout:180 ExtraQuotaForUnderutilizedCPU:10 FilteringInternalKeyKey:[$%XDCRInternalKey*%$] FilteringInternalXattrKey:[$%XDCRInternalMeta*%$] HELOTimeout:120 HealthCheckIntervalSec:120 IntervalForThrottlerCalibration:4 JsNumWorkers:4 JsWorkerMemQuotaBytes:1572864 KeepAlivePeriod:30 ManifestRefreshSrcInterval:2 ManifestRefreshTgtInterval:60 MaxCheckpointRecordsToKeep:5 MaxCheckpointRecordsToRead:5 MaxCountBacklogForSetDcpPriority:5 MaxCountCpuNotMaxed:3 MaxCountDCPStreamsInactive:10 MaxCountNoBacklogForResetDcpPriority:300 MaxCountThroughputDrop:3 MaxLengthSnapshotHistory:200 MaxNumOfMetakvRetries:4 MaxNumberOfAsyncListeners:4 MaxRetryCapiService:5 MaxRetryForLiveUpdatePipeline:5 MaxRetryTargetStats:6 MaxTopologyChangeCountBeforeRestart:30 MaxTopologyStableCountBeforeRestart:30 MaxWorkersForCheckpointing:5 MemStatsLogInterval:120 NumberOfSlotsForBandwidthThrottling:10 NumberOfSlotsForThroughputThrottling:10 OSOModeOverride:0 P2PCommTimeoutSec:15 P2PMaxReceiveChLen:10000 P2POpaqueCleanupIntervalSec:5 P2PReplicaReplicatorReloadSize:10 P2PRetryFactor:2 P2PRetryWaitTimeMillisec:200 P2PVBRelatedGCIntervalHour:24 PeerManifestsGetterSleepTimeSec:1 PeersManifestsGetterMaxRetry:8 PercentageOfBytesToSendAsMin:30 PipelineTimeoutP2PProtocolSec:60 RefreshRemoteClusterRefInterval:15 RemoteClusterAlternateAddrChangeKey:5 ReplSpecCheckInterval:15 ReplStatusExportBrokenMapTimeoutSec:5 ReplStatusLoadBrokenMapTimeoutSec:5 ReplicationSpecGCCnt:4 ResourceManagementInterval:1000 ResourceManagementRatioBase:100 ResourceManagementRatioUpperBound:90 ResourceManagementStatsInterval:10000 ResourceMgrKVDetectionRetryInterval:60 RetryIntervalMetakv:500 RetryIntervalTargetStats:1000 ShortHttpTimeout:20 StatsLogInterval:30 StopwatchDiagExternalThresholdMs:5000 StopwatchDiagInternalThresholdMs:2000 ThresholdForThroughSeqnoComputation:100 ThresholdPercentageForEventChanSizeLogging:90 ThresholdRatioForProcessCpu:95 ThresholdRatioForTotalCpu:95 ThroughSeqnoBgScannerFreqSec:5 ThroughSeqnoBgScannerLogFreqSec:60 ThroughputSampleAlpha:15 ThroughputSampleSize:1028 ThroughputThrottlerClearTokensInterval:3000 ThroughputThrottlerLogInterval:10000 TimeoutCheckpointBeforeStop:180 TimeoutDcpCloseUprFeed:3 TimeoutDcpCloseUprStreams:3 TimeoutHttpsPortLookup:2 TimeoutPartsStart:30 TimeoutPartsStop:10 TimeoutRuntimeContextStart:30 TimeoutRuntimeContextStop:10 TopologyChangeCheckInterval:10 TopologySvcCooldownPeriodSec:60 TopologySvcErrCooldownPeriodSec:120 UprFeedBufferSize:1048576 UprFeedDataChanLength:20000 WaitTimeBetweenMetadataChangeListeners:500 WaitTimeForLiveUpdatePipeline:2000 XmemBackoffTimeNewConn:1000 XmemBackoffWaitTime:10 XmemDefaultRespTimeout:1000 XmemMaxBackoffFactor:10 XmemMaxBatchSize:50 XmemMaxDataChanSize:10485760 XmemMaxIdleCount:60 XmemMaxIdleCountLowerBound:10 XmemMaxIdleCountUpperBound:120 XmemMaxReadDownTime:60 XmemMaxRetry:5 XmemMaxRetryInterval:300 XmemMaxRetryIntervalMutationLocked:30 XmemMaxRetryMutationLocked:20 XmemMaxRetryNewConn:10 XmemReadTimeout:120 XmemSelfMonitorInterval:6 XmemWriteTimeout:120 dnsSrvReBootstrap:true humanRecoverySec:300]
2025-05-15T18:47:28.017Z INFO GOXDCR.AuditSvc: Created audit service.
2025-05-15T18:47:28.017Z INFO GOXDCR.UILogSvc: Created ui log service.
2025-05-15T18:47:28.018Z INFO GOXDCR.ReplSpecSvc: Cache has been initialized for ReplicationSpecService
2025-05-15T18:47:28.018Z INFO GOXDCR.CollectionsManifestSvc: CollectionsManifestSvc starting...
2025-05-15T18:47:28.018Z INFO GOXDCR.CollectionsManifestSvc: CollectionsManifestSvc started
2025-05-15T18:47:28.018Z INFO GOXDCR.BackfillReplSvc: Cache has been initialized for BackfillReplicationService
2025-05-15T18:47:28.019Z INFO GOXDCR.PipelineMgr: Pipeline Manager is constructed
2025-05-15T18:47:28.019Z INFO GOXDCR.ResourceMgr: Resource Manager is initialized
2025-05-15T18:47:28.019Z INFO GOXDCR.ResourceMgr: ResourceMgr starting ....
2025-05-15T18:47:28.019Z INFO GOXDCR.ResourceMgr: cgroup supported = true
2025-05-15T18:47:28.019Z INFO GOXDCR.TpThrottler:  starting...
2025-05-15T18:47:28.019Z INFO GOXDCR.ResourceMgr: ResourceMgr started
2025-05-15T18:47:28.019Z INFO GOXDCR.BackfillMgr: BackfillMgr Starting...
2025-05-15T18:47:28.019Z INFO GOXDCR.BackfillMgr: BackfillMgr Started
2025-05-15T18:47:28.019Z INFO GOXDCR.ReplMgr: Replication manager is initialized
2025-05-15T18:47:28.019Z INFO GOXDCR.GenericSupervisor: Starting supervisor ReplicationManagerSupervisor.
2025-05-15T18:47:28.019Z INFO GOXDCR.GenericSupervisor: Started supervisor ReplicationManagerSupervisor.
2025-05-15T18:47:28.019Z INFO GOXDCR.ReplMgr: initReplications succeeded
2025-05-15T18:47:28.019Z INFO GOXDCR.ReplMgr: upgradeRemoteClusterRefs started.
2025-05-15T18:47:28.019Z INFO GOXDCR.ReplMgr: upgradeRemoteClusterRefs exited
2025-05-15T18:47:28.019Z INFO GOXDCR.GlobalSettingChangeListener: Started MetakvChangeListener GlobalSettingChangeListener
2025-05-15T18:47:28.019Z INFO GOXDCR.ResourceMgr: manageResources starting ....

2025-05-15T18:47:28.019Z INFO GOXDCR.ResourceMgr: logStats starting ....

2025-05-15T18:47:28.019Z INFO GOXDCR.ReplMgr: pollEOF: About to start stdin polling
2025-05-15T18:47:28.019Z INFO GOXDCR.ReplMgr: checkReplicationStatus started.
2025-05-15T18:47:28.019Z INFO GOXDCR.ReplMgr: logMemStats started.
2025-05-15T18:47:28.019Z INFO GOXDCR.TpThrottler:  clearReassignedTokens starting... clearing every 3s
2025-05-15T18:47:28.019Z INFO GOXDCR.ResourceMgr: Finished retrieving node's information - isKVNode: true
2025-05-15T18:47:28.019Z INFO GOXDCR.TpThrottler:  update routine starting
2025-05-15T18:47:28.019Z INFO GOXDCR.TpThrottler:  logStats started
2025-05-15T18:47:28.019Z INFO GOXDCR.ResourceMgr: collectCpuUsage starting ....

2025-05-15T18:47:28.522Z INFO GOXDCR.InternalSettingChangeListener: Started MetakvChangeListener InternalSettingsChangeListener
2025-05-15T18:47:29.009+00:00 DEBU REGU.impl.init.0.func1() at aggrecorder.go:57 [id 11] will report aggregate recorder stats every 5m0s 
2025-05-15T18:47:29.022Z INFO GOXDCR.RemoteClusterChangeListener: Started MetakvChangeListener RemoteClusterChangeListener
2025-05-15T18:47:29.524Z INFO GOXDCR.ReplicationSpecChangeListener: Started MetakvChangeListener ReplicationSpecChangeListener
2025-05-15T18:47:30.020Z WARN GOXDCR.ResourceMgr: Error retrieving overall cpu. err=CGroup prev timestamp not set
2025-05-15T18:47:30.026Z INFO GOXDCR.AdminPort: Constructed adminport
2025-05-15T18:47:30.026Z INFO GOXDCR.ReplMgr: Admin port has been launched
2025-05-15T18:47:30.026Z INFO GOXDCR.GenericSupervisor: Adding child AdminportSupervisor to supervisor ReplicationManagerSupervisor
2025-05-15T18:47:30.026Z INFO GOXDCR.ReplMgr: ReplicationManager is running
2025-05-15T18:47:30.026Z INFO GOXDCR.HttpServer: [xdcr:127.0.0.1:9998] new http server xdcr 127.0.0.1:9998 /
2025-05-15T18:47:30.026Z INFO GOXDCR.AdminPort: http server started 127.0.0.1:9998 !
2025-05-15T18:47:30.026Z INFO GOXDCR.P2PManager: P2PManagerImpl started with lifeCycleId FDNuMH4SCGbVSwTHBQMKY2q80hVAPkzCt-5r3P42SA4=
2025-05-15T18:47:30.026Z INFO GOXDCR.HttpServer: [xdcr:127.0.0.1:9998] starting ... 
2025-05-15T18:47:37.395Z INFO GOXDCR.AdminPort: doPostPeerToPeerRequest of type Discovery from db2.lan:8091
2025-05-15T18:47:37.396Z INFO GOXDCR.P2PManager: Discovered peers: map[db2.lan:8091:j0nOcb9J-4J6fouXglv60KGHYJiY_mjuo_5E5WmnEfQ=]
2025-05-15T18:47:38.020Z INFO GOXDCR.ResourceMgr: Resource Manager State = <nil>
2025-05-15T18:47:38.020Z INFO GOXDCR.ResourceMgr: backlogCount=0, noBacklogCount=0 extraQuota=false cpuNotMaxedCount=0 throughputDropCount=0
2025-05-15T18:47:38.020Z INFO GOXDCR.ResourceMgr: DcpPriorityMap=map[]
ongoingReplMap=map[]
2025-05-15T18:47:40.031Z INFO GOXDCR.P2PManager: Successfully sent request type Discovery to nodes with opaque: map[172.19.0.4:8091:1583742976 db2.lan:8091:556990464]
2025-05-15T18:47:40.032Z INFO GOXDCR.AdminPort: doPostPeerToPeerRequest of type Discovery from db2.lan:8091
2025-05-15T18:47:40.033Z INFO GOXDCR.AdminPort: doPostPeerToPeerRequest of type Discovery from 172.19.0.4:8091
2025-05-15T18:47:43.020Z INFO GOXDCR.PipelineMgr: Replication Status = map[]
2025-05-15T18:47:48.020Z INFO GOXDCR.ResourceMgr: Resource Manager State = <nil>
2025-05-15T18:47:48.020Z INFO GOXDCR.ResourceMgr: backlogCount=0, noBacklogCount=0 extraQuota=false cpuNotMaxedCount=0 throughputDropCount=0
2025-05-15T18:47:48.020Z INFO GOXDCR.ResourceMgr: DcpPriorityMap=map[]
ongoingReplMap=map[]
2025-05-15T18:47:58.020Z INFO GOXDCR.PipelineMgr: Replication Status = map[]
2025-05-15T18:47:58.020Z INFO GOXDCR.ResourceMgr: Resource Manager State = <nil>
2025-05-15T18:47:58.020Z INFO GOXDCR.ResourceMgr: backlogCount=0, noBacklogCount=0 extraQuota=false cpuNotMaxedCount=0 throughputDropCount=0
2025-05-15T18:47:58.020Z INFO GOXDCR.ResourceMgr: DcpPriorityMap=map[]
ongoingReplMap=map[]
2025-05-15T18:48:08.020Z INFO GOXDCR.ResourceMgr: Resource Manager State = <nil>
2025-05-15T18:48:08.020Z INFO GOXDCR.ResourceMgr: backlogCount=0, noBacklogCount=0 extraQuota=false cpuNotMaxedCount=0 throughputDropCount=0
2025-05-15T18:48:08.020Z INFO GOXDCR.ResourceMgr: DcpPriorityMap=map[]
ongoingReplMap=map[]
2025-05-15T18:48:13.020Z INFO GOXDCR.PipelineMgr: Replication Status = map[]
2025-05-15T18:48:18.021Z INFO GOXDCR.ResourceMgr: Resource Manager State = <nil>
2025-05-15T18:48:18.021Z INFO GOXDCR.ResourceMgr: backlogCount=0, noBacklogCount=0 extraQuota=false cpuNotMaxedCount=0 throughputDropCount=0
2025-05-15T18:48:18.021Z INFO GOXDCR.ResourceMgr: DcpPriorityMap=map[]
ongoingReplMap=map[]
2025-05-15T18:48:28.021Z INFO GOXDCR.PipelineMgr: Replication Status = map[]
2025-05-15T18:48:28.022Z INFO GOXDCR.ResourceMgr: Resource Manager State = <nil>
2025-05-15T18:48:28.022Z INFO GOXDCR.ResourceMgr: backlogCount=0, noBacklogCount=0 extraQuota=false cpuNotMaxedCount=0 throughputDropCount=0
2025-05-15T18:48:28.022Z INFO GOXDCR.ResourceMgr: DcpPriorityMap=map[]
ongoingReplMap=map[]
2025-05-15T18:48:38.020Z INFO GOXDCR.ResourceMgr: Resource Manager State = <nil>
2025-05-15T18:48:38.020Z INFO GOXDCR.ResourceMgr: backlogCount=0, noBacklogCount=0 extraQuota=false cpuNotMaxedCount=0 throughputDropCount=0
2025-05-15T18:48:38.020Z INFO GOXDCR.ResourceMgr: DcpPriorityMap=map[]
ongoingReplMap=map[]
2025-05-15T18:48:43.020Z INFO GOXDCR.PipelineMgr: Replication Status = map[]
2025-05-15T18:48:48.020Z INFO GOXDCR.ResourceMgr: Resource Manager State = <nil>
2025-05-15T18:48:48.021Z INFO GOXDCR.ResourceMgr: backlogCount=0, noBacklogCount=0 extraQuota=false cpuNotMaxedCount=0 throughputDropCount=0
2025-05-15T18:48:48.021Z INFO GOXDCR.ResourceMgr: DcpPriorityMap=map[]
ongoingReplMap=map[]
2025-05-15T18:48:58.021Z INFO GOXDCR.PipelineMgr: Replication Status = map[]
2025-05-15T18:48:58.021Z INFO GOXDCR.ResourceMgr: Resource Manager State = <nil>
2025-05-15T18:48:58.022Z INFO GOXDCR.ResourceMgr: backlogCount=0, noBacklogCount=0 extraQuota=false cpuNotMaxedCount=0 throughputDropCount=0
2025-05-15T18:48:58.022Z INFO GOXDCR.ResourceMgr: DcpPriorityMap=map[]
ongoingReplMap=map[]
2025-05-15T18:49:08.021Z INFO GOXDCR.ResourceMgr: Resource Manager State = <nil>
2025-05-15T18:49:08.021Z INFO GOXDCR.ResourceMgr: backlogCount=0, noBacklogCount=0 extraQuota=false cpuNotMaxedCount=0 throughputDropCount=0
2025-05-15T18:49:08.021Z INFO GOXDCR.ResourceMgr: DcpPriorityMap=map[]
ongoingReplMap=map[]
2025-05-15T18:49:13.020Z INFO GOXDCR.PipelineMgr: Replication Status = map[]
2025-05-15T18:49:18.020Z INFO GOXDCR.ResourceMgr: Resource Manager State = <nil>
2025-05-15T18:49:18.021Z INFO GOXDCR.ResourceMgr: backlogCount=0, noBacklogCount=0 extraQuota=false cpuNotMaxedCount=0 throughputDropCount=0
2025-05-15T18:49:18.021Z INFO GOXDCR.ResourceMgr: DcpPriorityMap=map[]
ongoingReplMap=map[]
2025-05-15T18:49:28.021Z INFO GOXDCR.PipelineMgr: Replication Status = map[]
2025-05-15T18:49:28.021Z INFO GOXDCR.ResourceMgr: Resource Manager State = <nil>
2025-05-15T18:49:28.022Z INFO GOXDCR.ResourceMgr: backlogCount=0, noBacklogCount=0 extraQuota=false cpuNotMaxedCount=0 throughputDropCount=0
2025-05-15T18:49:28.022Z INFO GOXDCR.ResourceMgr: DcpPriorityMap=map[]
ongoingReplMap=map[]
2025-05-15T18:49:28.023Z INFO GOXDCR.ReplMgr: Mem stats = {"Alloc":6570144,"TotalAlloc":9390472,"Sys":18175240,"Lookups":0,"Mallocs":47320,"Frees":25340,"HeapAlloc":6570144,"HeapSys":11665408,"HeapIdle":3465216,"HeapInuse":8200192,"HeapReleased":3407872,"HeapObjects":21980,"StackInuse":917504,"StackSys":917504,"MSpanInuse":106400,"MSpanSys":114240,"MCacheInuse":4800,"MCacheSys":15600,"BuckHashSys":1455418,"GCSys":3026024,"OtherSys":981046,"NextGC":11808520,"LastGC":1747334857414194920,"PauseTotalNs":8851541,"PauseNs":[16333,1238083,7597125,0,0,0,0,0,0,0,0,0,0,0,0,0,0,0,0,0,0,0,0,0,0,0,0,0,0,0,0,0,0,0,0,0,0,0,0,0,0,0,0,0,0,0,0,0,0,0,0,0,0,0,0,0,0,0,0,0,0,0,0,0,0,0,0,0,0,0,0,0,0,0,0,0,0,0,0,0,0,0,0,0,0,0,0,0,0,0,0,0,0,0,0,0,0,0,0,0,0,0,0,0,0,0,0,0,0,0,0,0,0,0,0,0,0,0,0,0,0,0,0,0,0,0,0,0,0,0,0,0,0,0,0,0,0,0,0,0,0,0,0,0,0,0,0,0,0,0,0,0,0,0,0,0,0,0,0,0,0,0,0,0,0,0,0,0,0,0,0,0,0,0,0,0,0,0,0,0,0,0,0,0,0,0,0,0,0,0,0,0,0,0,0,0,0,0,0,0,0,0,0,0,0,0,0,0,0,0,0,0,0,0,0,0,0,0,0,0,0,0,0,0,0,0,0,0,0,0,0,0,0,0,0,0,0,0,0,0,0,0,0,0,0,0,0,0,0,0,0,0,0,0,0,0],"PauseEnd":[1747334848003503763,1747334848010485971,1747334857414194920,0,0,0,0,0,0,0,0,0,0,0,0,0,0,0,0,0,0,0,0,0,0,0,0,0,0,0,0,0,0,0,0,0,0,0,0,0,0,0,0,0,0,0,0,0,0,0,0,0,0,0,0,0,0,0,0,0,0,0,0,0,0,0,0,0,0,0,0,0,0,0,0,0,0,0,0,0,0,0,0,0,0,0,0,0,0,0,0,0,0,0,0,0,0,0,0,0,0,0,0,0,0,0,0,0,0,0,0,0,0,0,0,0,0,0,0,0,0,0,0,0,0,0,0,0,0,0,0,0,0,0,0,0,0,0,0,0,0,0,0,0,0,0,0,0,0,0,0,0,0,0,0,0,0,0,0,0,0,0,0,0,0,0,0,0,0,0,0,0,0,0,0,0,0,0,0,0,0,0,0,0,0,0,0,0,0,0,0,0,0,0,0,0,0,0,0,0,0,0,0,0,0,0,0,0,0,0,0,0,0,0,0,0,0,0,0,0,0,0,0,0,0,0,0,0,0,0,0,0,0,0,0,0,0,0,0,0,0,0,0,0,0,0,0,0,0,0,0,0,0,0,0,0],"NumGC":3,"NumForcedGC":0,"GCCPUFraction":0.001227552711968382,"EnableGC":true,"DebugGC":false,"BySize":[{"Size":0,"Mallocs":0,"Frees":0},{"Size":8,"Mallocs":700,"Frees":299},{"Size":16,"Mallocs":14290,"Frees":6506},{"Size":24,"Mallocs":4237,"Frees":1938},{"Size":32,"Mallocs":3437,"Frees":2380},{"Size":48,"Mallocs":5850,"Frees":2005},{"Size":64,"Mallocs":3325,"Frees":2223},{"Size":80,"Mallocs":737,"Frees":198},{"Size":96,"Mallocs":1908,"Frees":1010},{"Size":112,"Mallocs":2351,"Frees":1390},{"Size":128,"Mallocs":949,"Frees":764},{"Size":144,"Mallocs":631,"Frees":351},{"Size":160,"Mallocs":433,"Frees":167},{"Size":176,"Mallocs":127,"Frees":60},{"Size":192,"Mallocs":42,"Frees":18},{"Size":208,"Mallocs":271,"Frees":66},{"Size":224,"Mallocs":155,"Frees":68},{"Size":240,"Mallocs":56,"Frees":6},{"Size":256,"Mallocs":546,"Frees":496},{"Size":288,"Mallocs":961,"Frees":419},{"Size":320,"Mallocs":123,"Frees":84},{"Size":352,"Mallocs":467,"Frees":84},{"Size":384,"Mallocs":50,"Frees":10},{"Size":416,"Mallocs":33,"Frees":10},{"Size":448,"Mallocs":136,"Frees":0},{"Size":480,"Mallocs":9,"Frees":5},{"Size":512,"Mallocs":90,"Frees":52},{"Size":576,"Mallocs":128,"Frees":51},{"Size":640,"Mallocs":205,"Frees":9},{"Size":704,"Mallocs":100,"Frees":55},{"Size":768,"Mallocs":8,"Frees":4},{"Size":896,"Mallocs":35,"Frees":17},{"Size":1024,"Mallocs":19,"Frees":8},{"Size":1152,"Mallocs":86,"Frees":38},{"Size":1280,"Mallocs":565,"Frees":561},{"Size":1408,"Mallocs":66,"Frees":34},{"Size":1536,"Mallocs":13,"Frees":8},{"Size":1792,"Mallocs":15,"Frees":2},{"Size":2048,"Mallocs":19,"Frees":3},{"Size":2304,"Mallocs":60,"Frees":23},{"Size":2688,"Mallocs":9,"Frees":8},{"Size":3072,"Mallocs":21,"Frees":12},{"Size":3200,"Mallocs":0,"Frees":0},{"Size":3456,"Mallocs":3,"Frees":0},{"Size":4096,"Mallocs":65,"Frees":15},{"Size":4864,"Mallocs":11,"Frees":5},{"Size":5376,"Mallocs":2,"Frees":1},{"Size":6144,"Mallocs":11,"Frees":6},{"Size":6528,"Mallocs":0,"Frees":0},{"Size":6784,"Mallocs":1,"Frees":1},{"Size":6912,"Mallocs":3,"Frees":2},{"Size":8192,"Mallocs":16,"Frees":5},{"Size":9472,"Mallocs":16,"Frees":3},{"Size":9728,"Mallocs":0,"Frees":0},{"Size":10240,"Mallocs":0,"Frees":0},{"Size":10880,"Mallocs":0,"Frees":0},{"Size":12288,"Mallocs":5,"Frees":1},{"Size":13568,"Mallocs":1,"Frees":0},{"Size":14336,"Mallocs":30,"Frees":0},{"Size":16384,"Mallocs":3,"Frees":1},{"Size":18432,"Mallocs":5,"Frees":2}]}
2025-05-15T18:49:38.020Z INFO GOXDCR.ResourceMgr: Resource Manager State = <nil>
2025-05-15T18:49:38.020Z INFO GOXDCR.ResourceMgr: backlogCount=0, noBacklogCount=0 extraQuota=false cpuNotMaxedCount=0 throughputDropCount=0
2025-05-15T18:49:38.020Z INFO GOXDCR.ResourceMgr: DcpPriorityMap=map[]
ongoingReplMap=map[]
2025-05-15T18:49:43.021Z INFO GOXDCR.PipelineMgr: Replication Status = map[]
2025-05-15T18:49:48.020Z INFO GOXDCR.ResourceMgr: Resource Manager State = <nil>
2025-05-15T18:49:48.020Z INFO GOXDCR.ResourceMgr: backlogCount=0, noBacklogCount=0 extraQuota=false cpuNotMaxedCount=0 throughputDropCount=0
2025-05-15T18:49:48.021Z INFO GOXDCR.ResourceMgr: DcpPriorityMap=map[]
ongoingReplMap=map[]
2025-05-15T18:49:58.020Z INFO GOXDCR.PipelineMgr: Replication Status = map[]
2025-05-15T18:49:58.020Z INFO GOXDCR.ResourceMgr: Resource Manager State = <nil>
2025-05-15T18:49:58.020Z INFO GOXDCR.ResourceMgr: backlogCount=0, noBacklogCount=0 extraQuota=false cpuNotMaxedCount=0 throughputDropCount=0
2025-05-15T18:49:58.020Z INFO GOXDCR.ResourceMgr: DcpPriorityMap=map[]
ongoingReplMap=map[]
2025-05-15T18:50:08.020Z INFO GOXDCR.ResourceMgr: Resource Manager State = <nil>
2025-05-15T18:50:08.020Z INFO GOXDCR.ResourceMgr: backlogCount=0, noBacklogCount=0 extraQuota=false cpuNotMaxedCount=0 throughputDropCount=0
2025-05-15T18:50:08.020Z INFO GOXDCR.ResourceMgr: DcpPriorityMap=map[]
ongoingReplMap=map[]
2025-05-15T18:50:13.020Z INFO GOXDCR.PipelineMgr: Replication Status = map[]
2025-05-15T18:50:18.020Z INFO GOXDCR.ResourceMgr: Resource Manager State = <nil>
2025-05-15T18:50:18.020Z INFO GOXDCR.ResourceMgr: backlogCount=0, noBacklogCount=0 extraQuota=false cpuNotMaxedCount=0 throughputDropCount=0
2025-05-15T18:50:18.020Z INFO GOXDCR.ResourceMgr: DcpPriorityMap=map[]
ongoingReplMap=map[]
2025-05-15T18:50:28.020Z INFO GOXDCR.PipelineMgr: Replication Status = map[]
2025-05-15T18:50:28.020Z INFO GOXDCR.ResourceMgr: Resource Manager State = <nil>
2025-05-15T18:50:28.021Z INFO GOXDCR.ResourceMgr: backlogCount=0, noBacklogCount=0 extraQuota=false cpuNotMaxedCount=0 throughputDropCount=0
2025-05-15T18:50:28.021Z INFO GOXDCR.ResourceMgr: DcpPriorityMap=map[]
ongoingReplMap=map[]
2025-05-15T18:50:38.021Z INFO GOXDCR.ResourceMgr: Resource Manager State = <nil>
2025-05-15T18:50:38.021Z INFO GOXDCR.ResourceMgr: backlogCount=0, noBacklogCount=0 extraQuota=false cpuNotMaxedCount=0 throughputDropCount=0
2025-05-15T18:50:38.021Z INFO GOXDCR.ResourceMgr: DcpPriorityMap=map[]
ongoingReplMap=map[]
2025-05-15T18:50:43.020Z INFO GOXDCR.PipelineMgr: Replication Status = map[]
2025-05-15T18:50:48.021Z INFO GOXDCR.ResourceMgr: Resource Manager State = <nil>
2025-05-15T18:50:48.021Z INFO GOXDCR.ResourceMgr: backlogCount=0, noBacklogCount=0 extraQuota=false cpuNotMaxedCount=0 throughputDropCount=0
2025-05-15T18:50:48.021Z INFO GOXDCR.ResourceMgr: DcpPriorityMap=map[]
ongoingReplMap=map[]
2025-05-15T18:50:58.021Z INFO GOXDCR.ResourceMgr: Resource Manager State = <nil>
2025-05-15T18:50:58.021Z INFO GOXDCR.PipelineMgr: Replication Status = map[]
2025-05-15T18:50:58.021Z INFO GOXDCR.ResourceMgr: backlogCount=0, noBacklogCount=0 extraQuota=false cpuNotMaxedCount=0 throughputDropCount=0
2025-05-15T18:50:58.021Z INFO GOXDCR.ResourceMgr: DcpPriorityMap=map[]
ongoingReplMap=map[]
2025-05-15T18:51:08.021Z INFO GOXDCR.ResourceMgr: Resource Manager State = <nil>
2025-05-15T18:51:08.021Z INFO GOXDCR.ResourceMgr: backlogCount=0, noBacklogCount=0 extraQuota=false cpuNotMaxedCount=0 throughputDropCount=0
2025-05-15T18:51:08.021Z INFO GOXDCR.ResourceMgr: DcpPriorityMap=map[]
ongoingReplMap=map[]
2025-05-15T18:51:13.020Z INFO GOXDCR.PipelineMgr: Replication Status = map[]
2025-05-15T18:51:18.020Z INFO GOXDCR.ResourceMgr: Resource Manager State = <nil>
2025-05-15T18:51:18.021Z INFO GOXDCR.ResourceMgr: backlogCount=0, noBacklogCount=0 extraQuota=false cpuNotMaxedCount=0 throughputDropCount=0
2025-05-15T18:51:18.021Z INFO GOXDCR.ResourceMgr: DcpPriorityMap=map[]
ongoingReplMap=map[]
2025-05-15T18:51:28.028Z INFO GOXDCR.ResourceMgr: Resource Manager State = <nil>
2025-05-15T18:51:28.029Z INFO GOXDCR.ResourceMgr: backlogCount=0, noBacklogCount=0 extraQuota=false cpuNotMaxedCount=0 throughputDropCount=0
2025-05-15T18:51:28.029Z INFO GOXDCR.ResourceMgr: DcpPriorityMap=map[]
ongoingReplMap=map[]
2025-05-15T18:51:28.028Z INFO GOXDCR.PipelineMgr: Replication Status = map[]
2025-05-15T18:51:28.030Z INFO GOXDCR.ReplMgr: Mem stats = {"Alloc":5888576,"TotalAlloc":9959288,"Sys":18175240,"Lookups":0,"Mallocs":55534,"Frees":38839,"HeapAlloc":5888576,"HeapSys":11730944,"HeapIdle":4104192,"HeapInuse":7626752,"HeapReleased":3244032,"HeapObjects":16695,"StackInuse":851968,"StackSys":851968,"MSpanInuse":102240,"MSpanSys":114240,"MCacheInuse":4800,"MCacheSys":15600,"BuckHashSys":1455898,"GCSys":3054696,"OtherSys":951894,"NextGC":11603128,"LastGC":1747334977429777711,"PauseTotalNs":10926207,"PauseNs":[16333,1238083,7597125,2074666,0,0,0,0,0,0,0,0,0,0,0,0,0,0,0,0,0,0,0,0,0,0,0,0,0,0,0,0,0,0,0,0,0,0,0,0,0,0,0,0,0,0,0,0,0,0,0,0,0,0,0,0,0,0,0,0,0,0,0,0,0,0,0,0,0,0,0,0,0,0,0,0,0,0,0,0,0,0,0,0,0,0,0,0,0,0,0,0,0,0,0,0,0,0,0,0,0,0,0,0,0,0,0,0,0,0,0,0,0,0,0,0,0,0,0,0,0,0,0,0,0,0,0,0,0,0,0,0,0,0,0,0,0,0,0,0,0,0,0,0,0,0,0,0,0,0,0,0,0,0,0,0,0,0,0,0,0,0,0,0,0,0,0,0,0,0,0,0,0,0,0,0,0,0,0,0,0,0,0,0,0,0,0,0,0,0,0,0,0,0,0,0,0,0,0,0,0,0,0,0,0,0,0,0,0,0,0,0,0,0,0,0,0,0,0,0,0,0,0,0,0,0,0,0,0,0,0,0,0,0,0,0,0,0,0,0,0,0,0,0,0,0,0,0,0,0,0,0,0,0,0,0],"PauseEnd":[1747334848003503763,1747334848010485971,1747334857414194920,1747334977429777711,0,0,0,0,0,0,0,0,0,0,0,0,0,0,0,0,0,0,0,0,0,0,0,0,0,0,0,0,0,0,0,0,0,0,0,0,0,0,0,0,0,0,0,0,0,0,0,0,0,0,0,0,0,0,0,0,0,0,0,0,0,0,0,0,0,0,0,0,0,0,0,0,0,0,0,0,0,0,0,0,0,0,0,0,0,0,0,0,0,0,0,0,0,0,0,0,0,0,0,0,0,0,0,0,0,0,0,0,0,0,0,0,0,0,0,0,0,0,0,0,0,0,0,0,0,0,0,0,0,0,0,0,0,0,0,0,0,0,0,0,0,0,0,0,0,0,0,0,0,0,0,0,0,0,0,0,0,0,0,0,0,0,0,0,0,0,0,0,0,0,0,0,0,0,0,0,0,0,0,0,0,0,0,0,0,0,0,0,0,0,0,0,0,0,0,0,0,0,0,0,0,0,0,0,0,0,0,0,0,0,0,0,0,0,0,0,0,0,0,0,0,0,0,0,0,0,0,0,0,0,0,0,0,0,0,0,0,0,0,0,0,0,0,0,0,0,0,0,0,0,0,0],"NumGC":4,"NumForcedGC":0,"GCCPUFraction":0.00011627247827500964,"EnableGC":true,"DebugGC":false,"BySize":[{"Size":0,"Mallocs":0,"Frees":0},{"Size":8,"Mallocs":721,"Frees":382},{"Size":16,"Mallocs":16878,"Frees":11867},{"Size":24,"Mallocs":5118,"Frees":3385},{"Size":32,"Mallocs":3702,"Frees":2911},{"Size":48,"Mallocs":7785,"Frees":4496},{"Size":64,"Mallocs":3783,"Frees":2862},{"Size":80,"Mallocs":1079,"Frees":635},{"Size":96,"Mallocs":2310,"Frees":1497},{"Size":112,"Mallocs":2494,"Frees":1560},{"Size":128,"Mallocs":991,"Frees":849},{"Size":144,"Mallocs":755,"Frees":536},{"Size":160,"Mallocs":433,"Frees":186},{"Size":176,"Mallocs":127,"Frees":81},{"Size":192,"Mallocs":54,"Frees":36},{"Size":208,"Mallocs":352,"Frees":156},{"Size":224,"Mallocs":239,"Frees":156},{"Size":240,"Mallocs":56,"Frees":6},{"Size":256,"Mallocs":558,"Frees":518},{"Size":288,"Mallocs":1143,"Frees":898},{"Size":320,"Mallocs":123,"Frees":87},{"Size":352,"Mallocs":803,"Frees":464},{"Size":384,"Mallocs":86,"Frees":47},{"Size":416,"Mallocs":33,"Frees":11},{"Size":448,"Mallocs":138,"Frees":2},{"Size":480,"Mallocs":9,"Frees":9},{"Size":512,"Mallocs":97,"Frees":63},{"Size":576,"Mallocs":130,"Frees":111},{"Size":640,"Mallocs":205,"Frees":9},{"Size":704,"Mallocs":100,"Frees":65},{"Size":768,"Mallocs":8,"Frees":4},{"Size":896,"Mallocs":37,"Frees":19},{"Size":1024,"Mallocs":20,"Frees":9},{"Size":1152,"Mallocs":87,"Frees":66},{"Size":1280,"Mallocs":565,"Frees":563},{"Size":1408,"Mallocs":66,"Frees":40},{"Size":1536,"Mallocs":13,"Frees":12},{"Size":1792,"Mallocs":18,"Frees":2},{"Size":2048,"Mallocs":20,"Frees":4},{"Size":2304,"Mallocs":61,"Frees":48},{"Size":2688,"Mallocs":9,"Frees":8},{"Size":3072,"Mallocs":21,"Frees":12},{"Size":3200,"Mallocs":0,"Frees":0},{"Size":3456,"Mallocs":3,"Frees":0},{"Size":4096,"Mallocs":70,"Frees":29},{"Size":4864,"Mallocs":12,"Frees":5},{"Size":5376,"Mallocs":2,"Frees":1},{"Size":6144,"Mallocs":11,"Frees":6},{"Size":6528,"Mallocs":0,"Frees":0},{"Size":6784,"Mallocs":1,"Frees":1},{"Size":6912,"Mallocs":3,"Frees":3},{"Size":8192,"Mallocs":16,"Frees":11},{"Size":9472,"Mallocs":16,"Frees":3},{"Size":9728,"Mallocs":0,"Frees":0},{"Size":10240,"Mallocs":0,"Frees":0},{"Size":10880,"Mallocs":0,"Frees":0},{"Size":12288,"Mallocs":5,"Frees":1},{"Size":13568,"Mallocs":1,"Frees":0},{"Size":14336,"Mallocs":30,"Frees":0},{"Size":16384,"Mallocs":3,"Frees":1},{"Size":18432,"Mallocs":5,"Frees":2}]}
2025-05-15T18:51:38.031Z INFO GOXDCR.ResourceMgr: Resource Manager State = <nil>
2025-05-15T18:51:38.031Z INFO GOXDCR.ResourceMgr: backlogCount=0, noBacklogCount=0 extraQuota=false cpuNotMaxedCount=0 throughputDropCount=0
2025-05-15T18:51:38.031Z INFO GOXDCR.ResourceMgr: DcpPriorityMap=map[]
ongoingReplMap=map[]
2025-05-15T18:51:43.021Z INFO GOXDCR.PipelineMgr: Replication Status = map[]
2025-05-15T18:51:48.021Z INFO GOXDCR.ResourceMgr: Resource Manager State = <nil>
2025-05-15T18:51:48.022Z INFO GOXDCR.ResourceMgr: backlogCount=0, noBacklogCount=0 extraQuota=false cpuNotMaxedCount=0 throughputDropCount=0
2025-05-15T18:51:48.022Z INFO GOXDCR.ResourceMgr: DcpPriorityMap=map[]
ongoingReplMap=map[]
2025-05-15T18:51:58.021Z INFO GOXDCR.PipelineMgr: Replication Status = map[]
2025-05-15T18:51:58.021Z INFO GOXDCR.ResourceMgr: Resource Manager State = <nil>
2025-05-15T18:51:58.022Z INFO GOXDCR.ResourceMgr: backlogCount=0, noBacklogCount=0 extraQuota=false cpuNotMaxedCount=0 throughputDropCount=0
2025-05-15T18:51:58.022Z INFO GOXDCR.ResourceMgr: DcpPriorityMap=map[]
ongoingReplMap=map[]
2025-05-15T18:52:08.022Z INFO GOXDCR.ResourceMgr: Resource Manager State = <nil>
2025-05-15T18:52:08.022Z INFO GOXDCR.ResourceMgr: backlogCount=0, noBacklogCount=0 extraQuota=false cpuNotMaxedCount=0 throughputDropCount=0
2025-05-15T18:52:08.022Z INFO GOXDCR.ResourceMgr: DcpPriorityMap=map[]
ongoingReplMap=map[]
2025-05-15T18:52:13.021Z INFO GOXDCR.PipelineMgr: Replication Status = map[]
2025-05-15T18:52:18.021Z INFO GOXDCR.ResourceMgr: Resource Manager State = <nil>
2025-05-15T18:52:18.021Z INFO GOXDCR.ResourceMgr: backlogCount=0, noBacklogCount=0 extraQuota=false cpuNotMaxedCount=0 throughputDropCount=0
2025-05-15T18:52:18.021Z INFO GOXDCR.ResourceMgr: DcpPriorityMap=map[]
ongoingReplMap=map[]
2025-05-15T18:52:28.021Z INFO GOXDCR.PipelineMgr: Replication Status = map[]
2025-05-15T18:52:28.021Z INFO GOXDCR.ResourceMgr: Resource Manager State = <nil>
2025-05-15T18:52:28.021Z INFO GOXDCR.ResourceMgr: backlogCount=0, noBacklogCount=0 extraQuota=false cpuNotMaxedCount=0 throughputDropCount=0
2025-05-15T18:52:28.021Z INFO GOXDCR.ResourceMgr: DcpPriorityMap=map[]
ongoingReplMap=map[]
2025-05-15T18:52:38.021Z INFO GOXDCR.ResourceMgr: Resource Manager State = <nil>
2025-05-15T18:52:38.022Z INFO GOXDCR.ResourceMgr: backlogCount=0, noBacklogCount=0 extraQuota=false cpuNotMaxedCount=0 throughputDropCount=0
2025-05-15T18:52:38.022Z INFO GOXDCR.ResourceMgr: DcpPriorityMap=map[]
ongoingReplMap=map[]
2025-05-15T18:52:43.024Z INFO GOXDCR.PipelineMgr: Replication Status = map[]
2025-05-15T18:52:48.021Z INFO GOXDCR.ResourceMgr: Resource Manager State = <nil>
2025-05-15T18:52:48.021Z INFO GOXDCR.ResourceMgr: backlogCount=0, noBacklogCount=0 extraQuota=false cpuNotMaxedCount=0 throughputDropCount=0
2025-05-15T18:52:48.021Z INFO GOXDCR.ResourceMgr: DcpPriorityMap=map[]
ongoingReplMap=map[]
2025-05-15T18:52:58.021Z INFO GOXDCR.PipelineMgr: Replication Status = map[]
2025-05-15T18:52:58.021Z INFO GOXDCR.ResourceMgr: Resource Manager State = <nil>
2025-05-15T18:52:58.022Z INFO GOXDCR.ResourceMgr: backlogCount=0, noBacklogCount=0 extraQuota=false cpuNotMaxedCount=0 throughputDropCount=0
2025-05-15T18:52:58.022Z INFO GOXDCR.ResourceMgr: DcpPriorityMap=map[]
ongoingReplMap=map[]
2025-05-15T18:53:08.022Z INFO GOXDCR.ResourceMgr: Resource Manager State = <nil>
2025-05-15T18:53:08.023Z INFO GOXDCR.ResourceMgr: backlogCount=0, noBacklogCount=0 extraQuota=false cpuNotMaxedCount=0 throughputDropCount=0
2025-05-15T18:53:08.023Z INFO GOXDCR.ResourceMgr: DcpPriorityMap=map[]
ongoingReplMap=map[]
2025-05-15T18:53:13.021Z INFO GOXDCR.PipelineMgr: Replication Status = map[]
2025-05-15T18:53:18.022Z INFO GOXDCR.ResourceMgr: Resource Manager State = <nil>
2025-05-15T18:53:18.023Z INFO GOXDCR.ResourceMgr: backlogCount=0, noBacklogCount=0 extraQuota=false cpuNotMaxedCount=0 throughputDropCount=0
2025-05-15T18:53:18.023Z INFO GOXDCR.ResourceMgr: DcpPriorityMap=map[]
ongoingReplMap=map[]
2025-05-15T18:53:28.021Z INFO GOXDCR.ResourceMgr: Resource Manager State = <nil>
2025-05-15T18:53:28.022Z INFO GOXDCR.ResourceMgr: backlogCount=0, noBacklogCount=0 extraQuota=false cpuNotMaxedCount=0 throughputDropCount=0
2025-05-15T18:53:28.022Z INFO GOXDCR.ResourceMgr: DcpPriorityMap=map[]
ongoingReplMap=map[]
2025-05-15T18:53:28.022Z INFO GOXDCR.PipelineMgr: Replication Status = map[]
2025-05-15T18:53:28.023Z INFO GOXDCR.ReplMgr: Mem stats = {"Alloc":5771816,"TotalAlloc":10503600,"Sys":18175240,"Lookups":0,"Mallocs":63493,"Frees":46765,"HeapAlloc":5771816,"HeapSys":11730944,"HeapIdle":4251648,"HeapInuse":7479296,"HeapReleased":3416064,"HeapObjects":16728,"StackInuse":851968,"StackSys":851968,"MSpanInuse":112320,"MSpanSys":114240,"MCacheInuse":4800,"MCacheSys":15600,"BuckHashSys":1456458,"GCSys":3054696,"OtherSys":951334,"NextGC":11360328,"LastGC":1747335097533040211,"PauseTotalNs":11955707,"PauseNs":[16333,1238083,7597125,2074666,1029500,0,0,0,0,0,0,0,0,0,0,0,0,0,0,0,0,0,0,0,0,0,0,0,0,0,0,0,0,0,0,0,0,0,0,0,0,0,0,0,0,0,0,0,0,0,0,0,0,0,0,0,0,0,0,0,0,0,0,0,0,0,0,0,0,0,0,0,0,0,0,0,0,0,0,0,0,0,0,0,0,0,0,0,0,0,0,0,0,0,0,0,0,0,0,0,0,0,0,0,0,0,0,0,0,0,0,0,0,0,0,0,0,0,0,0,0,0,0,0,0,0,0,0,0,0,0,0,0,0,0,0,0,0,0,0,0,0,0,0,0,0,0,0,0,0,0,0,0,0,0,0,0,0,0,0,0,0,0,0,0,0,0,0,0,0,0,0,0,0,0,0,0,0,0,0,0,0,0,0,0,0,0,0,0,0,0,0,0,0,0,0,0,0,0,0,0,0,0,0,0,0,0,0,0,0,0,0,0,0,0,0,0,0,0,0,0,0,0,0,0,0,0,0,0,0,0,0,0,0,0,0,0,0,0,0,0,0,0,0,0,0,0,0,0,0,0,0,0,0,0,0],"PauseEnd":[1747334848003503763,1747334848010485971,1747334857414194920,1747334977429777711,1747335097533040211,0,0,0,0,0,0,0,0,0,0,0,0,0,0,0,0,0,0,0,0,0,0,0,0,0,0,0,0,0,0,0,0,0,0,0,0,0,0,0,0,0,0,0,0,0,0,0,0,0,0,0,0,0,0,0,0,0,0,0,0,0,0,0,0,0,0,0,0,0,0,0,0,0,0,0,0,0,0,0,0,0,0,0,0,0,0,0,0,0,0,0,0,0,0,0,0,0,0,0,0,0,0,0,0,0,0,0,0,0,0,0,0,0,0,0,0,0,0,0,0,0,0,0,0,0,0,0,0,0,0,0,0,0,0,0,0,0,0,0,0,0,0,0,0,0,0,0,0,0,0,0,0,0,0,0,0,0,0,0,0,0,0,0,0,0,0,0,0,0,0,0,0,0,0,0,0,0,0,0,0,0,0,0,0,0,0,0,0,0,0,0,0,0,0,0,0,0,0,0,0,0,0,0,0,0,0,0,0,0,0,0,0,0,0,0,0,0,0,0,0,0,0,0,0,0,0,0,0,0,0,0,0,0,0,0,0,0,0,0,0,0,0,0,0,0,0,0,0,0,0,0],"NumGC":5,"NumForcedGC":0,"GCCPUFraction":0.00007410252532637367,"EnableGC":true,"DebugGC":false,"BySize":[{"Size":0,"Mallocs":0,"Frees":0},{"Size":8,"Mallocs":722,"Frees":383},{"Size":16,"Mallocs":19286,"Frees":14269},{"Size":24,"Mallocs":6006,"Frees":4268},{"Size":32,"Mallocs":3971,"Frees":3179},{"Size":48,"Mallocs":9722,"Frees":6427},{"Size":64,"Mallocs":4254,"Frees":3320},{"Size":80,"Mallocs":1425,"Frees":981},{"Size":96,"Mallocs":2715,"Frees":1898},{"Size":112,"Mallocs":2639,"Frees":1704},{"Size":128,"Mallocs":1039,"Frees":896},{"Size":144,"Mallocs":876,"Frees":656},{"Size":160,"Mallocs":433,"Frees":186},{"Size":176,"Mallocs":127,"Frees":81},{"Size":192,"Mallocs":66,"Frees":48},{"Size":208,"Mallocs":434,"Frees":237},{"Size":224,"Mallocs":323,"Frees":240},{"Size":240,"Mallocs":56,"Frees":6},{"Size":256,"Mallocs":570,"Frees":530},{"Size":288,"Mallocs":1323,"Frees":1078},{"Size":320,"Mallocs":123,"Frees":87},{"Size":352,"Mallocs":1139,"Frees":800},{"Size":384,"Mallocs":122,"Frees":83},{"Size":416,"Mallocs":33,"Frees":11},{"Size":448,"Mallocs":143,"Frees":2},{"Size":480,"Mallocs":9,"Frees":9},{"Size":512,"Mallocs":104,"Frees":75},{"Size":576,"Mallocs":130,"Frees":111},{"Size":640,"Mallocs":205,"Frees":9},{"Size":704,"Mallocs":100,"Frees":65},{"Size":768,"Mallocs":8,"Frees":4},{"Size":896,"Mallocs":37,"Frees":19},{"Size":1024,"Mallocs":21,"Frees":10},{"Size":1152,"Mallocs":87,"Frees":66},{"Size":1280,"Mallocs":565,"Frees":563},{"Size":1408,"Mallocs":66,"Frees":40},{"Size":1536,"Mallocs":13,"Frees":12},{"Size":1792,"Mallocs":18,"Frees":2},{"Size":2048,"Mallocs":21,"Frees":5},{"Size":2304,"Mallocs":61,"Frees":48},{"Size":2688,"Mallocs":9,"Frees":8},{"Size":3072,"Mallocs":21,"Frees":12},{"Size":3200,"Mallocs":0,"Frees":0},{"Size":3456,"Mallocs":3,"Frees":0},{"Size":4096,"Mallocs":73,"Frees":33},{"Size":4864,"Mallocs":12,"Frees":5},{"Size":5376,"Mallocs":2,"Frees":1},{"Size":6144,"Mallocs":11,"Frees":6},{"Size":6528,"Mallocs":0,"Frees":0},{"Size":6784,"Mallocs":1,"Frees":1},{"Size":6912,"Mallocs":3,"Frees":3},{"Size":8192,"Mallocs":16,"Frees":13},{"Size":9472,"Mallocs":16,"Frees":3},{"Size":9728,"Mallocs":0,"Frees":0},{"Size":10240,"Mallocs":0,"Frees":0},{"Size":10880,"Mallocs":0,"Frees":0},{"Size":12288,"Mallocs":5,"Frees":1},{"Size":13568,"Mallocs":1,"Frees":0},{"Size":14336,"Mallocs":30,"Frees":0},{"Size":16384,"Mallocs":3,"Frees":1},{"Size":18432,"Mallocs":5,"Frees":2}]}
2025-05-15T18:53:38.022Z INFO GOXDCR.ResourceMgr: Resource Manager State = <nil>
2025-05-15T18:53:38.022Z INFO GOXDCR.ResourceMgr: backlogCount=0, noBacklogCount=0 extraQuota=false cpuNotMaxedCount=0 throughputDropCount=0
2025-05-15T18:53:38.022Z INFO GOXDCR.ResourceMgr: DcpPriorityMap=map[]
ongoingReplMap=map[]
2025-05-15T18:53:43.022Z INFO GOXDCR.PipelineMgr: Replication Status = map[]
2025-05-15T18:53:48.021Z INFO GOXDCR.ResourceMgr: Resource Manager State = <nil>
2025-05-15T18:53:48.021Z INFO GOXDCR.ResourceMgr: backlogCount=0, noBacklogCount=0 extraQuota=false cpuNotMaxedCount=0 throughputDropCount=0
2025-05-15T18:53:48.021Z INFO GOXDCR.ResourceMgr: DcpPriorityMap=map[]
ongoingReplMap=map[]
2025-05-15T18:53:58.021Z INFO GOXDCR.PipelineMgr: Replication Status = map[]
2025-05-15T18:53:58.022Z INFO GOXDCR.ResourceMgr: Resource Manager State = <nil>
2025-05-15T18:53:58.022Z INFO GOXDCR.ResourceMgr: backlogCount=0, noBacklogCount=0 extraQuota=false cpuNotMaxedCount=0 throughputDropCount=0
2025-05-15T18:53:58.022Z INFO GOXDCR.ResourceMgr: DcpPriorityMap=map[]
ongoingReplMap=map[]
2025-05-15T18:54:08.026Z INFO GOXDCR.ResourceMgr: Resource Manager State = <nil>
2025-05-15T18:54:08.027Z INFO GOXDCR.ResourceMgr: backlogCount=0, noBacklogCount=0 extraQuota=false cpuNotMaxedCount=0 throughputDropCount=0
2025-05-15T18:54:08.027Z INFO GOXDCR.ResourceMgr: DcpPriorityMap=map[]
ongoingReplMap=map[]
2025-05-15T18:54:13.024Z INFO GOXDCR.PipelineMgr: Replication Status = map[]
2025-05-15T18:54:18.023Z INFO GOXDCR.ResourceMgr: Resource Manager State = <nil>
2025-05-15T18:54:18.023Z INFO GOXDCR.ResourceMgr: backlogCount=0, noBacklogCount=0 extraQuota=false cpuNotMaxedCount=0 throughputDropCount=0
2025-05-15T18:54:18.023Z INFO GOXDCR.ResourceMgr: DcpPriorityMap=map[]
ongoingReplMap=map[]
2025-05-15T18:54:28.022Z INFO GOXDCR.PipelineMgr: Replication Status = map[]
2025-05-15T18:54:28.022Z INFO GOXDCR.ResourceMgr: Resource Manager State = <nil>
2025-05-15T18:54:28.023Z INFO GOXDCR.ResourceMgr: backlogCount=0, noBacklogCount=0 extraQuota=false cpuNotMaxedCount=0 throughputDropCount=0
2025-05-15T18:54:28.023Z INFO GOXDCR.ResourceMgr: DcpPriorityMap=map[]
ongoingReplMap=map[]
2025-05-15T18:54:38.021Z INFO GOXDCR.ResourceMgr: Resource Manager State = <nil>
2025-05-15T18:54:38.022Z INFO GOXDCR.ResourceMgr: backlogCount=0, noBacklogCount=0 extraQuota=false cpuNotMaxedCount=0 throughputDropCount=0
2025-05-15T18:54:38.022Z INFO GOXDCR.ResourceMgr: DcpPriorityMap=map[]
ongoingReplMap=map[]
2025-05-15T18:54:43.021Z INFO GOXDCR.PipelineMgr: Replication Status = map[]
2025-05-15T18:54:48.021Z INFO GOXDCR.ResourceMgr: Resource Manager State = <nil>
2025-05-15T18:54:48.021Z INFO GOXDCR.ResourceMgr: backlogCount=0, noBacklogCount=0 extraQuota=false cpuNotMaxedCount=0 throughputDropCount=0
2025-05-15T18:54:48.021Z INFO GOXDCR.ResourceMgr: DcpPriorityMap=map[]
ongoingReplMap=map[]
2025-05-15T18:54:58.021Z INFO GOXDCR.PipelineMgr: Replication Status = map[]
2025-05-15T18:54:58.021Z INFO GOXDCR.ResourceMgr: Resource Manager State = <nil>
2025-05-15T18:54:58.021Z INFO GOXDCR.ResourceMgr: backlogCount=0, noBacklogCount=0 extraQuota=false cpuNotMaxedCount=0 throughputDropCount=0
2025-05-15T18:54:58.021Z INFO GOXDCR.ResourceMgr: DcpPriorityMap=map[]
ongoingReplMap=map[]
2025-05-15T18:55:08.027Z INFO GOXDCR.ResourceMgr: Resource Manager State = <nil>
2025-05-15T18:55:08.027Z INFO GOXDCR.ResourceMgr: backlogCount=0, noBacklogCount=0 extraQuota=false cpuNotMaxedCount=0 throughputDropCount=0
2025-05-15T18:55:08.027Z INFO GOXDCR.ResourceMgr: DcpPriorityMap=map[]
ongoingReplMap=map[]
2025-05-15T18:55:13.026Z INFO GOXDCR.PipelineMgr: Replication Status = map[]
2025-05-15T18:55:18.026Z INFO GOXDCR.ResourceMgr: Resource Manager State = <nil>
2025-05-15T18:55:18.026Z INFO GOXDCR.ResourceMgr: backlogCount=0, noBacklogCount=0 extraQuota=false cpuNotMaxedCount=0 throughputDropCount=0
2025-05-15T18:55:18.026Z INFO GOXDCR.ResourceMgr: DcpPriorityMap=map[]
ongoingReplMap=map[]
2025-05-15T18:55:28.026Z INFO GOXDCR.PipelineMgr: Replication Status = map[]
2025-05-15T18:55:28.027Z INFO GOXDCR.ResourceMgr: Resource Manager State = <nil>
2025-05-15T18:55:28.027Z INFO GOXDCR.ResourceMgr: backlogCount=0, noBacklogCount=0 extraQuota=false cpuNotMaxedCount=0 throughputDropCount=0
2025-05-15T18:55:28.027Z INFO GOXDCR.ResourceMgr: DcpPriorityMap=map[]
ongoingReplMap=map[]
2025-05-15T18:55:28.027Z INFO GOXDCR.ReplMgr: Mem stats = {"Alloc":5777736,"TotalAlloc":11040824,"Sys":18175240,"Lookups":0,"Mallocs":71388,"Frees":54660,"HeapAlloc":5777736,"HeapSys":11698176,"HeapIdle":4210688,"HeapInuse":7487488,"HeapReleased":3375104,"HeapObjects":16728,"StackInuse":884736,"StackSys":884736,"MSpanInuse":122560,"MSpanSys":130560,"MCacheInuse":4800,"MCacheSys":15600,"BuckHashSys":1456458,"GCSys":3054696,"OtherSys":935014,"NextGC":11365912,"LastGC":1747335217673432420,"PauseTotalNs":14805498,"PauseNs":[16333,1238083,7597125,2074666,1029500,2849791,0,0,0,0,0,0,0,0,0,0,0,0,0,0,0,0,0,0,0,0,0,0,0,0,0,0,0,0,0,0,0,0,0,0,0,0,0,0,0,0,0,0,0,0,0,0,0,0,0,0,0,0,0,0,0,0,0,0,0,0,0,0,0,0,0,0,0,0,0,0,0,0,0,0,0,0,0,0,0,0,0,0,0,0,0,0,0,0,0,0,0,0,0,0,0,0,0,0,0,0,0,0,0,0,0,0,0,0,0,0,0,0,0,0,0,0,0,0,0,0,0,0,0,0,0,0,0,0,0,0,0,0,0,0,0,0,0,0,0,0,0,0,0,0,0,0,0,0,0,0,0,0,0,0,0,0,0,0,0,0,0,0,0,0,0,0,0,0,0,0,0,0,0,0,0,0,0,0,0,0,0,0,0,0,0,0,0,0,0,0,0,0,0,0,0,0,0,0,0,0,0,0,0,0,0,0,0,0,0,0,0,0,0,0,0,0,0,0,0,0,0,0,0,0,0,0,0,0,0,0,0,0,0,0,0,0,0,0,0,0,0,0,0,0,0,0,0,0,0,0],"PauseEnd":[1747334848003503763,1747334848010485971,1747334857414194920,1747334977429777711,1747335097533040211,1747335217673432420,0,0,0,0,0,0,0,0,0,0,0,0,0,0,0,0,0,0,0,0,0,0,0,0,0,0,0,0,0,0,0,0,0,0,0,0,0,0,0,0,0,0,0,0,0,0,0,0,0,0,0,0,0,0,0,0,0,0,0,0,0,0,0,0,0,0,0,0,0,0,0,0,0,0,0,0,0,0,0,0,0,0,0,0,0,0,0,0,0,0,0,0,0,0,0,0,0,0,0,0,0,0,0,0,0,0,0,0,0,0,0,0,0,0,0,0,0,0,0,0,0,0,0,0,0,0,0,0,0,0,0,0,0,0,0,0,0,0,0,0,0,0,0,0,0,0,0,0,0,0,0,0,0,0,0,0,0,0,0,0,0,0,0,0,0,0,0,0,0,0,0,0,0,0,0,0,0,0,0,0,0,0,0,0,0,0,0,0,0,0,0,0,0,0,0,0,0,0,0,0,0,0,0,0,0,0,0,0,0,0,0,0,0,0,0,0,0,0,0,0,0,0,0,0,0,0,0,0,0,0,0,0,0,0,0,0,0,0,0,0,0,0,0,0,0,0,0,0,0,0],"NumGC":6,"NumForcedGC":0,"GCCPUFraction":0.00009065239804584147,"EnableGC":true,"DebugGC":false,"BySize":[{"Size":0,"Mallocs":0,"Frees":0},{"Size":8,"Mallocs":723,"Frees":384},{"Size":16,"Mallocs":21683,"Frees":16677},{"Size":24,"Mallocs":6874,"Frees":5144},{"Size":32,"Mallocs":4236,"Frees":3446},{"Size":48,"Mallocs":11648,"Frees":8358},{"Size":64,"Mallocs":4703,"Frees":3778},{"Size":80,"Mallocs":1767,"Frees":1323},{"Size":96,"Mallocs":3138,"Frees":2293},{"Size":112,"Mallocs":2783,"Frees":1848},{"Size":128,"Mallocs":1083,"Frees":941},{"Size":144,"Mallocs":995,"Frees":776},{"Size":160,"Mallocs":433,"Frees":186},{"Size":176,"Mallocs":127,"Frees":81},{"Size":192,"Mallocs":78,"Frees":60},{"Size":208,"Mallocs":512,"Frees":318},{"Size":224,"Mallocs":407,"Frees":324},{"Size":240,"Mallocs":56,"Frees":6},{"Size":256,"Mallocs":582,"Frees":542},{"Size":288,"Mallocs":1503,"Frees":1258},{"Size":320,"Mallocs":123,"Frees":87},{"Size":352,"Mallocs":1475,"Frees":1136},{"Size":384,"Mallocs":158,"Frees":119},{"Size":416,"Mallocs":33,"Frees":11},{"Size":448,"Mallocs":155,"Frees":2},{"Size":480,"Mallocs":9,"Frees":9},{"Size":512,"Mallocs":111,"Frees":82},{"Size":576,"Mallocs":130,"Frees":111},{"Size":640,"Mallocs":205,"Frees":9},{"Size":704,"Mallocs":100,"Frees":65},{"Size":768,"Mallocs":8,"Frees":4},{"Size":896,"Mallocs":37,"Frees":19},{"Size":1024,"Mallocs":21,"Frees":10},{"Size":1152,"Mallocs":87,"Frees":66},{"Size":1280,"Mallocs":565,"Frees":563},{"Size":1408,"Mallocs":66,"Frees":40},{"Size":1536,"Mallocs":13,"Frees":12},{"Size":1792,"Mallocs":18,"Frees":2},{"Size":2048,"Mallocs":21,"Frees":5},{"Size":2304,"Mallocs":61,"Frees":48},{"Size":2688,"Mallocs":9,"Frees":8},{"Size":3072,"Mallocs":21,"Frees":12},{"Size":3200,"Mallocs":0,"Frees":0},{"Size":3456,"Mallocs":3,"Frees":0},{"Size":4096,"Mallocs":75,"Frees":35},{"Size":4864,"Mallocs":12,"Frees":5},{"Size":5376,"Mallocs":2,"Frees":1},{"Size":6144,"Mallocs":11,"Frees":6},{"Size":6528,"Mallocs":0,"Frees":0},{"Size":6784,"Mallocs":1,"Frees":1},{"Size":6912,"Mallocs":3,"Frees":3},{"Size":8192,"Mallocs":16,"Frees":13},{"Size":9472,"Mallocs":16,"Frees":3},{"Size":9728,"Mallocs":0,"Frees":0},{"Size":10240,"Mallocs":0,"Frees":0},{"Size":10880,"Mallocs":0,"Frees":0},{"Size":12288,"Mallocs":5,"Frees":1},{"Size":13568,"Mallocs":1,"Frees":0},{"Size":14336,"Mallocs":30,"Frees":0},{"Size":16384,"Mallocs":3,"Frees":1},{"Size":18432,"Mallocs":5,"Frees":2}]}
2025-05-15T18:55:38.031Z INFO GOXDCR.ResourceMgr: Resource Manager State = <nil>
2025-05-15T18:55:38.032Z INFO GOXDCR.ResourceMgr: backlogCount=0, noBacklogCount=0 extraQuota=false cpuNotMaxedCount=0 throughputDropCount=0
2025-05-15T18:55:38.032Z INFO GOXDCR.ResourceMgr: DcpPriorityMap=map[]
ongoingReplMap=map[]
2025-05-15T18:55:43.035Z INFO GOXDCR.PipelineMgr: Replication Status = map[]
2025-05-15T18:55:48.032Z INFO GOXDCR.ResourceMgr: Resource Manager State = <nil>
2025-05-15T18:55:48.032Z INFO GOXDCR.ResourceMgr: backlogCount=0, noBacklogCount=0 extraQuota=false cpuNotMaxedCount=0 throughputDropCount=0
2025-05-15T18:55:48.032Z INFO GOXDCR.ResourceMgr: DcpPriorityMap=map[]
ongoingReplMap=map[]
2025-05-15T18:55:58.031Z INFO GOXDCR.PipelineMgr: Replication Status = map[]
2025-05-15T18:55:58.031Z INFO GOXDCR.ResourceMgr: Resource Manager State = <nil>
2025-05-15T18:55:58.032Z INFO GOXDCR.ResourceMgr: backlogCount=0, noBacklogCount=0 extraQuota=false cpuNotMaxedCount=0 throughputDropCount=0
2025-05-15T18:55:58.032Z INFO GOXDCR.ResourceMgr: DcpPriorityMap=map[]
ongoingReplMap=map[]
2025-05-15T18:56:08.033Z INFO GOXDCR.ResourceMgr: Resource Manager State = <nil>
2025-05-15T18:56:08.033Z INFO GOXDCR.ResourceMgr: backlogCount=0, noBacklogCount=0 extraQuota=false cpuNotMaxedCount=0 throughputDropCount=0
2025-05-15T18:56:08.033Z INFO GOXDCR.ResourceMgr: DcpPriorityMap=map[]
ongoingReplMap=map[]
2025-05-15T18:56:13.035Z INFO GOXDCR.PipelineMgr: Replication Status = map[]
2025-05-15T18:56:18.033Z INFO GOXDCR.ResourceMgr: Resource Manager State = <nil>
2025-05-15T18:56:18.033Z INFO GOXDCR.ResourceMgr: backlogCount=0, noBacklogCount=0 extraQuota=false cpuNotMaxedCount=0 throughputDropCount=0
2025-05-15T18:56:18.033Z INFO GOXDCR.ResourceMgr: DcpPriorityMap=map[]
ongoingReplMap=map[]
2025-05-15T18:56:28.033Z INFO GOXDCR.PipelineMgr: Replication Status = map[]
2025-05-15T18:56:28.033Z INFO GOXDCR.ResourceMgr: Resource Manager State = <nil>
2025-05-15T18:56:28.034Z INFO GOXDCR.ResourceMgr: backlogCount=0, noBacklogCount=0 extraQuota=false cpuNotMaxedCount=0 throughputDropCount=0
2025-05-15T18:56:28.034Z INFO GOXDCR.ResourceMgr: DcpPriorityMap=map[]
ongoingReplMap=map[]
2025-05-15T18:56:38.033Z INFO GOXDCR.ResourceMgr: Resource Manager State = <nil>
2025-05-15T18:56:38.034Z INFO GOXDCR.ResourceMgr: backlogCount=0, noBacklogCount=0 extraQuota=false cpuNotMaxedCount=0 throughputDropCount=0
2025-05-15T18:56:38.034Z INFO GOXDCR.ResourceMgr: DcpPriorityMap=map[]
ongoingReplMap=map[]
2025-05-15T18:56:43.033Z INFO GOXDCR.PipelineMgr: Replication Status = map[]
2025-05-15T18:56:48.033Z INFO GOXDCR.ResourceMgr: Resource Manager State = <nil>
2025-05-15T18:56:48.033Z INFO GOXDCR.ResourceMgr: backlogCount=0, noBacklogCount=0 extraQuota=false cpuNotMaxedCount=0 throughputDropCount=0
2025-05-15T18:56:48.033Z INFO GOXDCR.ResourceMgr: DcpPriorityMap=map[]
ongoingReplMap=map[]
2025-05-15T18:56:58.033Z INFO GOXDCR.PipelineMgr: Replication Status = map[]
2025-05-15T18:56:58.033Z INFO GOXDCR.ResourceMgr: Resource Manager State = <nil>
2025-05-15T18:56:58.033Z INFO GOXDCR.ResourceMgr: backlogCount=0, noBacklogCount=0 extraQuota=false cpuNotMaxedCount=0 throughputDropCount=0
2025-05-15T18:56:58.033Z INFO GOXDCR.ResourceMgr: DcpPriorityMap=map[]
ongoingReplMap=map[]
