2025-05-15T18:47:38.298+00:00 indexer {"avg_disk_bps":0,"avg_drain_rate":0,"avg_mutation_rate":0,"avg_resident_percent":0,"cpu_utilization":0,"index_not_found_errcount":0,"indexer_state":"Warmup","memory_free":0,"memory_quota":536870912,"memory_rss":0,"memory_total":0,"memory_total_storage":0,"memory_used":0,"memory_used_queue":0,"memory_used_storage":0,"needs_restart":false,"num_cgo_call":171,"num_connections":0,"num_cpu_core":10,"num_goroutine":117,"num_indexes":0,"num_storage_instances":0,"shard_compat_version":1,"storage_mode":"not_set","timestamp":"1747334858298367212","timings/stats_response":"0 0 0","total_data_size":0,"total_disk_size":0,"total_requests":0,"total_rows_returned":0,"total_rows_scanned":0,"uptime":"1.091531167s"}
2025-05-15T18:47:38.298+00:00 projlat {}
2025-05-15T18:48:39.298+00:00 indexer {"cpu_utilization":3.3333333333333335,"indexer_state":"Active","memory_free":1227292672,"memory_rss":208502784,"memory_total":8217968640,"memory_total_storage":11247616,"memory_used":97964560,"memory_used_storage":585832,"num_cgo_call":3371,"num_connections":1,"num_goroutine":277,"num_indexes":1,"num_storage_instances":1,"storage_mode":"plasma","timestamp":"1747334919298668046","timings/stats_response":"39 3997998 1421470080198","total_data_size":16392,"total_disk_size":81755,"uptime":"1m2.091424903s"}
2025-05-15T18:48:39.299+00:00 index_doom-scrolling:_system:_query:#primary (replica 1):3424536778501100706 {"avg_disk_bps":0,"avg_drain_rate":0,"avg_item_size":0,"avg_mutation_rate":0,"avg_scan_latency":0,"avg_scan_rate":0,"avg_scan_request_init_latency":0,"avg_scan_request_latency":0,"avg_scan_wait_latency":0,"avg_ts_interval":10007201,"avg_ts_items_count":0,"backstore_raw_data_size":0,"backstore_recs_in_mem":0,"backstore_recs_on_disk":0,"build_progress":100,"cache_hit_percent":0,"cache_hits":0,"cache_misses":0,"client_cancel_errcount":0,"combined_memory_size_index":0,"combined_resident_percent":0,"data_size":16392,"data_size_on_disk":36882,"delete_bytes":0,"disk_load_duration":0,"disk_size":81755,"disk_store_duration":6,"flush_queue_size":0,"frag_percent":8,"get_bytes":0,"index_state":4,"insert_bytes":81920,"items_count":0,"key_size_distribution":{"(0-64)":0,"(102401-max)":0,"(1025-4096)":0,"(257-1024)":0,"(4097-102400)":0,"(65-256)":0},"key_size_stats_since":0,"last_known_scan_time":0,"last_rollback_time":"1747334874696173678","log_space_on_disk":40529,"memory_used":104,"not_ready_errcount":0,"num_commits":1,"num_compactions":0,"num_completed_requests":0,"num_disk_snapshots":1,"num_docs_indexed":0,"num_docs_pending":0,"num_docs_processed":3072,"num_docs_queued":0,"num_flush_queued":0,"num_items_flushed":0,"num_items_restored":0,"num_last_snapshot_reply":0,"num_open_snapshots":1,"num_requests":0,"num_rows_returned":0,"num_rows_scanned":0,"num_scan_errors":0,"num_scan_timeouts":0,"num_snapshot_waiters":0,"num_snapshots":2,"num_strict_cons_scans":0,"progress_stat_time":"1747334917304209503","raw_data_size":0,"recs_in_mem":0,"recs_on_disk":0,"resident_percent":0,"scan_bytes_read":0,"scan_req_init_latency_dist":{"(-Inf-000ms)":0,"(000ms-002ms)":0,"(002ms-005ms)":0,"(005ms-010ms)":0,"(010ms-020ms)":0,"(020ms-030ms)":0,"(030ms-050ms)":0,"(050ms-100ms)":0,"(100ms-Inf)":0},"scan_req_latency_dist":{"(-Inf-00000ms)":0,"(00000ms-00002ms)":0,"(00002ms-00005ms)":0,"(00005ms-00010ms)":0,"(00010ms-00020ms)":0,"(00020ms-00030ms)":0,"(00030ms-00050ms)":0,"(00050ms-00100ms)":0,"(00100ms-01000ms)":0,"(01000ms-05000ms)":0,"(05000ms-10000ms)":0,"(10000ms-50000ms)":0,"(50000ms-Inf)":0},"scan_req_wait_latency_dist":{"(-Inf-000ms)":0,"(000ms-002ms)":0,"(002ms-005ms)":0,"(005ms-010ms)":0,"(010ms-020ms)":0,"(020ms-030ms)":0,"(030ms-050ms)":0,"(050ms-100ms)":0,"(100ms-Inf)":0},"scan_wait_duration":0,"since_last_snapshot":10325667,"snapshot_gen_latency_dist":{"(-Inf-00000ms)":0,"(00000ms-00002ms)":153,"(00002ms-00005ms)":0,"(00005ms-00010ms)":0,"(00010ms-00020ms)":0,"(00020ms-00030ms)":0,"(00030ms-00050ms)":0,"(00050ms-00100ms)":0,"(00100ms-01000ms)":0,"(01000ms-05000ms)":0,"(05000ms-10000ms)":0,"(10000ms-Inf)":0},"timings/dcp_getseqs":"0 0 0","total_scan_duration":0,"total_scan_request_duration":0}
2025-05-15T18:48:39.299+00:00 MAINT_STREAM_keyspace_doom-scrolling {"avg_dcp_snap_size":0,"flush_latency_dist":{"(-Inf-000ms)":0,"(000ms-002ms)":0,"(002ms-005ms)":0,"(005ms-010ms)":0,"(010ms-020ms)":0,"(020ms-030ms)":0,"(030ms-050ms)":0,"(050ms-100ms)":0,"(100ms-Inf)":0},"last_snapshot_done":0,"mutation_queue_size":0,"num_force_inmem_snap":0,"num_maint_docs_queued":0,"num_mutations_queued":0,"num_nonalign_ts":0,"num_rollbacks":0,"num_rollbacks_to_zero":0,"snapshot_latency_dist":{"(-Inf-00000ms)":0,"(00000ms-00002ms)":0,"(00002ms-00005ms)":0,"(00005ms-00010ms)":0,"(00010ms-00020ms)":0,"(00020ms-00030ms)":0,"(00030ms-00050ms)":0,"(00050ms-00100ms)":0,"(00100ms-01000ms)":0,"(01000ms-05000ms)":0,"(05000ms-10000ms)":0,"(10000ms-Inf)":0},"timings/dcp_coll_itemcount":"0 0 0","timings/dcp_getseqs":"10 69472917 2402937614561001","ts_queue_size":0}
2025-05-15T18:48:39.300+00:00 bucket_doom-scrolling {"disk_used":0}
2025-05-15T18:48:39.300+00:00 projlat {"MAINT_STREAM/172.19.0.4:8091/projector_latency":0,"MAINT_STREAM/db2.lan:8091/projector_latency":0,"MAINT_STREAM/db3.lan:8091/projector_latency":0}
2025-05-15T18:49:39.299+00:00 indexer {"cpu_utilization":3.1666666666666665,"memory_free":1198698496,"memory_total_storage":11288576,"memory_used":149500696,"num_cgo_call":6275,"timestamp":"1747334979298835879","timings/stats_response":"75 7326874 1936182212884","uptime":"2m2.091925222s"}
2025-05-15T18:49:39.303+00:00 index_doom-scrolling:_system:_query:#primary (replica 1):3424536778501100706 {"progress_stat_time":"1747334978301444587"}
2025-05-15T18:49:39.303+00:00 MAINT_STREAM_keyspace_doom-scrolling {"timings/dcp_getseqs":"22 101630001 2507501358207225"}
2025-05-15T18:49:39.303+00:00 bucket_doom-scrolling {}
2025-05-15T18:49:39.303+00:00 projlat {}
2025-05-15T18:50:39.300+00:00 indexer {"cpu_utilization":3.2332255591480283,"memory_free":1245368320,"memory_rss":154771456,"memory_used":153232152,"num_cgo_call":9173,"timestamp":"1747335039300067879","timings/stats_response":"111 11159711 2851272910529","uptime":"3m2.092439999s"}
2025-05-15T18:50:39.301+00:00 index_doom-scrolling:_system:_query:#primary (replica 1):3424536778501100706 {"progress_stat_time":"1747335035303204669"}
2025-05-15T18:50:39.301+00:00 MAINT_STREAM_keyspace_doom-scrolling {"timings/dcp_getseqs":"33 121895501 2552836981696115"}
2025-05-15T18:50:39.301+00:00 bucket_doom-scrolling {}
2025-05-15T18:50:39.301+00:00 projlat {}
2025-05-15T18:51:40.300+00:00 indexer {"cpu_utilization":3.133437781259375,"memory_free":1264857088,"memory_used":122628888,"num_cgo_call":12122,"timestamp":"1747335100300248963","timings/stats_response":"147 14423169 3379232962881","uptime":"4m3.092552735s"}
2025-05-15T18:51:40.300+00:00 index_doom-scrolling:_system:_query:#primary (replica 1):3424536778501100706 {"progress_stat_time":"1747335097300267003"}
2025-05-15T18:51:40.300+00:00 MAINT_STREAM_keyspace_doom-scrolling {"timings/dcp_getseqs":"45 162695499 2996106741296617"}
2025-05-15T18:51:40.301+00:00 bucket_doom-scrolling {}
2025-05-15T18:51:40.301+00:00 projlat {}
2025-05-15T18:52:41.300+00:00 indexer {"cpu_utilization":3.3666666666666667,"memory_free":1294721024,"memory_rss":123957248,"memory_total_storage":11423744,"memory_used":125107088,"num_cgo_call":15173,"num_goroutine":275,"timestamp":"1747335161300481297","timings/stats_response":"185 19120124 4670048284788","uptime":"5m4.092238221s"}
2025-05-15T18:52:41.301+00:00 index_doom-scrolling:_system:_query:#primary (replica 1):3424536778501100706 {"progress_stat_time":"1747335159301041046"}
2025-05-15T18:52:41.301+00:00 MAINT_STREAM_keyspace_doom-scrolling {"timings/dcp_getseqs":"57 191827416 3124402668996230"}
2025-05-15T18:52:41.301+00:00 bucket_doom-scrolling {}
2025-05-15T18:52:41.301+00:00 projlat {}
2025-05-15T18:53:42.300+00:00 indexer {"cpu_utilization":4.0998633378887375,"memory_free":1281437696,"memory_used":127106008,"num_cgo_call":18124,"timestamp":"1747335222299862714","timings/stats_response":"221 24300255 11929561838085","uptime":"6m5.091678041s"}
2025-05-15T18:53:42.301+00:00 index_doom-scrolling:_system:_query:#primary (replica 1):3424536778501100706 {"progress_stat_time":"1747335221301221922"}
2025-05-15T18:53:42.302+00:00 MAINT_STREAM_keyspace_doom-scrolling {"timings/dcp_getseqs":"69 217023582 3261080998324204"}
2025-05-15T18:53:42.302+00:00 bucket_doom-scrolling {}
2025-05-15T18:53:42.302+00:00 projlat {}
2025-05-15T18:54:43.300+00:00 indexer {"cpu_utilization":3.899740017332178,"memory_free":1266937856,"memory_used":129981400,"num_cgo_call":21068,"num_goroutine":277,"timestamp":"1747335283299770714","timings/stats_response":"257 27219048 12299382763688","uptime":"7m6.091352194s"}
2025-05-15T18:54:43.300+00:00 index_doom-scrolling:_system:_query:#primary (replica 1):3424536778501100706 {"progress_stat_time":"1747335277321723045"}
2025-05-15T18:54:43.300+00:00 MAINT_STREAM_keyspace_doom-scrolling {"timings/dcp_getseqs":"81 267700249 3830389917579873"}
2025-05-15T18:54:43.301+00:00 bucket_doom-scrolling {}
2025-05-15T18:54:43.301+00:00 projlat {}
2025-05-15T18:55:44.311+00:00 indexer {"cpu_utilization":3.7328356219170775,"memory_free":1384763392,"memory_used":123026392,"num_cgo_call":24028,"num_goroutine":275,"timestamp":"1747335344310927590","timings/stats_response":"293 30753381 12869396100249","uptime":"8m7.092587763s"}
2025-05-15T18:55:44.313+00:00 index_doom-scrolling:_system:_query:#primary (replica 1):3424536778501100706 {"progress_stat_time":"1747335339312482379"}
2025-05-15T18:55:44.313+00:00 MAINT_STREAM_keyspace_doom-scrolling {"timings/dcp_getseqs":"92 292005918 3936372252651264"}
2025-05-15T18:55:44.313+00:00 bucket_doom-scrolling {}
2025-05-15T18:55:44.313+00:00 projlat {}
2025-05-15T18:56:44.312+00:00 indexer {"cpu_utilization":3.7,"memory_free":1426391040,"memory_used":125363160,"num_cgo_call":26925,"timestamp":"1747335404312388423","timings/stats_response":"329 33677800 13222210037086","uptime":"9m7.092409791s"}
2025-05-15T18:56:44.313+00:00 index_doom-scrolling:_system:_query:#primary (replica 1):3424536778501100706 {"progress_stat_time":"1747335401313462005"}
2025-05-15T18:56:44.313+00:00 MAINT_STREAM_keyspace_doom-scrolling {"timings/dcp_getseqs":"104 310380502 3977848421790738"}
2025-05-15T18:56:44.313+00:00 bucket_doom-scrolling {}
2025-05-15T18:56:44.313+00:00 projlat {}
